TN:
SF:src/js/components/amortization-table.js
FN:17,(anonymous_0)
FN:39,(anonymous_1)
FN:52,(anonymous_2)
FN:79,(anonymous_3)
FN:83,(anonymous_4)
FN:93,(anonymous_5)
FN:119,(anonymous_6)
FN:140,(anonymous_7)
FN:152,(anonymous_8)
FN:155,(anonymous_9)
FN:167,(anonymous_10)
FN:224,(anonymous_11)
FN:239,(anonymous_12)
FN:252,(anonymous_13)
FN:278,(anonymous_14)
FN:293,(anonymous_15)
FN:306,(anonymous_16)
FN:337,(anonymous_17)
FN:356,(anonymous_18)
FN:379,(anonymous_19)
FN:402,(anonymous_20)
FN:422,(anonymous_21)
FN:433,(anonymous_22)
FN:452,(anonymous_23)
FN:459,(anonymous_24)
FN:501,(anonymous_25)
FN:510,(anonymous_26)
FN:531,(anonymous_27)
FN:536,(anonymous_28)
FN:559,(anonymous_29)
FN:575,(anonymous_30)
FN:589,(anonymous_31)
FNF:32
FNH:18
FNDA:14,(anonymous_0)
FNDA:14,(anonymous_1)
FNDA:14,(anonymous_2)
FNDA:0,(anonymous_3)
FNDA:0,(anonymous_4)
FNDA:0,(anonymous_5)
FNDA:0,(anonymous_6)
FNDA:0,(anonymous_7)
FNDA:0,(anonymous_8)
FNDA:0,(anonymous_9)
FNDA:3,(anonymous_10)
FNDA:3,(anonymous_11)
FNDA:18,(anonymous_12)
FNDA:0,(anonymous_13)
FNDA:3,(anonymous_14)
FNDA:34,(anonymous_15)
FNDA:204,(anonymous_16)
FNDA:3,(anonymous_17)
FNDA:0,(anonymous_18)
FNDA:0,(anonymous_19)
FNDA:0,(anonymous_20)
FNDA:0,(anonymous_21)
FNDA:0,(anonymous_22)
FNDA:6,(anonymous_23)
FNDA:754,(anonymous_24)
FNDA:5,(anonymous_25)
FNDA:10,(anonymous_26)
FNDA:3,(anonymous_27)
FNDA:34,(anonymous_28)
FNDA:34,(anonymous_29)
FNDA:0,(anonymous_30)
FNDA:1,(anonymous_31)
DA:18,14
DA:19,14
DA:26,14
DA:27,14
DA:28,14
DA:29,14
DA:30,14
DA:31,14
DA:33,14
DA:40,14
DA:41,0
DA:42,0
DA:46,14
DA:53,14
DA:54,14
DA:55,14
DA:75,14
DA:76,14
DA:78,14
DA:79,14
DA:82,14
DA:83,14
DA:87,14
DA:94,0
DA:96,0
DA:97,0
DA:98,0
DA:100,0
DA:102,0
DA:103,0
DA:106,0
DA:107,0
DA:111,0
DA:112,0
DA:120,0
DA:123,0
DA:124,0
DA:125,0
DA:128,0
DA:131,0
DA:132,0
DA:141,0
DA:143,0
DA:144,0
DA:147,0
DA:148,0
DA:152,0
DA:155,0
DA:156,0
DA:157,0
DA:158,0
DA:159,0
DA:168,3
DA:169,0
DA:173,3
DA:176,3
DA:179,3
DA:182,3
DA:185,3
DA:186,3
DA:189,3
DA:190,3
DA:193,3
DA:194,3
DA:197,3
DA:198,3
DA:201,3
DA:202,3
DA:203,3
DA:206,3
DA:207,3
DA:210,3
DA:211,3
DA:214,3
DA:217,3
DA:225,3
DA:226,3
DA:229,3
DA:239,3
DA:240,18
DA:241,18
DA:243,18
DA:244,18
DA:247,18
DA:248,3
DA:252,18
DA:254,0
DA:255,0
DA:257,0
DA:258,0
DA:262,0
DA:266,18
DA:269,3
DA:270,3
DA:279,3
DA:281,3
DA:282,0
DA:283,0
DA:284,0
DA:285,0
DA:286,0
DA:287,0
DA:288,0
DA:289,0
DA:293,3
DA:294,34
DA:297,34
DA:306,34
DA:307,204
DA:308,204
DA:311,204
DA:312,136
DA:316,204
DA:317,204
DA:319,204
DA:323,34
DA:324,34
DA:325,34
DA:327,34
DA:330,3
DA:338,3
DA:341,3
DA:344,3
DA:345,0
DA:349,3
DA:350,3
DA:353,3
DA:354,3
DA:355,3
DA:356,3
DA:357,0
DA:358,0
DA:359,0
DA:362,3
DA:365,3
DA:366,3
DA:367,3
DA:370,3
DA:371,1
DA:375,3
DA:376,0
DA:377,0
DA:378,0
DA:379,0
DA:380,0
DA:381,0
DA:383,0
DA:386,0
DA:387,0
DA:388,0
DA:389,0
DA:390,0
DA:395,3
DA:396,13
DA:397,13
DA:398,13
DA:399,3
DA:401,13
DA:402,13
DA:403,0
DA:404,0
DA:406,13
DA:410,3
DA:412,2
DA:413,2
DA:414,2
DA:415,2
DA:416,2
DA:419,2
DA:420,2
DA:421,2
DA:422,2
DA:423,0
DA:424,0
DA:426,2
DA:430,3
DA:431,3
DA:432,3
DA:433,3
DA:434,0
DA:435,0
DA:436,0
DA:439,3
DA:442,3
DA:453,6
DA:454,0
DA:457,6
DA:459,6
DA:464,754
DA:466,0
DA:467,0
DA:468,0
DA:474,754
DA:475,754
DA:476,754
DA:478,0
DA:479,0
DA:483,754
DA:484,6
DA:486,748
DA:487,748
DA:489,0
DA:492,6
DA:502,5
DA:503,0
DA:506,5
DA:507,3
DA:510,2
DA:512,10
DA:513,3
DA:517,7
DA:518,5
DA:519,5
DA:520,3
DA:524,4
DA:532,3
DA:535,3
DA:536,3
DA:537,34
DA:538,34
DA:540,34
DA:541,34
DA:542,34
DA:545,34
DA:546,0
DA:547,0
DA:551,34
DA:552,24
DA:553,24
DA:559,3
DA:560,34
DA:561,34
DA:562,34
DA:563,34
DA:564,2
DA:565,2
DA:577,0
DA:580,0
DA:583,0
DA:590,1
DA:591,1
DA:595,1
DA:598,1
LF:243
LH:162
BRDA:17,0,0,0
BRDA:18,1,0,14
BRDA:18,1,1,0
BRDA:26,2,0,14
BRDA:26,2,1,8
BRDA:40,3,0,0
BRDA:40,3,1,14
BRDA:78,4,0,14
BRDA:78,4,1,0
BRDA:82,5,0,14
BRDA:82,5,1,0
BRDA:94,6,0,0
BRDA:94,6,1,0
BRDA:97,7,0,0
BRDA:97,7,1,0
BRDA:98,8,0,0
BRDA:98,8,1,0
BRDA:102,9,0,0
BRDA:102,9,1,0
BRDA:106,10,0,0
BRDA:106,10,1,0
BRDA:106,11,0,0
BRDA:106,11,1,0
BRDA:111,12,0,0
BRDA:111,12,1,0
BRDA:120,13,0,0
BRDA:120,13,1,0
BRDA:131,14,0,0
BRDA:131,14,1,0
BRDA:141,15,0,0
BRDA:141,15,1,0
BRDA:144,16,0,0
BRDA:144,16,1,0
BRDA:168,17,0,0
BRDA:168,17,1,3
BRDA:168,18,0,3
BRDA:168,18,1,3
BRDA:173,19,0,3
BRDA:173,19,1,0
BRDA:243,20,0,18
BRDA:243,20,1,0
BRDA:247,21,0,3
BRDA:247,21,1,15
BRDA:248,22,0,3
BRDA:248,22,1,0
BRDA:254,23,0,0
BRDA:254,23,1,0
BRDA:255,24,0,0
BRDA:255,24,1,0
BRDA:281,25,0,0
BRDA:281,25,1,3
BRDA:281,26,0,3
BRDA:281,26,1,3
BRDA:311,27,0,136
BRDA:311,27,1,68
BRDA:338,28,0,0
BRDA:338,28,1,3
BRDA:344,29,0,0
BRDA:344,29,1,3
BRDA:357,30,0,0
BRDA:357,30,1,0
BRDA:370,31,0,1
BRDA:370,31,1,2
BRDA:375,32,0,0
BRDA:375,32,1,3
BRDA:386,33,0,0
BRDA:386,33,1,0
BRDA:398,34,0,3
BRDA:398,34,1,10
BRDA:410,35,0,2
BRDA:410,35,1,1
BRDA:412,36,0,2
BRDA:412,36,1,0
BRDA:434,37,0,0
BRDA:434,37,1,0
BRDA:453,38,0,0
BRDA:453,38,1,6
BRDA:453,39,0,6
BRDA:453,39,1,6
BRDA:453,39,2,6
BRDA:464,40,0,0
BRDA:464,40,1,750
BRDA:464,40,2,754
BRDA:464,40,3,754
BRDA:464,40,4,754
BRDA:464,40,5,754
BRDA:464,40,6,0
BRDA:483,41,0,6
BRDA:483,41,1,748
BRDA:484,42,0,4
BRDA:484,42,1,2
BRDA:486,43,0,748
BRDA:486,43,1,0
BRDA:487,44,0,746
BRDA:487,44,1,2
BRDA:502,45,0,0
BRDA:502,45,1,5
BRDA:502,46,0,5
BRDA:502,46,1,5
BRDA:502,46,2,5
BRDA:506,47,0,3
BRDA:506,47,1,2
BRDA:506,48,0,5
BRDA:506,48,1,5
BRDA:512,49,0,3
BRDA:512,49,1,7
BRDA:512,50,0,10
BRDA:512,50,1,5
BRDA:517,51,0,5
BRDA:517,51,1,2
BRDA:519,52,0,3
BRDA:519,52,1,2
BRDA:519,53,0,5
BRDA:519,53,1,3
BRDA:532,54,0,0
BRDA:532,54,1,3
BRDA:540,55,0,34
BRDA:540,55,1,0
BRDA:540,56,0,34
BRDA:540,56,1,34
BRDA:541,57,0,34
BRDA:541,57,1,0
BRDA:542,58,0,34
BRDA:542,58,1,0
BRDA:545,59,0,0
BRDA:545,59,1,34
BRDA:551,60,0,24
BRDA:551,60,1,10
BRDA:561,61,0,34
BRDA:561,61,1,0
BRDA:563,62,0,2
BRDA:563,62,1,32
BRDA:590,63,0,1
BRDA:590,63,1,0
BRF:134
BRH:76
end_of_record
TN:
SF:src/js/components/calculator-form.js
FN:15,(anonymous_0)
FN:17,(anonymous_1)
FN:46,(anonymous_2)
FN:60,(anonymous_3)
FN:69,(anonymous_4)
FN:85,(anonymous_5)
FN:89,(anonymous_6)
FN:102,(anonymous_7)
FN:248,(anonymous_8)
FN:330,(anonymous_9)
FN:338,(anonymous_10)
FN:346,(anonymous_11)
FN:352,(anonymous_12)
FN:367,(anonymous_13)
FN:368,(anonymous_14)
FN:386,(anonymous_15)
FN:387,(anonymous_16)
FN:428,(anonymous_17)
FN:434,(anonymous_18)
FN:440,(anonymous_19)
FN:450,(anonymous_20)
FN:519,(anonymous_21)
FN:550,(anonymous_22)
FN:558,(anonymous_23)
FN:574,(anonymous_24)
FN:590,(anonymous_25)
FN:626,(anonymous_26)
FN:639,(anonymous_27)
FN:649,(anonymous_28)
FN:674,(anonymous_29)
FN:684,(anonymous_30)
FN:712,(anonymous_31)
FN:729,(anonymous_32)
FN:750,(anonymous_33)
FNF:34
FNH:22
FNDA:23,(anonymous_0)
FNDA:0,(anonymous_1)
FNDA:8,(anonymous_2)
FNDA:8,(anonymous_3)
FNDA:0,(anonymous_4)
FNDA:8,(anonymous_5)
FNDA:264,(anonymous_6)
FNDA:32,(anonymous_7)
FNDA:24,(anonymous_8)
FNDA:8,(anonymous_9)
FNDA:2,(anonymous_10)
FNDA:0,(anonymous_11)
FNDA:2,(anonymous_12)
FNDA:24,(anonymous_13)
FNDA:0,(anonymous_14)
FNDA:112,(anonymous_15)
FNDA:10,(anonymous_16)
FNDA:40,(anonymous_17)
FNDA:0,(anonymous_18)
FNDA:9,(anonymous_19)
FNDA:2,(anonymous_20)
FNDA:142,(anonymous_21)
FNDA:22,(anonymous_22)
FNDA:308,(anonymous_23)
FNDA:22,(anonymous_24)
FNDA:0,(anonymous_25)
FNDA:0,(anonymous_26)
FNDA:22,(anonymous_27)
FNDA:308,(anonymous_28)
FNDA:0,(anonymous_29)
FNDA:0,(anonymous_30)
FNDA:0,(anonymous_31)
FNDA:0,(anonymous_32)
FNDA:0,(anonymous_33)
DA:16,23
DA:17,23
DA:18,23
DA:29,23
DA:30,23
DA:33,23
DA:36,8
DA:37,0
DA:41,8
DA:43,8
DA:47,8
DA:48,8
DA:51,8
DA:54,8
DA:61,8
DA:62,8
DA:64,8
DA:71,0
DA:72,0
DA:74,0
DA:75,0
DA:76,0
DA:79,0
DA:86,8
DA:89,264
DA:91,8
DA:103,32
DA:104,32
DA:105,32
DA:249,24
DA:250,24
DA:251,24
DA:327,8
DA:331,8
DA:334,8
DA:335,8
DA:338,8
DA:339,2
DA:340,2
DA:344,8
DA:345,8
DA:346,8
DA:350,8
DA:351,8
DA:352,8
DA:353,2
DA:354,2
DA:359,8
DA:360,8
DA:361,8
DA:362,8
DA:363,8
DA:366,8
DA:367,8
DA:368,24
DA:369,0
DA:370,0
DA:371,0
DA:373,0
DA:374,0
DA:375,0
DA:378,0
DA:379,0
DA:385,8
DA:386,8
DA:387,112
DA:388,10
DA:389,10
DA:391,10
DA:394,10
DA:395,2
DA:396,2
DA:398,2
DA:399,2
DA:400,2
DA:401,2
DA:404,2
DA:405,0
DA:406,0
DA:409,0
DA:410,0
DA:416,10
DA:421,8
DA:429,40
DA:430,40
DA:432,40
DA:434,40
DA:435,0
DA:436,0
DA:440,40
DA:441,9
DA:451,2
DA:453,2
DA:456,2
DA:457,2
DA:459,2
DA:460,2
DA:461,2
DA:462,2
DA:463,2
DA:466,2
DA:467,2
DA:468,2
DA:475,2
DA:476,2
DA:477,0
DA:478,0
DA:479,2
DA:480,0
DA:481,0
DA:486,2
DA:487,2
DA:489,2
DA:490,2
DA:491,2
DA:495,2
DA:496,2
DA:498,2
DA:499,2
DA:500,2
DA:504,2
DA:505,2
DA:506,2
DA:510,2
DA:520,142
DA:521,142
DA:523,142
DA:526,142
DA:527,142
DA:529,142
DA:530,142
DA:531,142
DA:532,142
DA:534,0
DA:535,0
DA:543,142
DA:551,22
DA:552,22
DA:554,22
DA:557,22
DA:558,22
DA:559,308
DA:560,308
DA:562,308
DA:563,132
DA:564,132
DA:568,22
DA:575,22
DA:578,22
DA:580,0
DA:581,0
DA:582,0
DA:585,0
DA:586,0
DA:587,0
DA:590,0
DA:591,0
DA:592,0
DA:596,0
DA:600,22
DA:601,22
DA:604,22
DA:605,22
DA:609,22
DA:610,22
DA:613,22
DA:616,22
DA:617,22
DA:618,22
DA:621,22
DA:622,22
DA:623,22
DA:626,22
DA:627,0
DA:628,0
DA:640,22
DA:641,22
DA:643,22
DA:648,22
DA:649,22
DA:650,308
DA:651,308
DA:654,308
DA:655,242
DA:659,308
DA:660,22
DA:663,308
DA:666,22
DA:667,22
DA:675,0
DA:681,0
DA:682,0
DA:684,0
DA:685,0
DA:686,0
DA:688,0
DA:690,0
DA:691,0
DA:692,0
DA:694,0
DA:699,0
DA:700,0
DA:705,0
DA:706,0
DA:713,0
DA:714,0
DA:717,0
DA:719,0
DA:730,0
DA:731,0
DA:732,0
DA:733,0
DA:734,0
DA:737,0
DA:740,0
DA:741,0
DA:751,0
DA:752,0
DA:753,0
DA:754,0
LF:220
LH:150
BRDA:15,0,0,0
BRDA:16,1,0,23
BRDA:16,1,1,0
BRDA:17,2,0,23
BRDA:17,2,1,0
BRDA:29,3,0,23
BRDA:29,3,1,23
BRDA:36,4,0,0
BRDA:36,4,1,8
BRDA:62,5,0,0
BRDA:62,5,1,8
BRDA:74,6,0,0
BRDA:74,6,1,0
BRDA:74,7,0,0
BRDA:74,7,1,0
BRDA:86,8,0,0
BRDA:86,8,1,8
BRDA:104,9,0,32
BRDA:104,9,1,0
BRDA:105,10,0,8
BRDA:105,10,1,24
BRDA:113,11,0,8
BRDA:113,11,1,8
BRDA:136,12,0,8
BRDA:136,12,1,8
BRDA:137,13,0,8
BRDA:137,13,1,8
BRDA:145,14,0,8
BRDA:145,14,1,8
BRDA:167,15,0,8
BRDA:167,15,1,8
BRDA:168,16,0,8
BRDA:168,16,1,8
BRDA:250,17,0,16
BRDA:250,17,1,8
BRDA:251,18,0,8
BRDA:251,18,1,16
BRDA:271,19,0,8
BRDA:271,19,1,8
BRDA:287,20,0,8
BRDA:287,20,1,0
BRDA:288,21,0,8
BRDA:288,21,1,0
BRDA:295,22,0,8
BRDA:295,22,1,0
BRDA:308,23,0,8
BRDA:308,23,1,0
BRDA:331,24,0,0
BRDA:331,24,1,8
BRDA:335,25,0,0
BRDA:335,25,1,8
BRDA:345,26,0,8
BRDA:345,26,1,0
BRDA:351,27,0,8
BRDA:351,27,1,0
BRDA:373,28,0,0
BRDA:373,28,1,0
BRDA:373,29,0,0
BRDA:373,29,1,0
BRDA:388,30,0,10
BRDA:388,30,1,0
BRDA:394,31,0,2
BRDA:394,31,1,8
BRDA:398,32,0,2
BRDA:398,32,1,0
BRDA:398,33,0,2
BRDA:398,33,1,2
BRDA:404,34,0,0
BRDA:404,34,1,2
BRDA:432,35,0,40
BRDA:432,35,1,0
BRDA:432,36,0,40
BRDA:432,36,1,40
BRDA:451,37,0,0
BRDA:451,37,1,2
BRDA:459,38,0,2
BRDA:459,38,1,0
BRDA:459,39,0,2
BRDA:459,39,1,2
BRDA:467,40,0,2
BRDA:467,40,1,0
BRDA:469,41,0,2
BRDA:469,41,1,2
BRDA:470,42,0,2
BRDA:470,42,1,2
BRDA:476,43,0,0
BRDA:476,43,1,2
BRDA:479,44,0,0
BRDA:479,44,1,2
BRDA:489,45,0,2
BRDA:489,45,1,0
BRDA:489,46,0,2
BRDA:489,46,1,2
BRDA:498,47,0,2
BRDA:498,47,1,0
BRDA:498,48,0,2
BRDA:498,48,1,2
BRDA:504,49,0,2
BRDA:504,49,1,0
BRDA:521,50,0,0
BRDA:521,50,1,142
BRDA:529,51,0,142
BRDA:529,51,1,0
BRDA:529,52,0,142
BRDA:529,52,1,142
BRDA:530,53,0,142
BRDA:530,53,1,0
BRDA:554,54,0,0
BRDA:554,54,1,22
BRDA:559,55,0,308
BRDA:559,55,1,110
BRDA:562,56,0,132
BRDA:562,56,1,176
BRDA:564,57,0,132
BRDA:564,57,1,132
BRDA:578,58,0,0
BRDA:578,58,1,22
BRDA:586,59,0,0
BRDA:586,59,1,0
BRDA:591,60,0,0
BRDA:591,60,1,0
BRDA:604,61,0,22
BRDA:604,61,1,0
BRDA:609,62,0,22
BRDA:609,62,1,0
BRDA:618,63,0,22
BRDA:618,63,1,0
BRDA:622,64,0,22
BRDA:622,64,1,0
BRDA:627,65,0,0
BRDA:627,65,1,0
BRDA:641,66,0,0
BRDA:641,66,1,22
BRDA:650,67,0,308
BRDA:650,67,1,110
BRDA:654,68,0,242
BRDA:654,68,1,66
BRDA:654,69,0,308
BRDA:654,69,1,176
BRDA:659,70,0,22
BRDA:659,70,1,286
BRDA:682,71,0,0
BRDA:682,71,1,0
BRDA:688,72,0,0
BRDA:688,72,1,0
BRDA:690,73,0,0
BRDA:690,73,1,0
BRDA:690,74,0,0
BRDA:690,74,1,0
BRDA:699,75,0,0
BRDA:699,75,1,0
BRDA:713,76,0,0
BRDA:713,76,1,0
BRDA:717,77,0,0
BRDA:717,77,1,0
BRDA:730,78,0,0
BRDA:730,78,1,0
BRDA:740,79,0,0
BRDA:740,79,1,0
BRDA:751,80,0,0
BRDA:751,80,1,0
BRF:161
BRH:90
end_of_record
TN:
SF:src/js/components/charts.js
FN:16,(anonymous_0)
FN:39,(anonymous_1)
FN:56,(anonymous_2)
FN:113,(anonymous_3)
FN:115,(anonymous_4)
FN:124,(anonymous_5)
FN:126,(anonymous_6)
FN:139,(anonymous_7)
FN:161,(anonymous_8)
FN:164,(anonymous_9)
FN:165,(anonymous_10)
FN:166,(anonymous_11)
FN:167,(anonymous_12)
FN:217,(anonymous_13)
FN:259,(anonymous_14)
FN:282,(anonymous_15)
FN:331,(anonymous_16)
FN:334,(anonymous_17)
FN:363,(anonymous_18)
FN:380,(anonymous_19)
FN:413,(anonymous_20)
FN:449,(anonymous_21)
FN:470,(anonymous_22)
FN:478,(anonymous_23)
FN:490,(anonymous_24)
FN:500,(anonymous_25)
FN:520,(anonymous_26)
FN:536,(anonymous_27)
FN:558,(anonymous_28)
FN:561,(anonymous_29)
FN:562,(anonymous_30)
FN:563,(anonymous_31)
FN:604,(anonymous_32)
FN:647,(anonymous_33)
FN:702,(anonymous_34)
FN:704,(anonymous_35)
FN:719,(anonymous_36)
FNF:37
FNH:28
FNDA:17,(anonymous_0)
FNDA:17,(anonymous_1)
FNDA:17,(anonymous_2)
FNDA:17,(anonymous_3)
FNDA:8,(anonymous_4)
FNDA:8,(anonymous_5)
FNDA:25,(anonymous_6)
FNDA:6,(anonymous_7)
FNDA:720,(anonymous_8)
FNDA:122,(anonymous_9)
FNDA:122,(anonymous_10)
FNDA:122,(anonymous_11)
FNDA:122,(anonymous_12)
FNDA:0,(anonymous_13)
FNDA:0,(anonymous_14)
FNDA:2,(anonymous_15)
FNDA:0,(anonymous_16)
FNDA:0,(anonymous_17)
FNDA:1,(anonymous_18)
FNDA:2,(anonymous_19)
FNDA:0,(anonymous_20)
FNDA:0,(anonymous_21)
FNDA:1,(anonymous_22)
FNDA:3,(anonymous_23)
FNDA:9,(anonymous_24)
FNDA:18,(anonymous_25)
FNDA:0,(anonymous_26)
FNDA:1,(anonymous_27)
FNDA:360,(anonymous_28)
FNDA:61,(anonymous_29)
FNDA:61,(anonymous_30)
FNDA:61,(anonymous_31)
FNDA:0,(anonymous_32)
FNDA:0,(anonymous_33)
FNDA:1,(anonymous_34)
FNDA:3,(anonymous_35)
FNDA:4,(anonymous_36)
DA:17,17
DA:18,17
DA:25,17
DA:31,17
DA:33,17
DA:40,17
DA:41,0
DA:42,0
DA:46,17
DA:49,17
DA:58,17
DA:59,17
DA:60,17
DA:61,17
DA:62,17
DA:67,17
DA:70,17
DA:71,17
DA:72,17
DA:73,17
DA:74,17
DA:79,17
DA:82,17
DA:83,17
DA:84,17
DA:85,17
DA:86,17
DA:87,17
DA:92,17
DA:95,17
DA:96,17
DA:97,17
DA:98,17
DA:99,17
DA:100,17
DA:105,17
DA:115,17
DA:116,8
DA:126,8
DA:127,25
DA:128,6
DA:140,6
DA:141,2
DA:144,4
DA:145,4
DA:148,4
DA:151,4
DA:152,4
DA:155,4
DA:156,4
DA:160,4
DA:161,720
DA:164,122
DA:165,122
DA:166,122
DA:167,122
DA:170,4
DA:171,0
DA:175,4
DA:218,0
DA:219,0
DA:220,0
DA:222,0
DA:223,0
DA:228,0
DA:260,0
DA:273,4
DA:283,2
DA:284,0
DA:287,2
DA:288,2
DA:291,2
DA:294,2
DA:295,2
DA:298,2
DA:299,2
DA:300,2
DA:303,2
DA:304,0
DA:308,2
DA:332,0
DA:333,0
DA:334,0
DA:335,0
DA:337,0
DA:356,2
DA:364,1
DA:365,0
DA:368,1
DA:369,1
DA:372,1
DA:375,1
DA:376,1
DA:379,1
DA:380,1
DA:381,2
DA:382,2
DA:383,2
DA:384,2
DA:386,2
DA:396,1
DA:397,0
DA:401,1
DA:414,0
DA:415,0
DA:416,0
DA:418,0
DA:419,0
DA:424,0
DA:450,0
DA:463,1
DA:471,1
DA:472,0
DA:475,1
DA:478,1
DA:479,3
DA:480,1
DA:491,9
DA:493,9
DA:494,9
DA:495,9
DA:498,9
DA:500,9
DA:501,18
DA:502,18
DA:504,18
DA:505,18
DA:507,18
DA:508,0
DA:514,9
DA:515,9
DA:519,9
DA:520,0
DA:521,0
DA:526,9
DA:537,1
DA:538,0
DA:541,1
DA:542,1
DA:545,1
DA:548,1
DA:549,1
DA:552,1
DA:553,1
DA:557,1
DA:558,360
DA:561,61
DA:562,61
DA:563,61
DA:566,1
DA:567,0
DA:571,1
DA:605,0
DA:606,0
DA:607,0
DA:609,0
DA:610,0
DA:615,0
DA:648,0
DA:661,1
DA:664,1
DA:665,1
DA:666,1
DA:667,1
DA:668,1
DA:669,1
DA:671,1
DA:704,1
DA:705,3
DA:706,2
DA:707,2
DA:712,1
DA:719,1
DA:720,4
DA:721,4
DA:722,4
LF:176
LH:137
BRDA:16,0,0,0
BRDA:17,1,0,17
BRDA:17,1,1,0
BRDA:18,2,0,17
BRDA:18,2,1,17
BRDA:40,3,0,0
BRDA:40,3,1,17
BRDA:58,4,0,17
BRDA:58,4,1,0
BRDA:70,5,0,17
BRDA:70,5,1,0
BRDA:82,6,0,17
BRDA:82,6,1,0
BRDA:95,7,0,17
BRDA:95,7,1,0
BRDA:127,8,0,6
BRDA:127,8,1,19
BRDA:140,9,0,2
BRDA:140,9,1,4
BRDA:140,10,0,6
BRDA:140,10,1,6
BRDA:140,10,2,5
BRDA:140,10,3,5
BRDA:145,11,0,0
BRDA:145,11,1,4
BRDA:152,12,0,0
BRDA:152,12,1,4
BRDA:161,13,0,720
BRDA:161,13,1,600
BRDA:170,14,0,0
BRDA:170,14,1,4
BRDA:218,15,0,0
BRDA:218,15,1,0
BRDA:219,16,0,0
BRDA:219,16,1,0
BRDA:222,17,0,0
BRDA:222,17,1,0
BRDA:283,18,0,0
BRDA:283,18,1,2
BRDA:283,19,0,2
BRDA:283,19,1,2
BRDA:283,19,2,2
BRDA:283,19,3,2
BRDA:288,20,0,0
BRDA:288,20,1,2
BRDA:295,21,0,0
BRDA:295,21,1,2
BRDA:303,22,0,0
BRDA:303,22,1,2
BRDA:319,23,0,0
BRDA:319,23,1,2
BRDA:320,24,0,0
BRDA:320,24,1,2
BRDA:332,25,0,0
BRDA:332,25,1,0
BRDA:364,26,0,0
BRDA:364,26,1,1
BRDA:364,27,0,1
BRDA:364,27,1,1
BRDA:364,27,2,1
BRDA:369,28,0,0
BRDA:369,28,1,1
BRDA:376,29,0,0
BRDA:376,29,1,1
BRDA:383,30,0,2
BRDA:383,30,1,0
BRDA:384,31,0,2
BRDA:384,31,1,0
BRDA:387,32,0,2
BRDA:387,32,1,0
BRDA:390,33,0,0
BRDA:390,33,1,2
BRDA:396,34,0,0
BRDA:396,34,1,1
BRDA:414,35,0,0
BRDA:414,35,1,0
BRDA:415,36,0,0
BRDA:415,36,1,0
BRDA:418,37,0,0
BRDA:418,37,1,0
BRDA:471,38,0,0
BRDA:471,38,1,1
BRDA:471,39,0,1
BRDA:471,39,1,1
BRDA:479,40,0,1
BRDA:479,40,1,2
BRDA:491,41,0,0
BRDA:491,41,1,9
BRDA:494,42,0,1
BRDA:494,42,1,8
BRDA:495,43,0,1
BRDA:495,43,1,8
BRDA:498,44,0,9
BRDA:498,44,1,0
BRDA:501,45,0,18
BRDA:501,45,1,0
BRDA:504,46,0,18
BRDA:504,46,1,0
BRDA:507,47,0,0
BRDA:507,47,1,18
BRDA:514,48,0,9
BRDA:514,48,1,0
BRDA:514,49,0,9
BRDA:514,49,1,9
BRDA:519,50,0,0
BRDA:519,50,1,9
BRDA:519,51,0,9
BRDA:519,51,1,9
BRDA:521,52,0,0
BRDA:521,52,1,0
BRDA:537,53,0,0
BRDA:537,53,1,1
BRDA:537,54,0,1
BRDA:537,54,1,1
BRDA:537,54,2,1
BRDA:537,54,3,1
BRDA:537,54,4,1
BRDA:542,55,0,0
BRDA:542,55,1,1
BRDA:549,56,0,0
BRDA:549,56,1,1
BRDA:558,57,0,360
BRDA:558,57,1,300
BRDA:566,58,0,0
BRDA:566,58,1,1
BRDA:605,59,0,0
BRDA:605,59,1,0
BRDA:606,60,0,0
BRDA:606,60,1,0
BRDA:609,61,0,0
BRDA:609,61,1,0
BRDA:665,62,0,1
BRDA:665,62,1,0
BRDA:705,63,0,2
BRDA:705,63,1,1
BRDA:721,64,0,4
BRDA:721,64,1,0
BRF:137
BRH:77
end_of_record
TN:
SF:src/js/components/comparison-view.js
FN:7,(anonymous_0)
FN:15,(anonymous_1)
FN:20,(anonymous_2)
FN:24,(anonymous_3)
FN:28,(anonymous_4)
FN:32,(anonymous_5)
FNF:6
FNH:0
FNDA:0,(anonymous_0)
FNDA:0,(anonymous_1)
FNDA:0,(anonymous_2)
FNDA:0,(anonymous_3)
FNDA:0,(anonymous_4)
FNDA:0,(anonymous_5)
DA:8,0
DA:9,0
DA:10,0
DA:12,0
DA:17,0
LF:5
LH:0
BRDA:7,0,0,0
BRDA:8,1,0,0
BRDA:8,1,1,0
BRDA:9,2,0,0
BRDA:9,2,1,0
BRDA:10,3,0,0
BRDA:10,3,1,0
BRF:7
BRH:0
end_of_record
TN:
SF:src/js/components/financial-glossary.js
FN:11,(anonymous_0)
FN:23,(anonymous_1)
FN:31,(anonymous_2)
FN:35,(anonymous_3)
FN:77,(anonymous_4)
FN:79,(anonymous_5)
FN:83,(anonymous_6)
FN:88,(anonymous_7)
FN:91,(anonymous_8)
FN:106,(anonymous_9)
FN:111,(anonymous_10)
FN:129,(anonymous_11)
FN:135,(anonymous_12)
FN:141,(anonymous_13)
FN:147,(anonymous_14)
FN:153,(anonymous_15)
FN:161,(anonymous_16)
FN:177,(anonymous_17)
FN:188,(anonymous_18)
FN:200,(anonymous_19)
FN:213,(anonymous_20)
FN:236,(anonymous_21)
FN:242,(anonymous_22)
FN:243,(anonymous_23)
FN:256,(anonymous_24)
FN:269,(anonymous_25)
FNF:26
FNH:0
FNDA:0,(anonymous_0)
FNDA:0,(anonymous_1)
FNDA:0,(anonymous_2)
FNDA:0,(anonymous_3)
FNDA:0,(anonymous_4)
FNDA:0,(anonymous_5)
FNDA:0,(anonymous_6)
FNDA:0,(anonymous_7)
FNDA:0,(anonymous_8)
FNDA:0,(anonymous_9)
FNDA:0,(anonymous_10)
FNDA:0,(anonymous_11)
FNDA:0,(anonymous_12)
FNDA:0,(anonymous_13)
FNDA:0,(anonymous_14)
FNDA:0,(anonymous_15)
FNDA:0,(anonymous_16)
FNDA:0,(anonymous_17)
FNDA:0,(anonymous_18)
FNDA:0,(anonymous_19)
FNDA:0,(anonymous_20)
FNDA:0,(anonymous_21)
FNDA:0,(anonymous_22)
FNDA:0,(anonymous_23)
FNDA:0,(anonymous_24)
FNDA:0,(anonymous_25)
DA:12,0
DA:13,0
DA:14,0
DA:15,0
DA:17,0
DA:24,0
DA:25,0
DA:32,0
DA:35,0
DA:38,0
DA:46,0
DA:70,0
DA:79,0
DA:82,0
DA:83,0
DA:88,0
DA:91,0
DA:92,0
DA:93,0
DA:94,0
DA:96,0
DA:97,0
DA:101,0
DA:103,0
DA:104,0
DA:106,0
DA:107,0
DA:111,0
DA:123,0
DA:130,0
DA:133,0
DA:134,0
DA:135,0
DA:139,0
DA:140,0
DA:141,0
DA:145,0
DA:146,0
DA:147,0
DA:151,0
DA:152,0
DA:153,0
DA:154,0
DA:155,0
DA:161,0
DA:162,0
DA:163,0
DA:168,0
DA:169,0
DA:170,0
DA:178,0
DA:179,0
DA:181,0
DA:189,0
DA:190,0
DA:192,0
DA:193,0
DA:194,0
DA:195,0
DA:198,0
DA:199,0
DA:200,0
DA:203,0
DA:206,0
DA:214,0
DA:215,0
DA:217,0
DA:218,0
DA:219,0
DA:220,0
DA:223,0
DA:225,0
DA:228,0
DA:237,0
DA:238,0
DA:239,0
DA:242,0
DA:243,0
DA:246,0
DA:257,0
DA:258,0
DA:259,0
DA:260,0
DA:261,0
DA:271,0
LF:85
LH:0
BRDA:11,0,0,0
BRDA:12,1,0,0
BRDA:12,1,1,0
BRDA:13,2,0,0
BRDA:13,2,1,0
BRDA:32,3,0,0
BRDA:32,3,1,0
BRDA:77,4,0,0
BRDA:82,5,0,0
BRDA:82,5,1,0
BRDA:83,6,0,0
BRDA:83,6,1,0
BRDA:93,7,0,0
BRDA:93,7,1,0
BRDA:103,8,0,0
BRDA:103,8,1,0
BRDA:130,9,0,0
BRDA:130,9,1,0
BRDA:134,10,0,0
BRDA:134,10,1,0
BRDA:140,11,0,0
BRDA:140,11,1,0
BRDA:146,12,0,0
BRDA:146,12,1,0
BRDA:152,13,0,0
BRDA:152,13,1,0
BRDA:154,14,0,0
BRDA:154,14,1,0
BRDA:162,15,0,0
BRDA:162,15,1,0
BRDA:162,16,0,0
BRDA:162,16,1,0
BRDA:169,17,0,0
BRDA:169,17,1,0
BRDA:178,18,0,0
BRDA:178,18,1,0
BRDA:192,19,0,0
BRDA:192,19,1,0
BRDA:192,20,0,0
BRDA:192,20,1,0
BRDA:199,21,0,0
BRDA:199,21,1,0
BRDA:217,22,0,0
BRDA:217,22,1,0
BRDA:217,23,0,0
BRDA:217,23,1,0
BRDA:238,24,0,0
BRDA:238,24,1,0
BRDA:243,25,0,0
BRDA:243,25,1,0
BRDA:257,26,0,0
BRDA:257,26,1,0
BRF:52
BRH:0
end_of_record
TN:
SF:src/js/components/guidance-manager.js
FN:11,(anonymous_0)
FN:23,(anonymous_1)
FN:34,(anonymous_2)
FN:38,(anonymous_3)
FN:59,(anonymous_4)
FN:65,(anonymous_5)
FN:71,(anonymous_6)
FN:81,(anonymous_7)
FN:99,(anonymous_8)
FN:100,(anonymous_9)
FN:104,(anonymous_10)
FN:136,(anonymous_11)
FN:137,(anonymous_12)
FN:141,(anonymous_13)
FN:170,(anonymous_14)
FN:171,(anonymous_15)
FN:238,(anonymous_16)
FN:251,(anonymous_17)
FN:252,(anonymous_18)
FN:303,(anonymous_19)
FN:321,(anonymous_20)
FNF:21
FNH:0
FNDA:0,(anonymous_0)
FNDA:0,(anonymous_1)
FNDA:0,(anonymous_2)
FNDA:0,(anonymous_3)
FNDA:0,(anonymous_4)
FNDA:0,(anonymous_5)
FNDA:0,(anonymous_6)
FNDA:0,(anonymous_7)
FNDA:0,(anonymous_8)
FNDA:0,(anonymous_9)
FNDA:0,(anonymous_10)
FNDA:0,(anonymous_11)
FNDA:0,(anonymous_12)
FNDA:0,(anonymous_13)
FNDA:0,(anonymous_14)
FNDA:0,(anonymous_15)
FNDA:0,(anonymous_16)
FNDA:0,(anonymous_17)
FNDA:0,(anonymous_18)
FNDA:0,(anonymous_19)
FNDA:0,(anonymous_20)
DA:12,0
DA:13,0
DA:14,0
DA:15,0
DA:17,0
DA:24,0
DA:25,0
DA:28,0
DA:35,0
DA:38,0
DA:40,0
DA:53,0
DA:60,0
DA:63,0
DA:64,0
DA:65,0
DA:69,0
DA:70,0
DA:71,0
DA:75,0
DA:83,0
DA:86,0
DA:87,0
DA:91,0
DA:92,0
DA:100,0
DA:101,0
DA:104,0
DA:105,0
DA:106,0
DA:108,0
DA:109,0
DA:110,0
DA:111,0
DA:112,0
DA:113,0
DA:114,0
DA:120,0
DA:121,0
DA:122,0
DA:123,0
DA:124,0
DA:125,0
DA:126,0
DA:127,0
DA:130,0
DA:137,0
DA:138,0
DA:141,0
DA:142,0
DA:143,0
DA:145,0
DA:146,0
DA:147,0
DA:148,0
DA:149,0
DA:150,0
DA:151,0
DA:157,0
DA:158,0
DA:159,0
DA:160,0
DA:161,0
DA:164,0
DA:171,0
DA:174,0
DA:238,0
DA:240,0
DA:252,0
DA:255,0
DA:290,0
DA:305,0
DA:307,0
DA:308,0
DA:309,0
DA:310,0
DA:314,0
DA:322,0
DA:323,0
DA:324,0
DA:325,0
DA:326,0
LF:82
LH:0
BRDA:11,0,0,0
BRDA:12,1,0,0
BRDA:12,1,1,0
BRDA:13,2,0,0
BRDA:13,2,1,0
BRDA:35,3,0,0
BRDA:35,3,1,0
BRDA:60,4,0,0
BRDA:60,4,1,0
BRDA:64,5,0,0
BRDA:64,5,1,0
BRDA:70,6,0,0
BRDA:70,6,1,0
BRDA:86,7,0,0
BRDA:86,7,1,0
BRDA:86,8,0,0
BRDA:86,8,1,0
BRDA:91,9,0,0
BRDA:91,9,1,0
BRDA:91,10,0,0
BRDA:91,10,1,0
BRDA:104,11,0,0
BRDA:106,12,0,0
BRDA:106,12,1,0
BRDA:108,13,0,0
BRDA:108,13,1,0
BRDA:141,14,0,0
BRDA:143,15,0,0
BRDA:143,15,1,0
BRDA:145,16,0,0
BRDA:145,16,1,0
BRDA:307,17,0,0
BRDA:307,17,1,0
BRDA:322,18,0,0
BRDA:322,18,1,0
BRF:35
BRH:0
end_of_record
TN:
SF:src/js/components/market-rates.js
FN:12,(anonymous_0)
FN:17,(anonymous_1)
FN:57,(anonymous_2)
FN:65,(anonymous_3)
FN:69,(anonymous_4)
FN:140,(anonymous_5)
FN:146,(anonymous_6)
FN:158,(anonymous_7)
FN:175,(anonymous_8)
FN:192,(anonymous_9)
FN:194,(anonymous_10)
FN:208,(anonymous_11)
FN:220,(anonymous_12)
FN:232,(anonymous_13)
FNF:14
FNH:11
FNDA:8,(anonymous_0)
FNDA:0,(anonymous_1)
FNDA:8,(anonymous_2)
FNDA:11,(anonymous_3)
FNDA:88,(anonymous_4)
FNDA:11,(anonymous_5)
FNDA:0,(anonymous_6)
FNDA:11,(anonymous_7)
FNDA:22,(anonymous_8)
FNDA:11,(anonymous_9)
FNDA:11,(anonymous_10)
FNDA:2,(anonymous_11)
FNDA:24,(anonymous_12)
FNDA:0,(anonymous_13)
DA:13,8
DA:14,8
DA:15,8
DA:16,8
DA:17,8
DA:20,8
DA:51,8
DA:58,8
DA:59,8
DA:66,11
DA:69,88
DA:72,11
DA:75,11
DA:76,11
DA:83,11
DA:86,11
DA:134,11
DA:141,11
DA:144,11
DA:145,11
DA:146,11
DA:147,0
DA:148,0
DA:159,11
DA:161,2
DA:163,0
DA:165,9
DA:176,22
DA:178,22
DA:179,0
DA:180,22
DA:181,22
DA:183,0
DA:193,11
DA:194,11
DA:196,11
DA:197,0
DA:198,11
DA:199,11
DA:201,0
DA:209,2
DA:210,1
DA:211,1
DA:212,1
DA:221,24
DA:222,2
DA:223,2
DA:224,2
DA:233,0
DA:234,0
DA:235,0
DA:236,0
LF:52
LH:41
BRDA:12,0,0,0
BRDA:13,1,0,8
BRDA:13,1,1,0
BRDA:14,2,0,8
BRDA:14,2,1,0
BRDA:15,3,0,8
BRDA:15,3,1,0
BRDA:16,4,0,8
BRDA:16,4,1,0
BRDA:17,5,0,8
BRDA:17,5,1,0
BRDA:66,6,0,0
BRDA:66,6,1,11
BRDA:72,7,0,11
BRDA:72,7,1,0
BRDA:141,8,0,0
BRDA:141,8,1,11
BRDA:145,9,0,11
BRDA:145,9,1,0
BRDA:147,10,0,0
BRDA:147,10,1,0
BRDA:159,11,0,2
BRDA:159,11,1,0
BRDA:159,11,2,9
BRDA:178,12,0,0
BRDA:178,12,1,22
BRDA:180,13,0,22
BRDA:180,13,1,0
BRDA:196,14,0,0
BRDA:196,14,1,11
BRDA:198,15,0,11
BRDA:198,15,1,0
BRDA:209,16,0,1
BRDA:209,16,1,1
BRDA:209,17,0,2
BRDA:209,17,1,2
BRDA:221,18,0,2
BRDA:221,18,1,22
BRDA:233,19,0,0
BRDA:233,19,1,0
BRF:40
BRH:21
end_of_record
TN:
SF:src/js/components/results-display.js
FN:17,(anonymous_0)
FN:41,(anonymous_1)
FN:78,(anonymous_2)
FN:83,(anonymous_3)
FN:94,(anonymous_4)
FN:109,(anonymous_5)
FN:176,(anonymous_6)
FN:197,(anonymous_7)
FN:299,(anonymous_8)
FN:323,(anonymous_9)
FN:374,(anonymous_10)
FN:401,(anonymous_11)
FN:411,(anonymous_12)
FNF:13
FNH:5
FNDA:22,(anonymous_0)
FNDA:22,(anonymous_1)
FNDA:22,(anonymous_2)
FNDA:0,(anonymous_3)
FNDA:0,(anonymous_4)
FNDA:34,(anonymous_5)
FNDA:0,(anonymous_6)
FNDA:14,(anonymous_7)
FNDA:0,(anonymous_8)
FNDA:0,(anonymous_9)
FNDA:0,(anonymous_10)
FNDA:0,(anonymous_11)
FNDA:0,(anonymous_12)
DA:19,22
DA:23,22
DA:33,22
DA:35,22
DA:42,22
DA:43,0
DA:44,0
DA:48,22
DA:66,22
DA:71,22
DA:79,22
DA:80,22
DA:82,22
DA:83,22
DA:85,0
DA:86,0
DA:88,0
DA:93,22
DA:94,22
DA:96,0
DA:110,34
DA:111,0
DA:116,34
DA:119,34
DA:120,34
DA:123,34
DA:142,14
DA:151,14
DA:152,0
DA:155,0
DA:157,0
DA:160,0
DA:163,0
DA:166,0
DA:168,0
DA:176,0
DA:177,0
DA:178,0
DA:183,0
DA:184,0
DA:190,0
DA:198,14
DA:199,14
DA:202,14
DA:214,0
DA:215,0
DA:216,0
DA:223,0
DA:241,0
DA:247,0
DA:250,0
DA:288,0
DA:291,0
DA:300,0
DA:301,0
DA:304,0
DA:307,0
DA:308,0
DA:309,0
DA:310,0
DA:311,0
DA:312,0
DA:314,0
DA:315,0
DA:324,0
DA:325,0
DA:328,0
DA:337,0
DA:338,0
DA:341,0
DA:368,0
DA:375,0
DA:377,0
DA:378,0
DA:380,0
DA:381,0
DA:384,0
DA:385,0
DA:389,0
DA:390,0
DA:394,0
DA:402,0
DA:412,0
LF:83
LH:24
BRDA:17,0,0,0
BRDA:19,1,0,22
BRDA:19,1,1,0
BRDA:19,1,2,0
BRDA:20,2,0,0
BRDA:20,2,1,0
BRDA:33,3,0,22
BRDA:33,3,1,22
BRDA:42,4,0,0
BRDA:42,4,1,22
BRDA:82,5,0,22
BRDA:82,5,1,0
BRDA:85,6,0,0
BRDA:85,6,1,0
BRDA:85,7,0,0
BRDA:85,7,1,0
BRDA:85,7,2,0
BRDA:93,8,0,22
BRDA:93,8,1,0
BRDA:110,9,0,0
BRDA:110,9,1,34
BRDA:110,10,0,34
BRDA:110,10,1,34
BRDA:110,10,2,34
BRDA:126,11,0,31
BRDA:126,11,1,3
BRDA:127,12,0,31
BRDA:127,12,1,3
BRDA:131,13,0,31
BRDA:131,13,1,3
BRDA:134,14,0,24
BRDA:134,14,1,10
BRDA:155,15,0,0
BRDA:155,15,1,0
BRDA:155,16,0,0
BRDA:155,16,1,0
BRDA:166,17,0,0
BRDA:166,17,1,0
BRDA:166,18,0,0
BRDA:166,18,1,0
BRDA:170,19,0,0
BRDA:170,19,1,0
BRDA:177,20,0,0
BRDA:177,20,1,0
BRDA:183,21,0,0
BRDA:183,21,1,0
BRDA:199,22,0,0
BRDA:199,22,1,14
BRDA:215,23,0,0
BRDA:215,23,1,0
BRDA:215,24,0,0
BRDA:215,24,1,0
BRDA:247,25,0,0
BRDA:247,25,1,0
BRDA:301,26,0,0
BRDA:301,26,1,0
BRDA:307,27,0,0
BRDA:307,27,1,0
BRDA:310,28,0,0
BRDA:310,28,1,0
BRDA:325,29,0,0
BRDA:325,29,1,0
BRDA:375,30,0,0
BRDA:375,30,1,0
BRDA:380,31,0,0
BRDA:380,31,1,0
BRDA:384,32,0,0
BRDA:384,32,1,0
BRDA:389,33,0,0
BRDA:389,33,1,0
BRDA:411,34,0,0
BRF:71
BRH:19
end_of_record
TN:
SF:src/js/components/saved-calculations-manager.js
FN:18,(anonymous_0)
FN:21,(anonymous_1)
FN:22,(anonymous_2)
FN:35,(anonymous_3)
FN:50,(anonymous_4)
FN:97,(anonymous_5)
FN:101,(anonymous_6)
FN:107,(anonymous_7)
FN:113,(anonymous_8)
FN:120,(anonymous_9)
FN:135,(anonymous_10)
FN:149,(anonymous_11)
FN:201,(anonymous_12)
FN:204,(anonymous_13)
FN:207,(anonymous_14)
FN:222,(anonymous_15)
FN:233,(anonymous_16)
FN:247,(anonymous_17)
FN:271,(anonymous_18)
FN:284,(anonymous_19)
FN:289,(anonymous_20)
FN:302,(anonymous_21)
FN:315,(anonymous_22)
FN:338,(anonymous_23)
FN:349,(anonymous_24)
FN:364,(anonymous_25)
FN:372,(anonymous_26)
FN:373,(anonymous_27)
FN:374,(anonymous_28)
FN:375,(anonymous_29)
FN:376,(anonymous_30)
FN:377,(anonymous_31)
FN:378,(anonymous_32)
FN:381,(anonymous_33)
FN:385,(anonymous_34)
FN:439,(anonymous_35)
FNF:36
FNH:32
FNDA:10,(anonymous_0)
FNDA:0,(anonymous_1)
FNDA:0,(anonymous_2)
FNDA:10,(anonymous_3)
FNDA:10,(anonymous_4)
FNDA:10,(anonymous_5)
FNDA:1,(anonymous_6)
FNDA:1,(anonymous_7)
FNDA:1,(anonymous_8)
FNDA:11,(anonymous_9)
FNDA:22,(anonymous_10)
FNDA:22,(anonymous_11)
FNDA:1,(anonymous_12)
FNDA:1,(anonymous_13)
FNDA:3,(anonymous_14)
FNDA:1,(anonymous_15)
FNDA:1,(anonymous_16)
FNDA:2,(anonymous_17)
FNDA:1,(anonymous_18)
FNDA:1,(anonymous_19)
FNDA:0,(anonymous_20)
FNDA:20,(anonymous_21)
FNDA:1,(anonymous_22)
FNDA:1,(anonymous_23)
FNDA:1,(anonymous_24)
FNDA:2,(anonymous_25)
FNDA:2,(anonymous_26)
FNDA:2,(anonymous_27)
FNDA:2,(anonymous_28)
FNDA:2,(anonymous_29)
FNDA:2,(anonymous_30)
FNDA:2,(anonymous_31)
FNDA:2,(anonymous_32)
FNDA:7,(anonymous_33)
FNDA:14,(anonymous_34)
FNDA:0,(anonymous_35)
DA:19,10
DA:20,10
DA:21,10
DA:22,10
DA:24,10
DA:25,10
DA:26,10
DA:27,10
DA:29,10
DA:37,10
DA:38,10
DA:39,0
DA:40,0
DA:43,10
DA:44,10
DA:52,10
DA:55,10
DA:81,10
DA:84,10
DA:85,10
DA:86,10
DA:87,10
DA:88,10
DA:91,10
DA:99,10
DA:100,10
DA:101,10
DA:105,10
DA:106,10
DA:107,10
DA:111,10
DA:112,10
DA:113,10
DA:121,11
DA:123,11
DA:125,0
DA:128,0
DA:132,11
DA:135,11
DA:136,22
DA:137,22
DA:141,11
DA:150,22
DA:153,22
DA:158,22
DA:159,22
DA:160,22
DA:162,22
DA:200,22
DA:201,22
DA:203,22
DA:204,22
DA:206,22
DA:207,22
DA:208,3
DA:209,2
DA:211,1
DA:215,22
DA:223,1
DA:224,1
DA:225,1
DA:234,1
DA:235,1
DA:236,1
DA:237,1
DA:248,2
DA:250,2
DA:252,0
DA:253,0
DA:255,0
DA:256,0
DA:260,2
DA:263,2
DA:272,1
DA:275,1
DA:278,1
DA:285,1
DA:288,1
DA:289,1
DA:290,0
DA:291,0
DA:292,0
DA:296,1
DA:303,20
DA:306,20
DA:309,20
DA:316,1
DA:318,1
DA:319,0
DA:320,0
DA:324,1
DA:325,1
DA:326,1
DA:329,1
DA:332,1
DA:340,1
DA:341,1
DA:342,1
DA:350,1
DA:353,1
DA:359,1
DA:364,2
DA:371,1
DA:372,2
DA:373,2
DA:374,2
DA:375,2
DA:376,2
DA:377,2
DA:378,2
DA:381,1
DA:382,7
DA:385,14
DA:391,1
DA:392,1
DA:399,1
DA:400,1
DA:401,1
DA:403,1
DA:404,1
DA:428,1
DA:433,1
DA:440,0
LF:123
LH:109
BRDA:18,0,0,0
BRDA:19,1,0,10
BRDA:19,1,1,0
BRDA:20,2,0,10
BRDA:20,2,1,0
BRDA:21,3,0,10
BRDA:21,3,1,0
BRDA:22,4,0,10
BRDA:22,4,1,0
BRDA:38,5,0,0
BRDA:38,5,1,10
BRDA:100,6,0,10
BRDA:100,6,1,0
BRDA:106,7,0,10
BRDA:106,7,1,0
BRDA:112,8,0,10
BRDA:112,8,1,0
BRDA:123,9,0,0
BRDA:123,9,1,11
BRDA:159,10,0,0
BRDA:159,10,1,22
BRDA:164,11,0,22
BRDA:164,11,1,0
BRDA:193,12,0,0
BRDA:193,12,1,22
BRDA:208,13,0,2
BRDA:208,13,1,1
BRDA:224,14,0,1
BRDA:224,14,1,0
BRDA:234,15,0,1
BRDA:234,15,1,0
BRDA:236,16,0,1
BRDA:236,16,1,0
BRDA:250,17,0,0
BRDA:250,17,1,2
BRDA:318,18,0,0
BRDA:318,18,1,1
BRDA:364,19,0,2
BRDA:364,19,1,0
BRDA:391,20,0,1
BRDA:391,20,1,0
BRDA:394,21,0,1
BRDA:394,21,1,0
BRDA:403,22,0,1
BRDA:403,22,1,0
BRDA:408,23,0,1
BRDA:408,23,1,0
BRDA:414,24,0,1
BRDA:414,24,1,0
BRDA:420,25,0,1
BRDA:420,25,1,0
BRF:51
BRH:26
end_of_record
TN:
SF:src/js/components/settings-panel.js
FN:16,(anonymous_0)
FN:21,(anonymous_1)
FN:22,(anonymous_2)
FN:23,(anonymous_3)
FN:58,(anonymous_4)
FN:74,(anonymous_5)
FN:127,(anonymous_6)
FN:135,(anonymous_7)
FN:148,(anonymous_8)
FN:185,(anonymous_9)
FN:200,(anonymous_10)
FN:212,(anonymous_11)
FN:223,(anonymous_12)
FN:237,(anonymous_13)
FN:249,(anonymous_14)
FN:260,(anonymous_15)
FN:274,(anonymous_16)
FN:293,(anonymous_17)
FN:311,(anonymous_18)
FN:323,(anonymous_19)
FN:331,(anonymous_20)
FNF:21
FNH:14
FNDA:11,(anonymous_0)
FNDA:0,(anonymous_1)
FNDA:0,(anonymous_2)
FNDA:0,(anonymous_3)
FNDA:11,(anonymous_4)
FNDA:11,(anonymous_5)
FNDA:2,(anonymous_6)
FNDA:6,(anonymous_7)
FNDA:11,(anonymous_8)
FNDA:0,(anonymous_9)
FNDA:11,(anonymous_10)
FNDA:22,(anonymous_11)
FNDA:0,(anonymous_12)
FNDA:11,(anonymous_13)
FNDA:77,(anonymous_14)
FNDA:0,(anonymous_15)
FNDA:14,(anonymous_16)
FNDA:11,(anonymous_17)
FNDA:2,(anonymous_18)
FNDA:0,(anonymous_19)
FNDA:1,(anonymous_20)
DA:17,11
DA:21,11
DA:22,11
DA:23,11
DA:26,11
DA:33,11
DA:38,11
DA:49,11
DA:52,11
DA:60,11
DA:63,11
DA:66,11
DA:68,11
DA:75,11
DA:76,0
DA:77,0
DA:81,11
DA:82,11
DA:85,11
DA:86,11
DA:87,11
DA:88,11
DA:96,11
DA:97,11
DA:98,11
DA:101,11
DA:102,11
DA:103,11
DA:104,11
DA:107,11
DA:108,11
DA:109,11
DA:110,11
DA:113,11
DA:114,11
DA:115,11
DA:116,11
DA:119,11
DA:120,11
DA:123,11
DA:124,11
DA:127,11
DA:128,2
DA:129,2
DA:130,2
DA:131,2
DA:135,11
DA:136,6
DA:137,0
DA:138,0
DA:139,0
DA:149,11
DA:151,11
DA:152,11
DA:153,11
DA:155,11
DA:156,11
DA:158,11
DA:159,11
DA:161,11
DA:162,11
DA:164,11
DA:165,11
DA:166,11
DA:167,11
DA:169,11
DA:170,11
DA:172,11
DA:173,11
DA:175,11
DA:176,11
DA:178,11
DA:179,11
DA:180,11
DA:182,11
DA:185,11
DA:186,0
DA:187,0
DA:188,0
DA:189,0
DA:190,0
DA:193,11
DA:201,11
DA:203,11
DA:204,11
DA:205,11
DA:207,11
DA:208,11
DA:209,11
DA:212,11
DA:213,22
DA:214,22
DA:215,22
DA:216,22
DA:217,22
DA:220,11
DA:223,11
DA:224,0
DA:225,0
DA:226,0
DA:227,0
DA:230,11
DA:238,11
DA:240,11
DA:241,11
DA:242,11
DA:244,11
DA:245,11
DA:246,11
DA:249,11
DA:250,77
DA:251,77
DA:252,77
DA:253,77
DA:254,77
DA:257,11
DA:260,11
DA:261,0
DA:262,0
DA:263,0
DA:264,0
DA:267,11
DA:275,14
DA:276,3
DA:277,3
DA:279,11
DA:280,11
DA:284,14
DA:287,14
DA:294,11
DA:295,11
DA:296,11
DA:297,1
DA:298,1
DA:304,0
DA:312,2
DA:313,2
DA:315,0
DA:324,0
DA:332,1
DA:338,1
DA:339,1
DA:342,1
LF:143
LH:122
BRDA:16,0,0,0
BRDA:17,1,0,0
BRDA:17,1,1,11
BRDA:19,2,0,11
BRDA:19,2,1,0
BRDA:21,3,0,11
BRDA:21,3,1,1
BRDA:22,4,0,11
BRDA:22,4,1,1
BRDA:23,5,0,11
BRDA:23,5,1,1
BRDA:75,6,0,0
BRDA:75,6,1,11
BRDA:130,7,0,1
BRDA:130,7,1,1
BRDA:131,8,0,1
BRDA:131,8,1,1
BRDA:136,9,0,0
BRDA:136,9,1,6
BRDA:136,10,0,6
BRDA:136,10,1,4
BRDA:186,11,0,0
BRDA:186,11,1,0
BRDA:275,12,0,3
BRDA:275,12,1,11
BRDA:296,13,0,1
BRDA:296,13,1,10
BRDA:338,14,0,1
BRDA:338,14,1,0
BRF:29
BRH:21
end_of_record
TN:
SF:src/js/models/amortization.model.js
FN:12,(anonymous_0)
FN:26,(anonymous_1)
FN:101,(anonymous_2)
FN:119,(anonymous_3)
FN:131,(anonymous_4)
FN:132,(anonymous_5)
FN:139,(anonymous_6)
FN:140,(anonymous_7)
FN:147,(anonymous_8)
FN:159,(anonymous_9)
FN:162,(anonymous_10)
FN:172,(anonymous_11)
FN:179,(anonymous_12)
FN:197,(anonymous_13)
FN:210,(anonymous_14)
FN:218,(anonymous_15)
FN:227,(anonymous_16)
FN:237,(anonymous_17)
FN:246,(anonymous_18)
FN:262,(anonymous_19)
FNF:20
FNH:14
FNDA:79,(anonymous_0)
FNDA:79,(anonymous_1)
FNDA:79,(anonymous_2)
FNDA:28020,(anonymous_3)
FNDA:1,(anonymous_4)
FNDA:360,(anonymous_5)
FNDA:0,(anonymous_6)
FNDA:0,(anonymous_7)
FNDA:1,(anonymous_8)
FNDA:5,(anonymous_9)
FNDA:1800,(anonymous_10)
FNDA:4,(anonymous_11)
FNDA:1440,(anonymous_12)
FNDA:29463,(anonymous_13)
FNDA:0,(anonymous_14)
FNDA:0,(anonymous_15)
FNDA:0,(anonymous_16)
FNDA:0,(anonymous_17)
FNDA:1801,(anonymous_18)
FNDA:1441,(anonymous_19)
DA:13,79
DA:14,79
DA:17,79
DA:27,79
DA:30,79
DA:33,79
DA:34,0
DA:38,79
DA:39,79
DA:40,79
DA:41,79
DA:44,79
DA:45,79
DA:46,79
DA:49,79
DA:52,79
DA:54,28020
DA:57,28020
DA:58,28020
DA:61,28020
DA:64,28020
DA:74,28020
DA:77,28020
DA:80,28020
DA:83,28020
DA:85,0
DA:89,28020
DA:90,4
DA:94,79
DA:102,79
DA:104,0
DA:106,0
DA:108,79
DA:110,0
DA:120,28020
DA:121,0
DA:122,28020
DA:123,28020
DA:132,360
DA:140,0
DA:148,1
DA:149,0
DA:152,1
DA:160,5
DA:162,1800
DA:173,4
DA:174,0
DA:177,4
DA:179,1440
DA:180,4
DA:198,29463
DA:199,29463
DA:200,29463
DA:201,29463
DA:202,29463
DA:203,29463
DA:211,0
DA:219,0
DA:229,0
DA:239,0
DA:247,1801
DA:263,1441
DA:265,1441
LF:63
LH:50
BRDA:26,0,0,79
BRDA:33,1,0,0
BRDA:33,1,1,79
BRDA:41,2,0,79
BRDA:41,2,1,0
BRDA:83,3,0,0
BRDA:83,3,1,28020
BRDA:89,4,0,4
BRDA:89,4,1,28016
BRDA:89,5,0,28020
BRDA:89,5,1,27945
BRDA:102,6,0,0
BRDA:102,6,1,0
BRDA:102,6,2,79
BRDA:102,6,3,0
BRDA:120,7,0,0
BRDA:120,7,1,28020
BRDA:122,8,0,28020
BRDA:122,8,1,0
BRDA:148,9,0,0
BRDA:148,9,1,1
BRDA:173,10,0,0
BRDA:173,10,1,4
BRDA:173,11,0,4
BRDA:173,11,1,4
BRDA:173,11,2,4
BRDA:263,12,0,0
BRDA:263,12,1,1441
BRF:28
BRH:17
end_of_record
TN:
SF:src/js/models/loan.model.js
FN:73,(anonymous_0)
FN:107,(anonymous_1)
FN:115,(anonymous_2)
FN:124,(anonymous_3)
FN:133,(anonymous_4)
FN:151,(anonymous_5)
FN:159,(anonymous_6)
FN:184,(anonymous_7)
FN:194,(anonymous_8)
FN:208,(anonymous_9)
FN:224,(anonymous_10)
FN:244,(anonymous_11)
FN:289,(anonymous_12)
FN:317,(anonymous_13)
FN:341,(anonymous_14)
FN:349,(anonymous_15)
FN:417,(anonymous_16)
FN:423,(anonymous_17)
FN:501,(anonymous_18)
FN:528,(anonymous_19)
FN:559,(anonymous_20)
FNF:21
FNH:16
FNDA:262,(anonymous_0)
FNDA:505,(anonymous_1)
FNDA:28367,(anonymous_2)
FNDA:425,(anonymous_3)
FNDA:345,(anonymous_4)
FNDA:1,(anonymous_5)
FNDA:0,(anonymous_6)
FNDA:117,(anonymous_7)
FNDA:262,(anonymous_8)
FNDA:262,(anonymous_9)
FNDA:1572,(anonymous_10)
FNDA:262,(anonymous_11)
FNDA:6,(anonymous_12)
FNDA:108,(anonymous_13)
FNDA:0,(anonymous_14)
FNDA:0,(anonymous_15)
FNDA:0,(anonymous_16)
FNDA:0,(anonymous_17)
FNDA:48,(anonymous_18)
FNDA:9,(anonymous_19)
FNDA:1,(anonymous_20)
DA:10,13
DA:44,13
DA:75,262
DA:78,262
DA:79,262
DA:82,262
DA:85,262
DA:86,262
DA:87,262
DA:88,262
DA:89,262
DA:90,262
DA:91,262
DA:94,262
DA:95,262
DA:96,262
DA:100,262
DA:108,505
DA:116,28367
DA:117,28367
DA:125,425
DA:126,425
DA:134,345
DA:135,345
DA:136,345
DA:139,345
DA:140,345
DA:143,343
DA:144,343
DA:152,1
DA:160,0
DA:162,0
DA:164,0
DA:165,0
DA:167,0
DA:168,0
DA:170,0
DA:171,0
DA:173,0
DA:174,0
DA:177,0
DA:185,117
DA:195,262
DA:196,0
DA:197,0
DA:199,262
DA:209,262
DA:210,0
DA:211,0
DA:213,262
DA:226,1572
DA:229,1572
DA:230,535
DA:234,1037
DA:235,1036
DA:237,1036
DA:245,262
DA:248,262
DA:249,0
DA:253,262
DA:254,0
DA:255,262
DA:256,0
DA:260,262
DA:261,0
DA:265,262
DA:266,0
DA:267,262
DA:268,0
DA:272,262
DA:273,0
DA:274,262
DA:275,0
DA:278,262
DA:291,6
DA:294,6
DA:302,6
DA:303,6
DA:306,6
DA:307,6
DA:310,6
DA:318,108
DA:343,0
DA:346,0
DA:349,0
DA:351,0
DA:352,0
DA:355,0
DA:356,0
DA:357,0
DA:360,0
DA:361,0
DA:362,0
DA:365,0
DA:366,0
DA:368,0
DA:370,0
DA:371,0
DA:373,0
DA:374,0
DA:376,0
DA:377,0
DA:379,0
DA:380,0
DA:383,0
DA:384,0
DA:387,0
DA:389,0
DA:418,0
DA:419,0
DA:423,0
DA:425,0
DA:426,0
DA:430,0
DA:441,0
DA:442,0
DA:445,0
DA:446,0
DA:449,0
DA:450,0
DA:453,0
DA:454,0
DA:455,0
DA:458,0
DA:459,0
DA:460,0
DA:461,0
DA:464,0
DA:467,0
DA:502,48
DA:505,48
DA:513,48
DA:516,48
DA:517,48
DA:520,48
DA:529,9
DA:530,0
DA:533,9
DA:535,9
DA:560,1
DA:561,0
DA:565,1
DA:566,1
DA:567,1
DA:568,1
DA:569,1
DA:572,1
DA:581,1
DA:582,1
DA:585,1
DA:587,1
DA:589,0
DA:593,1
DA:597,1
DA:600,1
DA:609,1
LF:156
LH:83
BRDA:73,0,0,2
BRDA:75,1,0,262
BRDA:75,1,1,117
BRDA:78,2,0,262
BRDA:78,2,1,44
BRDA:79,3,0,262
BRDA:79,3,1,158
BRDA:88,4,0,262
BRDA:88,4,1,56
BRDA:94,5,0,99
BRDA:94,5,1,163
BRDA:95,6,0,48
BRDA:95,6,1,214
BRDA:96,7,0,58
BRDA:96,7,1,204
BRDA:139,8,0,0
BRDA:139,8,1,345
BRDA:140,9,0,2
BRDA:140,9,1,343
BRDA:162,10,0,0
BRDA:162,10,1,0
BRDA:162,10,2,0
BRDA:162,10,3,0
BRDA:195,11,0,0
BRDA:195,11,1,262
BRDA:209,12,0,0
BRDA:209,12,1,262
BRDA:224,13,0,0
BRDA:224,14,0,262
BRDA:226,15,0,0
BRDA:226,15,1,1572
BRDA:229,16,0,535
BRDA:229,16,1,1037
BRDA:229,17,0,1572
BRDA:229,17,1,1037
BRDA:234,18,0,1
BRDA:234,18,1,1036
BRDA:234,19,0,1037
BRDA:234,19,1,1037
BRDA:235,20,0,0
BRDA:235,20,1,1036
BRDA:235,21,0,1036
BRDA:235,21,1,926
BRDA:248,22,0,0
BRDA:248,22,1,262
BRDA:253,23,0,0
BRDA:253,23,1,262
BRDA:255,24,0,0
BRDA:255,24,1,262
BRDA:260,25,0,0
BRDA:260,25,1,262
BRDA:265,26,0,0
BRDA:265,26,1,262
BRDA:267,27,0,0
BRDA:267,27,1,262
BRDA:272,28,0,0
BRDA:272,28,1,262
BRDA:274,29,0,0
BRDA:274,29,1,262
BRDA:274,30,0,262
BRDA:274,30,1,0
BRDA:289,31,0,0
BRDA:306,32,0,6
BRDA:306,32,1,0
BRDA:341,33,0,0
BRDA:368,34,0,0
BRDA:368,34,1,0
BRDA:368,34,2,0
BRDA:368,34,3,0
BRDA:418,35,0,0
BRDA:418,35,1,0
BRDA:418,36,0,0
BRDA:418,36,1,0
BRDA:426,37,0,0
BRDA:426,37,1,0
BRDA:431,38,0,0
BRDA:431,38,1,0
BRDA:433,39,0,0
BRDA:433,39,1,0
BRDA:434,40,0,0
BRDA:434,40,1,0
BRDA:435,41,0,0
BRDA:435,41,1,0
BRDA:458,42,0,0
BRDA:458,42,1,0
BRDA:464,43,0,0
BRDA:464,43,1,0
BRDA:489,44,0,0
BRDA:489,44,1,0
BRDA:502,45,0,0
BRDA:502,45,1,48
BRDA:507,46,0,48
BRDA:507,46,1,0
BRDA:508,47,0,48
BRDA:508,47,1,0
BRDA:509,48,0,48
BRDA:509,48,1,0
BRDA:516,49,0,48
BRDA:516,49,1,0
BRDA:528,50,0,0
BRDA:529,51,0,0
BRDA:529,51,1,9
BRDA:560,52,0,0
BRDA:560,52,1,1
BRDA:560,53,0,1
BRDA:560,53,1,1
BRDA:566,54,0,1
BRDA:566,54,1,0
BRDA:567,55,0,1
BRDA:567,55,1,0
BRDA:568,56,0,1
BRDA:568,56,1,1
BRDA:569,57,0,1
BRDA:569,57,1,1
BRDA:587,58,0,0
BRDA:587,58,1,1
BRF:116
BRH:59
end_of_record
TN:
SF:src/js/services/calculation-manager.service.js
FN:18,(anonymous_0)
FN:28,(anonymous_1)
FN:33,(anonymous_2)
FN:38,(anonymous_3)
FN:46,(anonymous_4)
FN:57,(anonymous_5)
FN:74,(anonymous_6)
FN:109,(anonymous_7)
FN:122,(anonymous_8)
FN:143,(anonymous_9)
FN:157,(anonymous_10)
FN:164,(anonymous_11)
FN:172,(anonymous_12)
FN:173,(anonymous_13)
FN:181,(anonymous_14)
FN:188,(anonymous_15)
FN:217,(anonymous_16)
FN:218,(anonymous_17)
FN:245,(anonymous_18)
FN:287,(anonymous_19)
FN:305,(anonymous_20)
FN:316,(anonymous_21)
FNF:22
FNH:22
FNDA:34,(anonymous_0)
FNDA:2,(anonymous_1)
FNDA:5,(anonymous_2)
FNDA:3,(anonymous_3)
FNDA:4,(anonymous_4)
FNDA:1,(anonymous_5)
FNDA:2,(anonymous_6)
FNDA:2,(anonymous_7)
FNDA:12,(anonymous_8)
FNDA:3,(anonymous_9)
FNDA:26,(anonymous_10)
FNDA:1,(anonymous_11)
FNDA:4,(anonymous_12)
FNDA:7,(anonymous_13)
FNDA:7,(anonymous_14)
FNDA:2,(anonymous_15)
FNDA:2,(anonymous_16)
FNDA:4,(anonymous_17)
FNDA:5,(anonymous_18)
FNDA:7,(anonymous_19)
FNDA:1,(anonymous_20)
FNDA:1,(anonymous_21)
DA:19,34
DA:20,34
DA:21,34
DA:29,2
DA:32,2
DA:33,5
DA:38,3
DA:47,4
DA:59,1
DA:60,1
DA:63,1
DA:76,2
DA:77,2
DA:78,1
DA:82,1
DA:85,1
DA:86,1
DA:90,1
DA:91,1
DA:95,1
DA:96,1
DA:97,1
DA:101,1
DA:111,2
DA:114,2
DA:124,12
DA:125,0
DA:129,12
DA:130,1
DA:134,11
DA:135,11
DA:144,3
DA:145,3
DA:146,1
DA:147,1
DA:149,2
DA:158,26
DA:165,1
DA:173,4
DA:174,7
DA:175,7
DA:181,7
DA:189,2
DA:191,2
DA:192,1
DA:199,1
DA:205,1
DA:218,2
DA:219,4
DA:220,4
DA:222,4
DA:246,5
DA:247,2
DA:251,3
DA:252,3
DA:255,3
DA:256,3
DA:257,3
DA:265,3
DA:266,1
DA:267,1
DA:270,2
DA:272,2
DA:275,3
DA:278,3
DA:288,7
DA:290,6
DA:308,1
DA:309,1
DA:317,1
LF:70
LH:69
BRDA:18,0,0,10
BRDA:19,1,0,34
BRDA:19,1,1,10
BRDA:20,2,0,34
BRDA:20,2,1,33
BRDA:57,3,0,0
BRDA:57,4,0,0
BRDA:59,5,0,1
BRDA:59,5,1,0
BRDA:59,6,0,1
BRDA:59,6,1,1
BRDA:74,7,0,0
BRDA:77,8,0,1
BRDA:77,8,1,1
BRDA:85,9,0,1
BRDA:85,9,1,0
BRDA:90,10,0,1
BRDA:90,10,1,0
BRDA:96,11,0,1
BRDA:96,11,1,0
BRDA:124,12,0,0
BRDA:124,12,1,12
BRDA:129,13,0,1
BRDA:129,13,1,11
BRDA:145,14,0,1
BRDA:145,14,1,2
BRDA:175,15,0,6
BRDA:175,15,1,1
BRDA:191,16,0,1
BRDA:191,16,1,1
BRDA:232,17,0,2
BRDA:232,17,1,2
BRDA:233,18,0,2
BRDA:233,18,1,2
BRDA:234,19,0,2
BRDA:234,19,1,2
BRDA:246,20,0,2
BRDA:246,20,1,3
BRDA:265,21,0,1
BRDA:265,21,1,2
BRDA:265,22,0,3
BRDA:265,22,1,1
BRDA:288,23,0,1
BRDA:288,23,1,6
BRF:44
BRH:36
end_of_record
TN:
SF:src/js/services/calculator.service.js
FN:7,(anonymous_0)
FN:12,(anonymous_1)
FN:30,(anonymous_2)
FN:35,(anonymous_3)
FN:40,(anonymous_4)
FN:45,(anonymous_5)
FN:62,(anonymous_6)
FN:81,(anonymous_7)
FN:86,(anonymous_8)
FN:95,(anonymous_9)
FN:114,(anonymous_10)
FN:115,(anonymous_11)
FN:116,(anonymous_12)
FN:117,(anonymous_13)
FNF:14
FNH:8
FNDA:13,(anonymous_0)
FNDA:0,(anonymous_1)
FNDA:22,(anonymous_2)
FNDA:0,(anonymous_3)
FNDA:0,(anonymous_4)
FNDA:0,(anonymous_5)
FNDA:0,(anonymous_6)
FNDA:0,(anonymous_7)
FNDA:25,(anonymous_8)
FNDA:1800,(anonymous_9)
FNDA:1800,(anonymous_10)
FNDA:1800,(anonymous_11)
FNDA:1800,(anonymous_12)
FNDA:1800,(anonymous_13)
DA:9,13
DA:14,0
DA:17,0
DA:20,0
DA:21,0
DA:24,0
DA:27,0
DA:32,22
DA:37,0
DA:42,0
DA:47,0
DA:63,0
DA:65,0
DA:67,0
DA:70,0
DA:82,0
DA:83,0
DA:87,25
DA:88,20
DA:92,5
DA:95,5
DA:98,1800
DA:101,1800
DA:114,1800
DA:115,1800
DA:116,1800
DA:117,1800
DA:119,5
LF:28
LH:13
BRDA:20,0,0,0
BRDA:20,0,1,0
BRDA:21,1,0,0
BRDA:21,1,1,0
BRDA:63,2,0,0
BRDA:63,2,1,0
BRDA:63,2,2,0
BRDA:63,2,3,0
BRDA:87,3,0,20
BRDA:87,3,1,5
BRDA:87,4,0,25
BRDA:87,4,1,25
BRDA:87,4,2,5
BRDA:87,4,3,5
BRF:14
BRH:6
end_of_record
TN:
SF:src/js/services/export.service.js
FN:22,(anonymous_0)
FN:35,(anonymous_1)
FN:114,(anonymous_2)
FN:171,(anonymous_3)
FN:203,(anonymous_4)
FN:234,(anonymous_5)
FN:274,(anonymous_6)
FN:312,(anonymous_7)
FN:359,(anonymous_8)
FN:390,(anonymous_9)
FN:407,(anonymous_10)
FN:424,(anonymous_11)
FN:440,(anonymous_12)
FN:456,(anonymous_13)
FN:475,(anonymous_14)
FN:492,(anonymous_15)
FN:502,(anonymous_16)
FNF:17
FNH:14
FNDA:40,(anonymous_0)
FNDA:5,(anonymous_1)
FNDA:0,(anonymous_2)
FNDA:5,(anonymous_3)
FNDA:0,(anonymous_4)
FNDA:4,(anonymous_5)
FNDA:6,(anonymous_6)
FNDA:5,(anonymous_7)
FNDA:5,(anonymous_8)
FNDA:10,(anonymous_9)
FNDA:7,(anonymous_10)
FNDA:9,(anonymous_11)
FNDA:6,(anonymous_12)
FNDA:6,(anonymous_13)
FNDA:4,(anonymous_14)
FNDA:1,(anonymous_15)
FNDA:0,(anonymous_16)
DA:23,40
DA:24,40
DA:25,40
DA:36,5
DA:37,5
DA:38,2
DA:41,3
DA:43,3
DA:44,2
DA:47,2
DA:48,2
DA:50,2
DA:51,2
DA:54,2
DA:55,2
DA:57,2
DA:71,0
DA:72,0
DA:75,0
DA:76,0
DA:77,0
DA:81,0
DA:90,0
DA:91,0
DA:93,0
DA:100,0
DA:108,0
DA:109,0
DA:110,0
DA:113,0
DA:114,0
DA:124,0
DA:125,0
DA:126,0
DA:129,0
DA:147,0
DA:148,0
DA:149,0
DA:150,0
DA:151,0
DA:152,0
DA:156,0
DA:157,0
DA:159,5
DA:160,5
DA:172,5
DA:173,5
DA:174,2
DA:177,3
DA:180,3
DA:198,0
DA:201,0
DA:202,0
DA:203,0
DA:212,0
DA:216,0
DA:219,0
DA:221,0
DA:223,5
DA:224,5
DA:235,4
DA:236,4
DA:237,2
DA:240,2
DA:243,2
DA:256,2
DA:259,1
DA:260,1
DA:262,1
DA:264,3
DA:265,3
DA:275,6
DA:276,6
DA:277,1
DA:281,5
DA:284,4
DA:285,1
DA:289,3
DA:292,3
DA:293,3
DA:294,2
DA:297,1
DA:300,3
DA:302,3
DA:303,3
DA:313,5
DA:314,5
DA:315,1
DA:319,4
DA:321,3
DA:322,1
DA:326,2
DA:329,2
DA:342,2
DA:345,2
DA:347,2
DA:349,3
DA:350,3
DA:360,5
DA:361,5
DA:362,1
DA:366,4
DA:367,3
DA:369,3
DA:370,1
DA:374,2
DA:377,1
DA:379,4
DA:380,4
DA:391,10
DA:398,10
DA:408,7
DA:415,7
DA:425,9
DA:431,9
DA:441,6
DA:447,6
DA:457,6
DA:458,6
DA:460,6
DA:461,1
DA:462,5
DA:463,4
DA:465,1
DA:476,4
DA:477,1
DA:478,3
DA:479,1
DA:480,2
DA:481,1
DA:483,1
DA:493,1
DA:503,0
DA:504,0
DA:507,0
DA:509,0
DA:512,0
DA:513,0
DA:514,0
DA:515,0
DA:516,0
DA:517,0
DA:518,0
DA:519,0
LF:144
LH:97
BRDA:22,0,0,1
BRDA:23,1,0,40
BRDA:23,1,1,1
BRDA:24,2,0,40
BRDA:24,2,1,1
BRDA:37,3,0,2
BRDA:37,3,1,3
BRDA:37,4,0,5
BRDA:37,4,1,4
BRDA:71,5,0,0
BRDA:71,5,1,0
BRDA:108,6,0,0
BRDA:108,6,1,0
BRDA:108,7,0,0
BRDA:108,7,1,0
BRDA:108,7,2,0
BRDA:124,8,0,0
BRDA:124,8,1,0
BRDA:130,9,0,0
BRDA:130,9,1,0
BRDA:173,10,0,2
BRDA:173,10,1,3
BRDA:173,11,0,5
BRDA:173,11,1,4
BRDA:202,12,0,0
BRDA:202,12,1,0
BRDA:202,13,0,0
BRDA:202,13,1,0
BRDA:202,13,2,0
BRDA:236,14,0,2
BRDA:236,14,1,2
BRDA:236,15,0,4
BRDA:236,15,1,3
BRDA:276,16,0,1
BRDA:276,16,1,5
BRDA:281,17,0,4
BRDA:281,17,1,1
BRDA:284,18,0,1
BRDA:284,18,1,3
BRDA:284,19,0,4
BRDA:284,19,1,4
BRDA:293,20,0,2
BRDA:293,20,1,1
BRDA:314,21,0,1
BRDA:314,21,1,4
BRDA:321,22,0,1
BRDA:321,22,1,2
BRDA:321,23,0,3
BRDA:321,23,1,3
BRDA:330,24,0,2
BRDA:330,24,1,1
BRDA:331,25,0,2
BRDA:331,25,1,0
BRDA:332,26,0,2
BRDA:332,26,1,1
BRDA:333,27,0,2
BRDA:333,27,1,1
BRDA:334,28,0,2
BRDA:334,28,1,1
BRDA:335,29,0,2
BRDA:335,29,1,0
BRDA:336,30,0,2
BRDA:336,30,1,1
BRDA:337,31,0,2
BRDA:337,31,1,2
BRDA:338,32,0,0
BRDA:338,32,1,2
BRDA:361,33,0,1
BRDA:361,33,1,4
BRDA:369,34,0,1
BRDA:369,34,1,2
BRDA:398,35,0,10
BRDA:398,35,1,1
BRDA:415,36,0,7
BRDA:415,36,1,2
BRDA:431,37,0,9
BRDA:431,37,1,1
BRDA:447,38,0,6
BRDA:447,38,1,2
BRDA:460,39,0,1
BRDA:460,39,1,5
BRDA:462,40,0,4
BRDA:462,40,1,1
BRDA:463,41,0,3
BRDA:463,41,1,1
BRDA:465,42,0,0
BRDA:465,42,1,1
BRDA:465,43,0,1
BRDA:465,43,1,0
BRDA:476,44,0,1
BRDA:476,44,1,3
BRDA:476,45,0,4
BRDA:476,45,1,2
BRDA:478,46,0,1
BRDA:478,46,1,2
BRDA:479,47,0,1
BRDA:479,47,1,0
BRDA:480,48,0,1
BRDA:480,48,1,1
BRDA:481,49,0,0
BRDA:481,49,1,1
BRDA:483,50,0,1
BRDA:483,50,1,0
BRDA:483,51,0,1
BRDA:483,51,1,0
BRDA:507,52,0,0
BRDA:507,52,1,0
BRF:107
BRH:80
end_of_record
TN:
SF:src/js/services/language.service.js
FN:16,(anonymous_0)
FN:28,(anonymous_1)
FN:42,(anonymous_2)
FN:54,(anonymous_3)
FN:62,(anonymous_4)
FN:70,(anonymous_5)
FN:93,(anonymous_6)
FN:101,(anonymous_7)
FN:109,(anonymous_8)
FN:117,(anonymous_9)
FN:127,(anonymous_10)
FN:137,(anonymous_11)
FN:138,(anonymous_12)
FNF:13
FNH:11
FNDA:8,(anonymous_0)
FNDA:8,(anonymous_1)
FNDA:5,(anonymous_2)
FNDA:2,(anonymous_3)
FNDA:2,(anonymous_4)
FNDA:7,(anonymous_5)
FNDA:2,(anonymous_6)
FNDA:0,(anonymous_7)
FNDA:0,(anonymous_8)
FNDA:2,(anonymous_9)
FNDA:1,(anonymous_10)
FNDA:5,(anonymous_11)
FNDA:1,(anonymous_12)
DA:17,8
DA:18,8
DA:19,8
DA:22,8
DA:29,8
DA:30,8
DA:31,8
DA:32,1
DA:35,0
DA:43,5
DA:44,5
DA:46,0
DA:55,2
DA:63,2
DA:71,7
DA:72,5
DA:73,5
DA:76,5
DA:78,5
DA:81,5
DA:84,5
DA:94,2
DA:102,0
DA:110,0
DA:118,2
DA:119,2
DA:128,1
DA:129,1
DA:130,1
DA:138,5
DA:139,1
DA:140,1
DA:142,0
LF:33
LH:28
BRDA:16,0,0,8
BRDA:17,1,0,8
BRDA:17,1,1,8
BRDA:31,2,0,1
BRDA:31,2,1,7
BRDA:71,3,0,5
BRDA:71,3,1,2
BRDA:118,4,0,2
BRDA:118,4,1,0
BRDA:118,5,0,2
BRDA:118,5,1,2
BRDA:129,6,0,1
BRDA:129,6,1,0
BRF:13
BRH:11
end_of_record
TN:
SF:src/js/services/storage.service.js
FN:17,(anonymous_0)
FN:29,(anonymous_1)
FN:60,(anonymous_2)
FN:88,(anonymous_3)
FN:104,(anonymous_4)
FN:131,(anonymous_5)
FN:137,(anonymous_6)
FN:158,(anonymous_7)
FN:178,(anonymous_8)
FN:203,(anonymous_9)
FN:212,(anonymous_10)
FN:230,(anonymous_11)
FN:243,(anonymous_12)
FN:278,(anonymous_13)
FN:303,(anonymous_14)
FN:316,(anonymous_15)
FN:337,(anonymous_16)
FN:360,(anonymous_17)
FN:376,(anonymous_18)
FNF:19
FNH:19
FNDA:60,(anonymous_0)
FNDA:60,(anonymous_1)
FNDA:3,(anonymous_2)
FNDA:138,(anonymous_3)
FNDA:96,(anonymous_4)
FNDA:2,(anonymous_5)
FNDA:2,(anonymous_6)
FNDA:99,(anonymous_7)
FNDA:84,(anonymous_8)
FNDA:8,(anonymous_9)
FNDA:9,(anonymous_10)
FNDA:23,(anonymous_11)
FNDA:28,(anonymous_12)
FNDA:8,(anonymous_13)
FNDA:7,(anonymous_14)
FNDA:7,(anonymous_15)
FNDA:4,(anonymous_16)
FNDA:2,(anonymous_17)
FNDA:3,(anonymous_18)
DA:18,60
DA:19,60
DA:22,60
DA:30,60
DA:32,60
DA:35,60
DA:36,57
DA:42,57
DA:45,3
DA:46,3
DA:47,3
DA:51,1
DA:64,3
DA:71,3
DA:72,1
DA:75,3
DA:76,3
DA:77,2
DA:79,1
DA:89,138
DA:90,138
DA:91,137
DA:93,1
DA:94,1
DA:105,96
DA:107,96
DA:110,96
DA:111,94
DA:114,2
DA:117,2
DA:120,2
DA:123,2
DA:132,2
DA:133,2
DA:135,2
DA:137,2
DA:140,2
DA:143,2
DA:145,2
DA:148,0
DA:159,99
DA:160,99
DA:161,1
DA:165,98
DA:166,97
DA:167,6
DA:171,91
DA:178,91
DA:180,91
DA:182,4
DA:185,87
DA:189,91
DA:190,89
DA:192,2
DA:194,10
DA:195,10
DA:204,8
DA:205,8
DA:207,8
DA:208,2
DA:212,6
DA:213,9
DA:214,9
DA:220,0
DA:221,0
DA:231,23
DA:232,23
DA:233,2
DA:236,21
DA:238,21
DA:239,2
DA:243,28
DA:245,19
DA:246,5
DA:250,14
DA:251,14
DA:253,14
DA:254,2
DA:260,14
DA:266,2
DA:267,2
DA:279,8
DA:280,8
DA:281,2
DA:285,6
DA:286,2
DA:290,6
DA:291,6
DA:293,2
DA:294,2
DA:304,7
DA:305,7
DA:306,1
DA:309,6
DA:311,6
DA:312,2
DA:316,7
DA:318,4
DA:319,2
DA:323,2
DA:326,2
DA:328,1
DA:329,1
DA:338,4
DA:339,4
DA:341,4
DA:342,3
DA:346,1
DA:349,1
DA:351,0
DA:352,0
DA:361,2
DA:362,2
DA:363,2
DA:364,2
DA:365,1
DA:366,1
DA:368,1
DA:377,3
DA:379,3
DA:380,2
DA:383,2
DA:386,2
DA:388,2
DA:398,1
DA:399,1
LF:126
LH:121
BRDA:17,0,0,59
BRDA:18,1,0,60
BRDA:18,1,1,59
BRDA:19,2,0,60
BRDA:19,2,1,59
BRDA:35,3,0,57
BRDA:35,3,1,3
BRDA:46,4,0,3
BRDA:46,4,1,0
BRDA:71,5,0,1
BRDA:71,5,1,2
BRDA:91,6,0,124
BRDA:91,6,1,13
BRDA:117,7,0,2
BRDA:117,7,1,0
BRDA:117,8,0,2
BRDA:117,8,1,1
BRDA:117,8,2,0
BRDA:135,9,0,2
BRDA:135,9,1,0
BRDA:135,10,0,2
BRDA:135,10,1,2
BRDA:135,10,2,2
BRDA:158,11,0,90
BRDA:160,12,0,1
BRDA:160,12,1,98
BRDA:166,13,0,6
BRDA:166,13,1,91
BRDA:173,14,0,3
BRDA:173,14,1,88
BRDA:180,15,0,4
BRDA:180,15,1,87
BRDA:189,16,0,89
BRDA:189,16,1,2
BRDA:207,17,0,2
BRDA:207,17,1,6
BRDA:207,18,0,8
BRDA:207,18,1,6
BRDA:232,19,0,2
BRDA:232,19,1,21
BRDA:238,20,0,2
BRDA:238,20,1,19
BRDA:238,21,0,21
BRDA:238,21,1,19
BRDA:245,22,0,5
BRDA:245,22,1,14
BRDA:253,23,0,2
BRDA:253,23,1,12
BRDA:278,24,0,7
BRDA:280,25,0,2
BRDA:280,25,1,6
BRDA:280,26,0,8
BRDA:280,26,1,7
BRDA:285,27,0,2
BRDA:285,27,1,4
BRDA:305,28,0,1
BRDA:305,28,1,6
BRDA:311,29,0,2
BRDA:311,29,1,4
BRDA:311,30,0,6
BRDA:311,30,1,4
BRDA:318,31,0,2
BRDA:318,31,1,2
BRDA:341,32,0,3
BRDA:341,32,1,1
BRDA:394,33,0,1
BRDA:394,33,1,1
BRDA:394,34,0,2
BRDA:394,34,1,1
BRF:69
BRH:65
end_of_record
TN:
SF:src/js/utils/accessibility.js
FN:11,setFocus
FN:23,addKeyboardNavigation
FN:29,(anonymous_2)
FN:56,announceToScreenReader
FN:85,setInternationalizedText
FN:104,updateDocumentLanguage
FNF:6
FNH:1
FNDA:0,setFocus
FNDA:0,addKeyboardNavigation
FNDA:0,(anonymous_2)
FNDA:0,announceToScreenReader
FNDA:0,setInternationalizedText
FNDA:5,updateDocumentLanguage
DA:12,0
DA:13,0
DA:24,0
DA:26,0
DA:27,0
DA:29,0
DA:31,0
DA:32,0
DA:33,0
DA:36,0
DA:37,0
DA:38,0
DA:39,0
DA:41,0
DA:42,0
DA:43,0
DA:44,0
DA:58,0
DA:60,0
DA:61,0
DA:62,0
DA:63,0
DA:64,0
DA:65,0
DA:66,0
DA:70,0
DA:73,0
DA:76,0
DA:86,0
DA:88,0
DA:89,0
DA:92,0
DA:93,0
DA:94,0
DA:96,0
DA:105,5
DA:108,5
DA:109,5
DA:110,0
DA:112,5
LF:40
LH:4
BRDA:12,0,0,0
BRDA:12,0,1,0
BRDA:12,1,0,0
BRDA:12,1,1,0
BRDA:23,2,0,0
BRDA:23,3,0,0
BRDA:24,4,0,0
BRDA:24,4,1,0
BRDA:27,5,0,0
BRDA:27,5,1,0
BRDA:31,6,0,0
BRDA:31,6,1,0
BRDA:36,7,0,0
BRDA:36,7,1,0
BRDA:36,8,0,0
BRDA:36,8,1,0
BRDA:37,9,0,0
BRDA:37,9,1,0
BRDA:41,10,0,0
BRDA:41,10,1,0
BRDA:41,11,0,0
BRDA:41,11,1,0
BRDA:42,12,0,0
BRDA:42,12,1,0
BRDA:56,13,0,0
BRDA:60,14,0,0
BRDA:60,14,1,0
BRDA:85,15,0,0
BRDA:86,16,0,0
BRDA:86,16,1,0
BRDA:93,17,0,0
BRDA:93,17,1,0
BRDA:104,18,0,0
BRDA:109,19,0,0
BRDA:109,19,1,5
BRF:35
BRH:1
end_of_record
TN:
SF:src/js/utils/formatters.js
FN:12,getLocaleFromLanguage
FN:25,getDateFormatForLocale
FN:40,formatNumber
FN:54,formatCurrency
FN:68,formatDate
FN:96,formatPercentage
FN:105,formatDuration
FNF:7
FNH:5
FNDA:21,getLocaleFromLanguage
FNDA:0,getDateFormatForLocale
FNDA:0,formatNumber
FNDA:48,formatCurrency
FNDA:11,formatDate
FNDA:3,formatPercentage
FNDA:1,formatDuration
DA:13,21
DA:17,21
DA:26,0
DA:30,0
DA:41,0
DA:55,48
DA:69,11
DA:72,11
DA:73,11
DA:77,0
DA:78,0
DA:79,0
DA:80,0
DA:82,0
DA:83,0
DA:84,0
DA:85,0
DA:87,0
DA:97,3
DA:106,1
DA:107,1
DA:109,1
DA:110,1
DA:111,1
DA:114,1
DA:115,0
DA:116,0
DA:118,0
DA:121,1
LF:29
LH:14
BRDA:17,0,0,21
BRDA:17,0,1,0
BRDA:30,1,0,0
BRDA:30,1,1,0
BRDA:40,2,0,0
BRDA:40,3,0,0
BRDA:54,4,0,12
BRDA:54,5,0,12
BRDA:68,6,0,11
BRDA:68,7,0,11
BRDA:69,8,0,5
BRDA:69,8,1,6
BRDA:72,9,0,11
BRDA:72,9,1,0
BRDA:77,10,0,0
BRDA:77,10,1,0
BRDA:96,11,0,3
BRDA:110,12,0,1
BRDA:110,12,1,0
BRDA:111,13,0,1
BRDA:111,13,1,0
BRDA:114,14,0,0
BRDA:114,14,1,1
BRDA:115,15,0,0
BRDA:115,15,1,0
BRDA:118,16,0,0
BRDA:118,16,1,0
BRF:27
BRH:12
end_of_record
TN:
SF:src/js/utils/helpers.js
FN:10,generateUniqueId
FN:19,deepClone
FN:22,(anonymous_2)
FN:39,debounce
FN:41,executedFunction
FN:42,(anonymous_5)
FN:56,isValidNumber
FNF:7
FNH:0
FNDA:0,generateUniqueId
FNDA:0,deepClone
FNDA:0,(anonymous_2)
FNDA:0,debounce
FNDA:0,executedFunction
FNDA:0,(anonymous_5)
FNDA:0,isValidNumber
DA:11,0
DA:20,0
DA:21,0
DA:22,0
DA:24,0
DA:25,0
DA:26,0
DA:27,0
DA:30,0
DA:41,0
DA:42,0
DA:43,0
DA:44,0
DA:46,0
DA:47,0
DA:57,0
LF:16
LH:0
BRDA:20,0,0,0
BRDA:20,0,1,0
BRDA:20,1,0,0
BRDA:20,1,1,0
BRDA:21,2,0,0
BRDA:21,2,1,0
BRDA:22,3,0,0
BRDA:22,3,1,0
BRDA:26,4,0,0
BRDA:26,4,1,0
BRDA:57,5,0,0
BRDA:57,5,1,0
BRDA:57,5,2,0
BRDA:57,5,3,0
BRF:14
BRH:0
end_of_record
TN:
SF:src/js/utils/tooltips.js
FN:11,initTooltips
FN:14,(anonymous_1)
FN:57,showTooltip
FN:79,hideTooltip
FN:94,positionTooltip
FN:105,(anonymous_5)
FN:131,announceTooltip
FN:160,addTooltip
FN:178,createGuidancePanel
FN:200,(anonymous_9)
FN:204,(anonymous_10)
FN:214,(anonymous_11)
FN:226,createTutorial
FN:243,showTutorialStep
FN:298,positionHighlight
FN:322,positionTooltipNearTarget
FN:369,prevStep
FN:386,nextStep
FN:407,completeTutorial
FNF:19
FNH:2
FNDA:8,initTooltips
FNDA:16,(anonymous_1)
FNDA:0,showTooltip
FNDA:0,hideTooltip
FNDA:0,positionTooltip
FNDA:0,(anonymous_5)
FNDA:0,announceTooltip
FNDA:0,addTooltip
FNDA:0,createGuidancePanel
FNDA:0,(anonymous_9)
FNDA:0,(anonymous_10)
FNDA:0,(anonymous_11)
FNDA:0,createTutorial
FNDA:0,showTutorialStep
FNDA:0,positionHighlight
FNDA:0,positionTooltipNearTarget
FNDA:0,prevStep
FNDA:0,nextStep
FNDA:0,completeTutorial
DA:12,8
DA:14,8
DA:16,16
DA:17,16
DA:18,16
DA:19,16
DA:20,16
DA:21,16
DA:24,16
DA:25,16
DA:28,16
DA:31,16
DA:32,0
DA:37,16
DA:38,16
DA:39,16
DA:40,16
DA:43,16
DA:44,16
DA:47,16
DA:48,16
DA:49,16
DA:58,0
DA:59,0
DA:61,0
DA:63,0
DA:66,0
DA:67,0
DA:70,0
DA:71,0
DA:80,0
DA:81,0
DA:83,0
DA:84,0
DA:85,0
DA:96,0
DA:99,0
DA:102,0
DA:105,0
DA:106,0
DA:107,0
DA:108,0
DA:111,0
DA:112,0
DA:113,0
DA:114,0
DA:115,0
DA:116,0
DA:117,0
DA:118,0
DA:119,0
DA:120,0
DA:121,0
DA:122,0
DA:133,0
DA:135,0
DA:136,0
DA:137,0
DA:138,0
DA:139,0
DA:140,0
DA:141,0
DA:145,0
DA:148,0
DA:151,0
DA:161,0
DA:163,0
DA:164,0
DA:167,0
DA:179,0
DA:182,0
DA:183,0
DA:184,0
DA:187,0
DA:198,0
DA:199,0
DA:200,0
DA:201,0
DA:204,0
DA:205,0
DA:211,0
DA:214,0
DA:215,0
DA:218,0
DA:227,0
DA:229,0
DA:232,0
DA:233,0
DA:234,0
DA:237,0
DA:245,0
DA:246,0
DA:247,0
DA:248,0
DA:249,0
DA:253,0
DA:256,0
DA:257,0
DA:258,0
DA:271,0
DA:274,0
DA:277,0
DA:278,0
DA:280,0
DA:281,0
DA:284,0
DA:285,0
DA:289,0
DA:290,0
DA:299,0
DA:302,0
DA:303,0
DA:304,0
DA:305,0
DA:306,0
DA:310,0
DA:311,0
DA:312,0
DA:313,0
DA:323,0
DA:324,0
DA:327,0
DA:329,0
DA:330,0
DA:331,0
DA:333,0
DA:334,0
DA:335,0
DA:337,0
DA:338,0
DA:339,0
DA:341,0
DA:342,0
DA:343,0
DA:345,0
DA:346,0
DA:350,0
DA:351,0
DA:353,0
DA:354,0
DA:355,0
DA:356,0
DA:359,0
DA:360,0
DA:361,0
DA:362,0
DA:370,0
DA:372,0
DA:373,0
DA:374,0
DA:378,0
DA:379,0
DA:388,0
DA:389,0
DA:390,0
DA:394,0
DA:395,0
DA:396,0
DA:400,0
DA:401,0
DA:409,0
DA:412,0
DA:413,0
LF:163
LH:21
BRDA:11,0,0,0
BRDA:17,1,0,16
BRDA:17,1,1,0
BRDA:31,2,0,0
BRDA:31,2,1,16
BRDA:43,3,0,16
BRDA:43,3,1,0
BRDA:61,4,0,0
BRDA:61,4,1,0
BRDA:83,5,0,0
BRDA:83,5,1,0
BRDA:96,6,0,0
BRDA:96,6,1,0
BRDA:111,7,0,0
BRDA:111,7,1,0
BRDA:114,8,0,0
BRDA:114,8,1,0
BRDA:117,9,0,0
BRDA:117,9,1,0
BRDA:120,10,0,0
BRDA:120,10,1,0
BRDA:135,11,0,0
BRDA:135,11,1,0
BRDA:160,12,0,0
BRDA:161,13,0,0
BRDA:161,13,1,0
BRDA:179,14,0,0
BRDA:179,14,1,0
BRDA:184,15,0,0
BRDA:184,15,1,0
BRDA:199,16,0,0
BRDA:199,16,1,0
BRDA:227,17,0,0
BRDA:227,17,1,0
BRDA:227,18,0,0
BRDA:227,18,1,0
BRDA:246,19,0,0
BRDA:246,19,1,0
BRDA:264,20,0,0
BRDA:264,20,1,0
BRDA:266,21,0,0
BRDA:266,21,1,0
BRDA:271,22,0,0
BRDA:271,22,1,0
BRDA:280,23,0,0
BRDA:280,23,1,0
BRDA:284,24,0,0
BRDA:284,24,1,0
BRDA:289,25,0,0
BRDA:289,25,1,0
BRDA:289,26,0,0
BRDA:289,26,1,0
BRDA:303,27,0,0
BRDA:303,27,1,0
BRDA:327,28,0,0
BRDA:327,28,1,0
BRDA:327,28,2,0
BRDA:327,28,3,0
BRDA:327,28,4,0
BRDA:353,29,0,0
BRDA:353,29,1,0
BRDA:355,30,0,0
BRDA:355,30,1,0
BRDA:359,31,0,0
BRDA:359,31,1,0
BRDA:361,32,0,0
BRDA:361,32,1,0
BRDA:370,33,0,0
BRDA:370,33,1,0
BRDA:373,34,0,0
BRDA:373,34,1,0
BRDA:389,35,0,0
BRDA:389,35,1,0
BRDA:394,36,0,0
BRDA:394,36,1,0
BRDA:412,37,0,0
BRDA:412,37,1,0
BRDA:412,38,0,0
BRDA:412,38,1,0
BRF:79
BRH:3
end_of_record
TN:
SF:src/js/utils/translations.js
FN:492,getTranslation
FN:511,getTranslations
FN:519,getAvailableLanguages
FNF:3
FNH:1
FNDA:372,getTranslation
FNDA:0,getTranslations
FNDA:0,getAvailableLanguages
DA:7,2
DA:244,2
DA:481,2
DA:493,372
DA:494,372
DA:496,372
DA:497,743
DA:498,743
DA:499,25
DA:503,347
DA:512,0
DA:520,0
LF:12
LH:10
BRDA:492,0,0,4
BRDA:494,1,0,372
BRDA:494,1,1,0
BRDA:498,2,0,25
BRDA:498,2,1,718
BRDA:511,3,0,0
BRDA:512,4,0,0
BRDA:512,4,1,0
BRF:8
BRH:4
end_of_record
TN:
SF:src/js/utils/validators.js
FN:11,isNumber
FN:20,isPositiveNumber
FN:31,isInRange
FN:40,isValidInterestRate
FN:49,isValidInflationRate
FN:58,isValidLoanTerm
FN:67,isValidDate
FN:81,isNotEmpty
FN:92,getValidationErrorMessage
FNF:9
FNH:6
FNDA:142,isNumber
FNDA:24,isPositiveNumber
FNDA:48,isInRange
FNDA:23,isValidInterestRate
FNDA:25,isValidInflationRate
FNDA:24,isValidLoanTerm
FNDA:0,isValidDate
FNDA:0,isNotEmpty
FNDA:0,getValidationErrorMessage
DA:12,142
DA:21,24
DA:32,48
DA:41,23
DA:50,25
DA:59,24
DA:68,0
DA:69,0
DA:72,0
DA:73,0
DA:82,0
DA:93,0
DA:104,0
LF:13
LH:6
BRDA:12,0,0,142
BRDA:12,0,1,142
BRDA:21,1,0,24
BRDA:21,1,1,24
BRDA:32,2,0,48
BRDA:32,2,1,48
BRDA:32,2,2,48
BRDA:59,3,0,24
BRDA:59,3,1,24
BRDA:59,3,2,24
BRDA:68,4,0,0
BRDA:68,4,1,0
BRDA:82,5,0,0
BRDA:82,5,1,0
BRDA:82,5,2,0
BRDA:92,6,0,0
BRDA:104,7,0,0
BRDA:104,7,1,0
BRF:18
BRH:10
end_of_record
