TN:
SF:src/js/components/amortization-table.js
FN:22,(anonymous_0)
FN:50,(anonymous_1)
FN:63,(anonymous_2)
FN:90,(anonymous_3)
FN:94,(anonymous_4)
FN:104,(anonymous_5)
FN:130,(anonymous_6)
FN:151,(anonymous_7)
FN:163,(anonymous_8)
FN:166,(anonymous_9)
FN:177,(anonymous_10)
FN:194,(anonymous_11)
FN:214,(anonymous_12)
FN:250,(anonymous_13)
FN:281,(anonymous_14)
FN:288,(anonymous_15)
FN:295,(anonymous_16)
FN:302,(anonymous_17)
FN:309,(anonymous_18)
FN:316,(anonymous_19)
FN:327,(anonymous_20)
FN:350,(anonymous_21)
FN:367,(anonymous_22)
FN:378,(anonymous_23)
FN:436,(anonymous_24)
FN:451,(anonymous_25)
FN:476,(anonymous_26)
FN:495,(anonymous_27)
FN:515,(anonymous_28)
FN:530,(anonymous_29)
FN:543,(anonymous_30)
FN:574,(anonymous_31)
FN:597,(anonymous_32)
FN:622,(anonymous_33)
FN:646,(anonymous_34)
FN:666,(anonymous_35)
FN:677,(anonymous_36)
FN:696,(anonymous_37)
FN:703,(anonymous_38)
FN:745,(anonymous_39)
FN:754,(anonymous_40)
FN:775,(anonymous_41)
FN:780,(anonymous_42)
FN:803,(anonymous_43)
FN:819,(anonymous_44)
FN:834,(anonymous_45)
FN:850,(anonymous_46)
FN:867,(anonymous_47)
FN:877,(anonymous_48)
FN:906,(anonymous_49)
FN:914,(anonymous_50)
FN:922,(anonymous_51)
FN:935,(anonymous_52)
FN:954,(anonymous_53)
FN:955,(anonymous_54)
FN:960,(anonymous_55)
FN:966,(anonymous_56)
FN:973,(anonymous_57)
FN:981,(anonymous_58)
FN:988,(anonymous_59)
FN:994,(anonymous_60)
FN:1017,(anonymous_61)
FN:1040,(anonymous_62)
FN:1041,(anonymous_63)
FN:1049,(anonymous_64)
FN:1056,(anonymous_65)
FN:1064,(anonymous_66)
FN:1067,(anonymous_67)
FN:1076,(anonymous_68)
FN:1088,(anonymous_69)
FN:1091,(anonymous_70)
FN:1092,(anonymous_71)
FN:1100,(anonymous_72)
FN:1110,(anonymous_73)
FN:1111,(anonymous_74)
FN:1120,(anonymous_75)
FN:1121,(anonymous_76)
FNF:77
FNH:0
FNDA:0,(anonymous_0)
FNDA:0,(anonymous_1)
FNDA:0,(anonymous_2)
FNDA:0,(anonymous_3)
FNDA:0,(anonymous_4)
FNDA:0,(anonymous_5)
FNDA:0,(anonymous_6)
FNDA:0,(anonymous_7)
FNDA:0,(anonymous_8)
FNDA:0,(anonymous_9)
FNDA:0,(anonymous_10)
FNDA:0,(anonymous_11)
FNDA:0,(anonymous_12)
FNDA:0,(anonymous_13)
FNDA:0,(anonymous_14)
FNDA:0,(anonymous_15)
FNDA:0,(anonymous_16)
FNDA:0,(anonymous_17)
FNDA:0,(anonymous_18)
FNDA:0,(anonymous_19)
FNDA:0,(anonymous_20)
FNDA:0,(anonymous_21)
FNDA:0,(anonymous_22)
FNDA:0,(anonymous_23)
FNDA:0,(anonymous_24)
FNDA:0,(anonymous_25)
FNDA:0,(anonymous_26)
FNDA:0,(anonymous_27)
FNDA:0,(anonymous_28)
FNDA:0,(anonymous_29)
FNDA:0,(anonymous_30)
FNDA:0,(anonymous_31)
FNDA:0,(anonymous_32)
FNDA:0,(anonymous_33)
FNDA:0,(anonymous_34)
FNDA:0,(anonymous_35)
FNDA:0,(anonymous_36)
FNDA:0,(anonymous_37)
FNDA:0,(anonymous_38)
FNDA:0,(anonymous_39)
FNDA:0,(anonymous_40)
FNDA:0,(anonymous_41)
FNDA:0,(anonymous_42)
FNDA:0,(anonymous_43)
FNDA:0,(anonymous_44)
FNDA:0,(anonymous_45)
FNDA:0,(anonymous_46)
FNDA:0,(anonymous_47)
FNDA:0,(anonymous_48)
FNDA:0,(anonymous_49)
FNDA:0,(anonymous_50)
FNDA:0,(anonymous_51)
FNDA:0,(anonymous_52)
FNDA:0,(anonymous_53)
FNDA:0,(anonymous_54)
FNDA:0,(anonymous_55)
FNDA:0,(anonymous_56)
FNDA:0,(anonymous_57)
FNDA:0,(anonymous_58)
FNDA:0,(anonymous_59)
FNDA:0,(anonymous_60)
FNDA:0,(anonymous_61)
FNDA:0,(anonymous_62)
FNDA:0,(anonymous_63)
FNDA:0,(anonymous_64)
FNDA:0,(anonymous_65)
FNDA:0,(anonymous_66)
FNDA:0,(anonymous_67)
FNDA:0,(anonymous_68)
FNDA:0,(anonymous_69)
FNDA:0,(anonymous_70)
FNDA:0,(anonymous_71)
FNDA:0,(anonymous_72)
FNDA:0,(anonymous_73)
FNDA:0,(anonymous_74)
FNDA:0,(anonymous_75)
FNDA:0,(anonymous_76)
DA:23,0
DA:24,0
DA:31,0
DA:32,0
DA:33,0
DA:34,0
DA:35,0
DA:36,0
DA:39,0
DA:40,0
DA:41,0
DA:42,0
DA:44,0
DA:51,0
DA:52,0
DA:53,0
DA:57,0
DA:64,0
DA:65,0
DA:66,0
DA:86,0
DA:87,0
DA:89,0
DA:90,0
DA:93,0
DA:94,0
DA:98,0
DA:105,0
DA:107,0
DA:108,0
DA:109,0
DA:111,0
DA:113,0
DA:114,0
DA:117,0
DA:118,0
DA:122,0
DA:123,0
DA:131,0
DA:134,0
DA:135,0
DA:136,0
DA:139,0
DA:142,0
DA:143,0
DA:152,0
DA:154,0
DA:155,0
DA:158,0
DA:159,0
DA:163,0
DA:166,0
DA:167,0
DA:168,0
DA:169,0
DA:170,0
DA:178,0
DA:180,0
DA:194,0
DA:215,0
DA:216,0
DA:220,0
DA:221,0
DA:222,0
DA:226,0
DA:229,0
DA:230,0
DA:233,0
DA:235,0
DA:236,0
DA:237,0
DA:238,0
DA:239,0
DA:240,0
DA:242,0
DA:251,0
DA:254,0
DA:257,0
DA:258,0
DA:261,0
DA:264,0
DA:265,0
DA:266,0
DA:275,0
DA:281,0
DA:288,0
DA:295,0
DA:302,0
DA:309,0
DA:316,0
DA:321,0
DA:329,0
DA:334,0
DA:337,0
DA:340,0
DA:343,0
DA:351,0
DA:354,0
DA:355,0
DA:356,0
DA:360,0
DA:368,0
DA:369,0
DA:370,0
DA:380,0
DA:383,0
DA:384,0
DA:387,0
DA:388,0
DA:391,0
DA:392,0
DA:393,0
DA:394,0
DA:397,0
DA:398,0
DA:399,0
DA:400,0
DA:403,0
DA:404,0
DA:407,0
DA:408,0
DA:409,0
DA:412,0
DA:413,0
DA:416,0
DA:417,0
DA:420,0
DA:423,0
DA:426,0
DA:429,0
DA:437,0
DA:438,0
DA:441,0
DA:451,0
DA:452,0
DA:453,0
DA:454,0
DA:455,0
DA:457,0
DA:458,0
DA:459,0
DA:460,0
DA:461,0
DA:462,0
DA:463,0
DA:465,0
DA:468,0
DA:469,0
DA:470,0
DA:472,0
DA:476,0
DA:478,0
DA:481,0
DA:482,0
DA:484,0
DA:485,0
DA:489,0
DA:492,0
DA:495,0
DA:496,0
DA:497,0
DA:498,0
DA:503,0
DA:506,0
DA:507,0
DA:516,0
DA:518,0
DA:519,0
DA:520,0
DA:521,0
DA:522,0
DA:523,0
DA:524,0
DA:525,0
DA:526,0
DA:530,0
DA:531,0
DA:534,0
DA:543,0
DA:544,0
DA:545,0
DA:548,0
DA:549,0
DA:553,0
DA:554,0
DA:556,0
DA:560,0
DA:561,0
DA:562,0
DA:564,0
DA:567,0
DA:575,0
DA:578,0
DA:581,0
DA:582,0
DA:586,0
DA:587,0
DA:588,0
DA:589,0
DA:592,0
DA:593,0
DA:594,0
DA:595,0
DA:596,0
DA:597,0
DA:598,0
DA:599,0
DA:600,0
DA:601,0
DA:604,0
DA:607,0
DA:608,0
DA:609,0
DA:612,0
DA:613,0
DA:617,0
DA:618,0
DA:619,0
DA:620,0
DA:621,0
DA:622,0
DA:623,0
DA:624,0
DA:625,0
DA:627,0
DA:630,0
DA:631,0
DA:632,0
DA:633,0
DA:634,0
DA:639,0
DA:640,0
DA:641,0
DA:642,0
DA:643,0
DA:645,0
DA:646,0
DA:647,0
DA:648,0
DA:650,0
DA:654,0
DA:656,0
DA:657,0
DA:658,0
DA:659,0
DA:660,0
DA:663,0
DA:664,0
DA:665,0
DA:666,0
DA:667,0
DA:668,0
DA:670,0
DA:674,0
DA:675,0
DA:676,0
DA:677,0
DA:678,0
DA:679,0
DA:680,0
DA:683,0
DA:686,0
DA:697,0
DA:698,0
DA:701,0
DA:703,0
DA:708,0
DA:710,0
DA:711,0
DA:712,0
DA:718,0
DA:719,0
DA:720,0
DA:722,0
DA:723,0
DA:727,0
DA:728,0
DA:730,0
DA:731,0
DA:733,0
DA:736,0
DA:746,0
DA:747,0
DA:750,0
DA:751,0
DA:754,0
DA:756,0
DA:757,0
DA:761,0
DA:762,0
DA:763,0
DA:764,0
DA:768,0
DA:776,0
DA:779,0
DA:780,0
DA:781,0
DA:782,0
DA:784,0
DA:785,0
DA:786,0
DA:789,0
DA:790,0
DA:791,0
DA:795,0
DA:796,0
DA:797,0
DA:803,0
DA:804,0
DA:805,0
DA:806,0
DA:807,0
DA:808,0
DA:809,0
DA:821,0
DA:824,0
DA:827,0
DA:835,0
DA:837,0
DA:851,0
DA:852,0
DA:853,0
DA:860,0
DA:868,0
DA:869,0
DA:870,0
DA:878,0
DA:879,0
DA:880,0
DA:901,0
DA:902,0
DA:903,0
DA:905,0
DA:906,0
DA:907,0
DA:908,0
DA:913,0
DA:914,0
DA:915,0
DA:916,0
DA:921,0
DA:922,0
DA:923,0
DA:924,0
DA:928,0
DA:936,0
DA:937,0
DA:939,0
DA:940,0
DA:941,0
DA:944,0
DA:945,0
DA:946,0
DA:955,0
DA:956,0
DA:957,0
DA:958,0
DA:960,0
DA:961,0
DA:962,0
DA:966,0
DA:967,0
DA:968,0
DA:969,0
DA:970,0
DA:971,0
DA:973,0
DA:974,0
DA:975,0
DA:981,0
DA:982,0
DA:983,0
DA:984,0
DA:985,0
DA:986,0
DA:988,0
DA:989,0
DA:990,0
DA:996,0
DA:997,0
DA:999,0
DA:1000,0
DA:1002,0
DA:1003,0
DA:1004,0
DA:1007,0
DA:1008,0
DA:1009,0
DA:1019,0
DA:1020,0
DA:1021,0
DA:1024,0
DA:1025,0
DA:1029,0
DA:1030,0
DA:1031,0
DA:1041,0
DA:1043,0
DA:1044,0
DA:1045,0
DA:1046,0
DA:1047,0
DA:1049,0
DA:1050,0
DA:1051,0
DA:1056,0
DA:1057,0
DA:1064,0
DA:1065,0
DA:1069,0
DA:1070,0
DA:1071,0
DA:1072,0
DA:1075,0
DA:1076,0
DA:1077,0
DA:1078,0
DA:1090,0
DA:1091,0
DA:1092,0
DA:1093,0
DA:1094,0
DA:1095,0
DA:1096,0
DA:1100,0
DA:1101,0
DA:1102,0
DA:1103,0
DA:1109,0
DA:1110,0
DA:1111,0
DA:1112,0
DA:1113,0
DA:1119,0
DA:1120,0
DA:1121,0
DA:1122,0
DA:1123,0
LF:438
LH:0
BRDA:22,0,0,0
BRDA:23,1,0,0
BRDA:23,1,1,0
BRDA:31,2,0,0
BRDA:31,2,1,0
BRDA:40,3,0,0
BRDA:40,3,1,0
BRDA:51,4,0,0
BRDA:51,4,1,0
BRDA:89,5,0,0
BRDA:89,5,1,0
BRDA:93,6,0,0
BRDA:93,6,1,0
BRDA:105,7,0,0
BRDA:105,7,1,0
BRDA:108,8,0,0
BRDA:108,8,1,0
BRDA:109,9,0,0
BRDA:109,9,1,0
BRDA:113,10,0,0
BRDA:113,10,1,0
BRDA:117,11,0,0
BRDA:117,11,1,0
BRDA:117,12,0,0
BRDA:117,12,1,0
BRDA:122,13,0,0
BRDA:122,13,1,0
BRDA:131,14,0,0
BRDA:131,14,1,0
BRDA:142,15,0,0
BRDA:142,15,1,0
BRDA:152,16,0,0
BRDA:152,16,1,0
BRDA:155,17,0,0
BRDA:155,17,1,0
BRDA:178,18,0,0
BRDA:178,18,1,0
BRDA:215,19,0,0
BRDA:215,19,1,0
BRDA:220,20,0,0
BRDA:220,20,1,0
BRDA:220,21,0,0
BRDA:220,21,1,0
BRDA:220,21,2,0
BRDA:226,22,0,0
BRDA:226,22,1,0
BRDA:233,23,0,0
BRDA:233,23,1,0
BRDA:235,24,0,0
BRDA:235,24,1,0
BRDA:235,25,0,0
BRDA:235,25,1,0
BRDA:237,26,0,0
BRDA:237,26,1,0
BRDA:237,27,0,0
BRDA:237,27,1,0
BRDA:239,28,0,0
BRDA:239,28,1,0
BRDA:239,29,0,0
BRDA:239,29,1,0
BRDA:354,30,0,0
BRDA:354,30,1,0
BRDA:368,31,0,0
BRDA:368,31,1,0
BRDA:457,32,0,0
BRDA:457,32,1,0
BRDA:462,33,0,0
BRDA:462,33,1,0
BRDA:463,34,0,0
BRDA:463,34,1,0
BRDA:468,35,0,0
BRDA:468,35,1,0
BRDA:469,36,0,0
BRDA:469,36,1,0
BRDA:470,37,0,0
BRDA:470,37,1,0
BRDA:478,38,0,0
BRDA:478,38,1,0
BRDA:478,39,0,0
BRDA:478,39,1,0
BRDA:481,40,0,0
BRDA:481,40,1,0
BRDA:482,41,0,0
BRDA:482,41,1,0
BRDA:496,42,0,0
BRDA:496,42,1,0
BRDA:496,43,0,0
BRDA:496,43,1,0
BRDA:518,44,0,0
BRDA:518,44,1,0
BRDA:518,45,0,0
BRDA:518,45,1,0
BRDA:548,46,0,0
BRDA:548,46,1,0
BRDA:575,47,0,0
BRDA:575,47,1,0
BRDA:581,48,0,0
BRDA:581,48,1,0
BRDA:598,49,0,0
BRDA:598,49,1,0
BRDA:612,50,0,0
BRDA:612,50,1,0
BRDA:617,51,0,0
BRDA:617,51,1,0
BRDA:630,52,0,0
BRDA:630,52,1,0
BRDA:642,53,0,0
BRDA:642,53,1,0
BRDA:654,54,0,0
BRDA:654,54,1,0
BRDA:656,55,0,0
BRDA:656,55,1,0
BRDA:678,56,0,0
BRDA:678,56,1,0
BRDA:697,57,0,0
BRDA:697,57,1,0
BRDA:697,58,0,0
BRDA:697,58,1,0
BRDA:697,58,2,0
BRDA:708,59,0,0
BRDA:708,59,1,0
BRDA:708,59,2,0
BRDA:708,59,3,0
BRDA:708,59,4,0
BRDA:708,59,5,0
BRDA:708,59,6,0
BRDA:727,60,0,0
BRDA:727,60,1,0
BRDA:728,61,0,0
BRDA:728,61,1,0
BRDA:730,62,0,0
BRDA:730,62,1,0
BRDA:731,63,0,0
BRDA:731,63,1,0
BRDA:746,64,0,0
BRDA:746,64,1,0
BRDA:746,65,0,0
BRDA:746,65,1,0
BRDA:746,65,2,0
BRDA:750,66,0,0
BRDA:750,66,1,0
BRDA:750,67,0,0
BRDA:750,67,1,0
BRDA:756,68,0,0
BRDA:756,68,1,0
BRDA:756,69,0,0
BRDA:756,69,1,0
BRDA:761,70,0,0
BRDA:761,70,1,0
BRDA:763,71,0,0
BRDA:763,71,1,0
BRDA:763,72,0,0
BRDA:763,72,1,0
BRDA:776,73,0,0
BRDA:776,73,1,0
BRDA:784,74,0,0
BRDA:784,74,1,0
BRDA:784,75,0,0
BRDA:784,75,1,0
BRDA:785,76,0,0
BRDA:785,76,1,0
BRDA:786,77,0,0
BRDA:786,77,1,0
BRDA:789,78,0,0
BRDA:789,78,1,0
BRDA:795,79,0,0
BRDA:795,79,1,0
BRDA:805,80,0,0
BRDA:805,80,1,0
BRDA:807,81,0,0
BRDA:807,81,1,0
BRDA:834,82,0,0
BRDA:835,83,0,0
BRDA:835,83,1,0
BRDA:869,84,0,0
BRDA:869,84,1,0
BRDA:905,85,0,0
BRDA:905,85,1,0
BRDA:907,86,0,0
BRDA:907,86,1,0
BRDA:913,87,0,0
BRDA:913,87,1,0
BRDA:915,88,0,0
BRDA:915,88,1,0
BRDA:921,89,0,0
BRDA:921,89,1,0
BRDA:939,90,0,0
BRDA:939,90,1,0
BRDA:939,91,0,0
BRDA:939,91,1,0
BRDA:944,92,0,0
BRDA:944,92,1,0
BRDA:968,93,0,0
BRDA:968,93,1,0
BRDA:983,94,0,0
BRDA:983,94,1,0
BRDA:1002,95,0,0
BRDA:1002,95,1,0
BRDA:1007,96,0,0
BRDA:1007,96,1,0
BRDA:1019,97,0,0
BRDA:1019,97,1,0
BRDA:1024,98,0,0
BRDA:1024,98,1,0
BRDA:1044,99,0,0
BRDA:1044,99,1,0
BRDA:1070,100,0,0
BRDA:1070,100,1,0
BRDA:1093,101,0,0
BRDA:1093,101,1,0
BRDA:1101,102,0,0
BRDA:1101,102,1,0
BRDA:1112,103,0,0
BRDA:1112,103,1,0
BRDA:1122,104,0,0
BRDA:1122,104,1,0
BRF:216
BRH:0
end_of_record
TN:
SF:src/js/components/calculator-form.js
FN:19,(anonymous_0)
FN:21,(anonymous_1)
FN:53,(anonymous_2)
FN:67,(anonymous_3)
FN:76,(anonymous_4)
FN:92,(anonymous_5)
FN:96,(anonymous_6)
FN:106,(anonymous_7)
FN:284,(anonymous_8)
FN:388,(anonymous_9)
FN:396,(anonymous_10)
FN:404,(anonymous_11)
FN:412,(anonymous_12)
FN:418,(anonymous_13)
FN:433,(anonymous_14)
FN:434,(anonymous_15)
FN:452,(anonymous_16)
FN:453,(anonymous_17)
FN:496,(anonymous_18)
FN:518,(anonymous_19)
FN:524,(anonymous_20)
FN:530,(anonymous_21)
FN:540,(anonymous_22)
FN:609,(anonymous_23)
FN:659,(anonymous_24)
FN:729,(anonymous_25)
FN:737,(anonymous_26)
FN:753,(anonymous_27)
FN:782,(anonymous_28)
FN:813,(anonymous_29)
FN:846,(anonymous_30)
FN:847,(anonymous_31)
FN:848,(anonymous_32)
FN:863,(anonymous_33)
FN:875,(anonymous_34)
FN:890,(anonymous_35)
FN:900,(anonymous_36)
FN:924,(anonymous_37)
FN:936,(anonymous_38)
FN:946,(anonymous_39)
FN:971,(anonymous_40)
FN:981,(anonymous_41)
FN:1009,(anonymous_42)
FN:1026,(anonymous_43)
FN:1047,(anonymous_44)
FN:1058,(anonymous_45)
FN:1063,(anonymous_46)
FN:1071,(anonymous_47)
FN:1076,(anonymous_48)
FN:1081,(anonymous_49)
FN:1092,(anonymous_50)
FNF:51
FNH:0
FNDA:0,(anonymous_0)
FNDA:0,(anonymous_1)
FNDA:0,(anonymous_2)
FNDA:0,(anonymous_3)
FNDA:0,(anonymous_4)
FNDA:0,(anonymous_5)
FNDA:0,(anonymous_6)
FNDA:0,(anonymous_7)
FNDA:0,(anonymous_8)
FNDA:0,(anonymous_9)
FNDA:0,(anonymous_10)
FNDA:0,(anonymous_11)
FNDA:0,(anonymous_12)
FNDA:0,(anonymous_13)
FNDA:0,(anonymous_14)
FNDA:0,(anonymous_15)
FNDA:0,(anonymous_16)
FNDA:0,(anonymous_17)
FNDA:0,(anonymous_18)
FNDA:0,(anonymous_19)
FNDA:0,(anonymous_20)
FNDA:0,(anonymous_21)
FNDA:0,(anonymous_22)
FNDA:0,(anonymous_23)
FNDA:0,(anonymous_24)
FNDA:0,(anonymous_25)
FNDA:0,(anonymous_26)
FNDA:0,(anonymous_27)
FNDA:0,(anonymous_28)
FNDA:0,(anonymous_29)
FNDA:0,(anonymous_30)
FNDA:0,(anonymous_31)
FNDA:0,(anonymous_32)
FNDA:0,(anonymous_33)
FNDA:0,(anonymous_34)
FNDA:0,(anonymous_35)
FNDA:0,(anonymous_36)
FNDA:0,(anonymous_37)
FNDA:0,(anonymous_38)
FNDA:0,(anonymous_39)
FNDA:0,(anonymous_40)
FNDA:0,(anonymous_41)
FNDA:0,(anonymous_42)
FNDA:0,(anonymous_43)
FNDA:0,(anonymous_44)
FNDA:0,(anonymous_45)
FNDA:0,(anonymous_46)
FNDA:0,(anonymous_47)
FNDA:0,(anonymous_48)
FNDA:0,(anonymous_49)
FNDA:0,(anonymous_50)
DA:20,0
DA:21,0
DA:22,0
DA:33,0
DA:34,0
DA:37,0
DA:40,0
DA:41,0
DA:45,0
DA:48,0
DA:50,0
DA:54,0
DA:55,0
DA:58,0
DA:61,0
DA:68,0
DA:69,0
DA:71,0
DA:78,0
DA:79,0
DA:81,0
DA:82,0
DA:83,0
DA:86,0
DA:93,0
DA:96,0
DA:98,0
DA:107,0
DA:108,0
DA:109,0
DA:285,0
DA:286,0
DA:287,0
DA:382,0
DA:385,0
DA:389,0
DA:392,0
DA:393,0
DA:396,0
DA:397,0
DA:398,0
DA:402,0
DA:403,0
DA:404,0
DA:405,0
DA:410,0
DA:411,0
DA:412,0
DA:416,0
DA:417,0
DA:418,0
DA:419,0
DA:420,0
DA:425,0
DA:426,0
DA:427,0
DA:428,0
DA:429,0
DA:432,0
DA:433,0
DA:434,0
DA:435,0
DA:436,0
DA:437,0
DA:439,0
DA:440,0
DA:441,0
DA:444,0
DA:445,0
DA:451,0
DA:452,0
DA:453,0
DA:454,0
DA:455,0
DA:457,0
DA:460,0
DA:461,0
DA:462,0
DA:464,0
DA:465,0
DA:466,0
DA:467,0
DA:470,0
DA:471,0
DA:472,0
DA:475,0
DA:476,0
DA:482,0
DA:487,0
DA:490,0
DA:498,0
DA:499,0
DA:503,0
DA:506,0
DA:507,0
DA:508,0
DA:509,0
DA:519,0
DA:520,0
DA:522,0
DA:524,0
DA:525,0
DA:526,0
DA:530,0
DA:531,0
DA:541,0
DA:543,0
DA:546,0
DA:547,0
DA:549,0
DA:550,0
DA:551,0
DA:552,0
DA:553,0
DA:556,0
DA:557,0
DA:558,0
DA:565,0
DA:566,0
DA:567,0
DA:568,0
DA:569,0
DA:570,0
DA:571,0
DA:576,0
DA:577,0
DA:579,0
DA:580,0
DA:581,0
DA:585,0
DA:586,0
DA:588,0
DA:589,0
DA:590,0
DA:594,0
DA:595,0
DA:596,0
DA:600,0
DA:610,0
DA:611,0
DA:613,0
DA:614,0
DA:616,0
DA:617,0
DA:619,0
DA:621,0
DA:624,0
DA:625,0
DA:629,0
DA:630,0
DA:632,0
DA:633,0
DA:634,0
DA:635,0
DA:636,0
DA:637,0
DA:639,0
DA:640,0
DA:641,0
DA:642,0
DA:643,0
DA:646,0
DA:650,0
DA:660,0
DA:661,0
DA:662,0
DA:663,0
DA:665,0
DA:667,0
DA:668,0
DA:670,0
DA:671,0
DA:673,0
DA:674,0
DA:676,0
DA:679,0
DA:680,0
DA:682,0
DA:683,0
DA:685,0
DA:688,0
DA:689,0
DA:691,0
DA:692,0
DA:694,0
DA:697,0
DA:698,0
DA:700,0
DA:701,0
DA:703,0
DA:706,0
DA:707,0
DA:709,0
DA:712,0
DA:713,0
DA:715,0
DA:716,0
DA:718,0
DA:721,0
DA:730,0
DA:731,0
DA:733,0
DA:736,0
DA:737,0
DA:738,0
DA:739,0
DA:741,0
DA:742,0
DA:743,0
DA:747,0
DA:754,0
DA:757,0
DA:758,0
DA:759,0
DA:760,0
DA:761,0
DA:765,0
DA:766,0
DA:767,0
DA:771,0
DA:778,0
DA:783,0
DA:788,0
DA:789,0
DA:790,0
DA:791,0
DA:792,0
DA:793,0
DA:803,0
DA:805,0
DA:808,0
DA:809,0
DA:813,0
DA:814,0
DA:817,0
DA:818,0
DA:819,0
DA:824,0
DA:826,0
DA:837,0
DA:838,0
DA:839,0
DA:842,0
DA:846,0
DA:847,0
DA:848,0
DA:854,0
DA:855,0
DA:859,0
DA:860,0
DA:863,0
DA:864,0
DA:867,0
DA:870,0
DA:871,0
DA:872,0
DA:875,0
DA:876,0
DA:879,0
DA:882,0
DA:883,0
DA:884,0
DA:885,0
DA:886,0
DA:890,0
DA:891,0
DA:902,0
DA:903,0
DA:904,0
DA:908,0
DA:909,0
DA:910,0
DA:919,0
DA:920,0
DA:921,0
DA:924,0
DA:925,0
DA:926,0
DA:937,0
DA:938,0
DA:940,0
DA:945,0
DA:946,0
DA:947,0
DA:948,0
DA:951,0
DA:952,0
DA:956,0
DA:957,0
DA:960,0
DA:963,0
DA:964,0
DA:972,0
DA:978,0
DA:979,0
DA:981,0
DA:982,0
DA:983,0
DA:985,0
DA:987,0
DA:988,0
DA:989,0
DA:991,0
DA:996,0
DA:997,0
DA:1002,0
DA:1003,0
DA:1010,0
DA:1011,0
DA:1014,0
DA:1016,0
DA:1027,0
DA:1028,0
DA:1029,0
DA:1030,0
DA:1031,0
DA:1034,0
DA:1037,0
DA:1038,0
DA:1048,0
DA:1049,0
DA:1050,0
DA:1051,0
DA:1059,0
DA:1061,0
DA:1063,0
DA:1064,0
DA:1065,0
DA:1068,0
DA:1071,0
DA:1072,0
DA:1076,0
DA:1077,0
DA:1081,0
DA:1082,0
DA:1093,0
DA:1094,0
DA:1095,0
DA:1097,0
DA:1098,0
DA:1100,0
LF:341
LH:0
BRDA:19,0,0,0
BRDA:20,1,0,0
BRDA:20,1,1,0
BRDA:21,2,0,0
BRDA:21,2,1,0
BRDA:33,3,0,0
BRDA:33,3,1,0
BRDA:40,4,0,0
BRDA:40,4,1,0
BRDA:69,5,0,0
BRDA:69,5,1,0
BRDA:81,6,0,0
BRDA:81,6,1,0
BRDA:81,7,0,0
BRDA:81,7,1,0
BRDA:93,8,0,0
BRDA:93,8,1,0
BRDA:108,9,0,0
BRDA:108,9,1,0
BRDA:109,10,0,0
BRDA:109,10,1,0
BRDA:138,11,0,0
BRDA:138,11,1,0
BRDA:140,12,0,0
BRDA:140,12,1,0
BRDA:140,13,0,0
BRDA:140,13,1,0
BRDA:156,14,0,0
BRDA:156,14,1,0
BRDA:157,15,0,0
BRDA:157,15,1,0
BRDA:177,16,0,0
BRDA:177,16,1,0
BRDA:190,17,0,0
BRDA:190,17,1,0
BRDA:191,18,0,0
BRDA:191,18,1,0
BRDA:286,19,0,0
BRDA:286,19,1,0
BRDA:287,20,0,0
BRDA:287,20,1,0
BRDA:323,21,0,0
BRDA:323,21,1,0
BRDA:336,22,0,0
BRDA:336,22,1,0
BRDA:343,23,0,0
BRDA:343,23,1,0
BRDA:344,24,0,0
BRDA:344,24,1,0
BRDA:355,25,0,0
BRDA:355,25,1,0
BRDA:389,26,0,0
BRDA:389,26,1,0
BRDA:393,27,0,0
BRDA:393,27,1,0
BRDA:403,28,0,0
BRDA:403,28,1,0
BRDA:411,29,0,0
BRDA:411,29,1,0
BRDA:417,30,0,0
BRDA:417,30,1,0
BRDA:439,31,0,0
BRDA:439,31,1,0
BRDA:439,32,0,0
BRDA:439,32,1,0
BRDA:454,33,0,0
BRDA:454,33,1,0
BRDA:460,34,0,0
BRDA:460,34,1,0
BRDA:464,35,0,0
BRDA:464,35,1,0
BRDA:464,36,0,0
BRDA:464,36,1,0
BRDA:470,37,0,0
BRDA:470,37,1,0
BRDA:498,38,0,0
BRDA:498,38,1,0
BRDA:506,39,0,0
BRDA:506,39,1,0
BRDA:508,40,0,0
BRDA:508,40,1,0
BRDA:522,41,0,0
BRDA:522,41,1,0
BRDA:522,42,0,0
BRDA:522,42,1,0
BRDA:541,43,0,0
BRDA:541,43,1,0
BRDA:549,44,0,0
BRDA:549,44,1,0
BRDA:549,45,0,0
BRDA:549,45,1,0
BRDA:557,46,0,0
BRDA:557,46,1,0
BRDA:559,47,0,0
BRDA:559,47,1,0
BRDA:560,48,0,0
BRDA:560,48,1,0
BRDA:566,49,0,0
BRDA:566,49,1,0
BRDA:569,50,0,0
BRDA:569,50,1,0
BRDA:579,51,0,0
BRDA:579,51,1,0
BRDA:579,52,0,0
BRDA:579,52,1,0
BRDA:588,53,0,0
BRDA:588,53,1,0
BRDA:588,54,0,0
BRDA:588,54,1,0
BRDA:594,55,0,0
BRDA:594,55,1,0
BRDA:611,56,0,0
BRDA:611,56,1,0
BRDA:619,57,0,0
BRDA:619,57,1,0
BRDA:632,58,0,0
BRDA:632,58,1,0
BRDA:632,59,0,0
BRDA:632,59,1,0
BRDA:633,60,0,0
BRDA:633,60,1,0
BRDA:661,61,0,0
BRDA:661,61,1,0
BRDA:662,62,0,0
BRDA:662,62,1,0
BRDA:665,63,0,0
BRDA:665,63,1,0
BRDA:665,63,2,0
BRDA:665,63,3,0
BRDA:665,63,4,0
BRDA:665,63,5,0
BRDA:665,63,6,0
BRDA:667,64,0,0
BRDA:667,64,1,0
BRDA:667,65,0,0
BRDA:667,65,1,0
BRDA:670,66,0,0
BRDA:670,66,1,0
BRDA:670,67,0,0
BRDA:670,67,1,0
BRDA:673,68,0,0
BRDA:673,68,1,0
BRDA:673,69,0,0
BRDA:673,69,1,0
BRDA:679,70,0,0
BRDA:679,70,1,0
BRDA:679,71,0,0
BRDA:679,71,1,0
BRDA:682,72,0,0
BRDA:682,72,1,0
BRDA:688,73,0,0
BRDA:688,73,1,0
BRDA:688,74,0,0
BRDA:688,74,1,0
BRDA:691,75,0,0
BRDA:691,75,1,0
BRDA:697,76,0,0
BRDA:697,76,1,0
BRDA:697,77,0,0
BRDA:697,77,1,0
BRDA:700,78,0,0
BRDA:700,78,1,0
BRDA:700,79,0,0
BRDA:700,79,1,0
BRDA:706,80,0,0
BRDA:706,80,1,0
BRDA:706,81,0,0
BRDA:706,81,1,0
BRDA:712,82,0,0
BRDA:712,82,1,0
BRDA:712,83,0,0
BRDA:712,83,1,0
BRDA:715,84,0,0
BRDA:715,84,1,0
BRDA:733,85,0,0
BRDA:733,85,1,0
BRDA:738,86,0,0
BRDA:738,86,1,0
BRDA:741,87,0,0
BRDA:741,87,1,0
BRDA:743,88,0,0
BRDA:743,88,1,0
BRDA:757,89,0,0
BRDA:757,89,1,0
BRDA:766,90,0,0
BRDA:766,90,1,0
BRDA:766,91,0,0
BRDA:766,91,1,0
BRDA:789,92,0,0
BRDA:789,92,1,0
BRDA:808,93,0,0
BRDA:808,93,1,0
BRDA:817,94,0,0
BRDA:817,94,1,0
BRDA:817,95,0,0
BRDA:817,95,1,0
BRDA:854,96,0,0
BRDA:854,96,1,0
BRDA:870,97,0,0
BRDA:870,97,1,0
BRDA:879,98,0,0
BRDA:879,98,1,0
BRDA:882,99,0,0
BRDA:882,99,1,0
BRDA:885,100,0,0
BRDA:885,100,1,0
BRDA:903,101,0,0
BRDA:903,101,1,0
BRDA:920,102,0,0
BRDA:920,102,1,0
BRDA:925,103,0,0
BRDA:925,103,1,0
BRDA:938,104,0,0
BRDA:938,104,1,0
BRDA:947,105,0,0
BRDA:947,105,1,0
BRDA:951,106,0,0
BRDA:951,106,1,0
BRDA:951,107,0,0
BRDA:951,107,1,0
BRDA:956,108,0,0
BRDA:956,108,1,0
BRDA:979,109,0,0
BRDA:979,109,1,0
BRDA:985,110,0,0
BRDA:985,110,1,0
BRDA:987,111,0,0
BRDA:987,111,1,0
BRDA:987,112,0,0
BRDA:987,112,1,0
BRDA:996,113,0,0
BRDA:996,113,1,0
BRDA:1010,114,0,0
BRDA:1010,114,1,0
BRDA:1014,115,0,0
BRDA:1014,115,1,0
BRDA:1027,116,0,0
BRDA:1027,116,1,0
BRDA:1037,117,0,0
BRDA:1037,117,1,0
BRDA:1048,118,0,0
BRDA:1048,118,1,0
BRDA:1059,119,0,0
BRDA:1059,119,1,0
BRDA:1065,120,0,0
BRDA:1065,120,1,0
BRDA:1065,121,0,0
BRDA:1065,121,1,0
BRDA:1093,122,0,0
BRDA:1093,122,1,0
BRDA:1097,123,0,0
BRDA:1097,123,1,0
BRDA:1097,124,0,0
BRDA:1097,124,1,0
BRDA:1097,124,2,0
BRF:255
BRH:0
end_of_record
TN:
SF:src/js/components/charts.js
FN:17,(anonymous_0)
FN:40,(anonymous_1)
FN:57,(anonymous_2)
FN:114,(anonymous_3)
FN:116,(anonymous_4)
FN:125,(anonymous_5)
FN:127,(anonymous_6)
FN:140,(anonymous_7)
FN:162,(anonymous_8)
FN:165,(anonymous_9)
FN:166,(anonymous_10)
FN:167,(anonymous_11)
FN:168,(anonymous_12)
FN:218,(anonymous_13)
FN:260,(anonymous_14)
FN:286,(anonymous_15)
FN:335,(anonymous_16)
FN:338,(anonymous_17)
FN:370,(anonymous_18)
FN:387,(anonymous_19)
FN:420,(anonymous_20)
FN:456,(anonymous_21)
FN:477,(anonymous_22)
FN:485,(anonymous_23)
FN:497,(anonymous_24)
FN:507,(anonymous_25)
FN:527,(anonymous_26)
FN:543,(anonymous_27)
FN:565,(anonymous_28)
FN:568,(anonymous_29)
FN:569,(anonymous_30)
FN:570,(anonymous_31)
FN:611,(anonymous_32)
FN:654,(anonymous_33)
FN:709,(anonymous_34)
FN:711,(anonymous_35)
FN:726,(anonymous_36)
FN:740,(anonymous_37)
FN:743,(anonymous_38)
FN:750,(anonymous_39)
FN:756,(anonymous_40)
FN:759,(anonymous_41)
FN:772,(anonymous_42)
FN:774,(anonymous_43)
FN:782,(anonymous_44)
FN:807,(anonymous_45)
FN:812,(anonymous_46)
FN:815,(anonymous_47)
FN:828,(anonymous_48)
FN:832,(anonymous_49)
FN:839,(anonymous_50)
FNF:51
FNH:0
FNDA:0,(anonymous_0)
FNDA:0,(anonymous_1)
FNDA:0,(anonymous_2)
FNDA:0,(anonymous_3)
FNDA:0,(anonymous_4)
FNDA:0,(anonymous_5)
FNDA:0,(anonymous_6)
FNDA:0,(anonymous_7)
FNDA:0,(anonymous_8)
FNDA:0,(anonymous_9)
FNDA:0,(anonymous_10)
FNDA:0,(anonymous_11)
FNDA:0,(anonymous_12)
FNDA:0,(anonymous_13)
FNDA:0,(anonymous_14)
FNDA:0,(anonymous_15)
FNDA:0,(anonymous_16)
FNDA:0,(anonymous_17)
FNDA:0,(anonymous_18)
FNDA:0,(anonymous_19)
FNDA:0,(anonymous_20)
FNDA:0,(anonymous_21)
FNDA:0,(anonymous_22)
FNDA:0,(anonymous_23)
FNDA:0,(anonymous_24)
FNDA:0,(anonymous_25)
FNDA:0,(anonymous_26)
FNDA:0,(anonymous_27)
FNDA:0,(anonymous_28)
FNDA:0,(anonymous_29)
FNDA:0,(anonymous_30)
FNDA:0,(anonymous_31)
FNDA:0,(anonymous_32)
FNDA:0,(anonymous_33)
FNDA:0,(anonymous_34)
FNDA:0,(anonymous_35)
FNDA:0,(anonymous_36)
FNDA:0,(anonymous_37)
FNDA:0,(anonymous_38)
FNDA:0,(anonymous_39)
FNDA:0,(anonymous_40)
FNDA:0,(anonymous_41)
FNDA:0,(anonymous_42)
FNDA:0,(anonymous_43)
FNDA:0,(anonymous_44)
FNDA:0,(anonymous_45)
FNDA:0,(anonymous_46)
FNDA:0,(anonymous_47)
FNDA:0,(anonymous_48)
FNDA:0,(anonymous_49)
FNDA:0,(anonymous_50)
DA:18,0
DA:19,0
DA:26,0
DA:32,0
DA:34,0
DA:41,0
DA:42,0
DA:43,0
DA:47,0
DA:50,0
DA:59,0
DA:60,0
DA:61,0
DA:62,0
DA:63,0
DA:68,0
DA:71,0
DA:72,0
DA:73,0
DA:74,0
DA:75,0
DA:80,0
DA:83,0
DA:84,0
DA:85,0
DA:86,0
DA:87,0
DA:88,0
DA:93,0
DA:96,0
DA:97,0
DA:98,0
DA:99,0
DA:100,0
DA:101,0
DA:106,0
DA:116,0
DA:117,0
DA:127,0
DA:128,0
DA:129,0
DA:141,0
DA:142,0
DA:145,0
DA:146,0
DA:149,0
DA:152,0
DA:153,0
DA:156,0
DA:157,0
DA:161,0
DA:162,0
DA:165,0
DA:166,0
DA:167,0
DA:168,0
DA:171,0
DA:172,0
DA:176,0
DA:219,0
DA:220,0
DA:221,0
DA:223,0
DA:224,0
DA:229,0
DA:261,0
DA:274,0
DA:277,0
DA:287,0
DA:288,0
DA:291,0
DA:292,0
DA:295,0
DA:298,0
DA:299,0
DA:302,0
DA:303,0
DA:304,0
DA:307,0
DA:308,0
DA:312,0
DA:336,0
DA:337,0
DA:338,0
DA:339,0
DA:341,0
DA:360,0
DA:363,0
DA:371,0
DA:372,0
DA:375,0
DA:376,0
DA:379,0
DA:382,0
DA:383,0
DA:386,0
DA:387,0
DA:388,0
DA:389,0
DA:390,0
DA:391,0
DA:393,0
DA:403,0
DA:404,0
DA:408,0
DA:421,0
DA:422,0
DA:423,0
DA:425,0
DA:426,0
DA:431,0
DA:457,0
DA:470,0
DA:478,0
DA:479,0
DA:482,0
DA:485,0
DA:486,0
DA:487,0
DA:498,0
DA:500,0
DA:501,0
DA:502,0
DA:505,0
DA:507,0
DA:508,0
DA:509,0
DA:511,0
DA:512,0
DA:514,0
DA:515,0
DA:521,0
DA:522,0
DA:526,0
DA:527,0
DA:528,0
DA:533,0
DA:544,0
DA:545,0
DA:548,0
DA:549,0
DA:552,0
DA:555,0
DA:556,0
DA:559,0
DA:560,0
DA:564,0
DA:565,0
DA:568,0
DA:569,0
DA:570,0
DA:573,0
DA:574,0
DA:578,0
DA:612,0
DA:613,0
DA:614,0
DA:616,0
DA:617,0
DA:622,0
DA:655,0
DA:668,0
DA:671,0
DA:672,0
DA:673,0
DA:674,0
DA:675,0
DA:676,0
DA:678,0
DA:711,0
DA:712,0
DA:713,0
DA:714,0
DA:719,0
DA:726,0
DA:727,0
DA:728,0
DA:729,0
DA:741,0
DA:743,0
DA:745,0
DA:746,0
DA:747,0
DA:750,0
DA:751,0
DA:752,0
DA:756,0
DA:757,0
DA:761,0
DA:762,0
DA:774,0
DA:775,0
DA:776,0
DA:777,0
DA:778,0
DA:782,0
DA:783,0
DA:784,0
DA:785,0
DA:790,0
DA:792,0
DA:793,0
DA:795,0
DA:796,0
DA:798,0
DA:809,0
DA:810,0
DA:812,0
DA:813,0
DA:814,0
DA:815,0
DA:816,0
DA:830,0
DA:831,0
DA:832,0
DA:833,0
DA:834,0
DA:835,0
DA:839,0
DA:840,0
DA:841,0
LF:221
LH:0
BRDA:17,0,0,0
BRDA:18,1,0,0
BRDA:18,1,1,0
BRDA:19,2,0,0
BRDA:19,2,1,0
BRDA:41,3,0,0
BRDA:41,3,1,0
BRDA:59,4,0,0
BRDA:59,4,1,0
BRDA:71,5,0,0
BRDA:71,5,1,0
BRDA:83,6,0,0
BRDA:83,6,1,0
BRDA:96,7,0,0
BRDA:96,7,1,0
BRDA:128,8,0,0
BRDA:128,8,1,0
BRDA:141,9,0,0
BRDA:141,9,1,0
BRDA:141,10,0,0
BRDA:141,10,1,0
BRDA:141,10,2,0
BRDA:141,10,3,0
BRDA:146,11,0,0
BRDA:146,11,1,0
BRDA:153,12,0,0
BRDA:153,12,1,0
BRDA:162,13,0,0
BRDA:162,13,1,0
BRDA:171,14,0,0
BRDA:171,14,1,0
BRDA:219,15,0,0
BRDA:219,15,1,0
BRDA:220,16,0,0
BRDA:220,16,1,0
BRDA:223,17,0,0
BRDA:223,17,1,0
BRDA:287,18,0,0
BRDA:287,18,1,0
BRDA:287,19,0,0
BRDA:287,19,1,0
BRDA:287,19,2,0
BRDA:287,19,3,0
BRDA:292,20,0,0
BRDA:292,20,1,0
BRDA:299,21,0,0
BRDA:299,21,1,0
BRDA:307,22,0,0
BRDA:307,22,1,0
BRDA:323,23,0,0
BRDA:323,23,1,0
BRDA:324,24,0,0
BRDA:324,24,1,0
BRDA:336,25,0,0
BRDA:336,25,1,0
BRDA:371,26,0,0
BRDA:371,26,1,0
BRDA:371,27,0,0
BRDA:371,27,1,0
BRDA:371,27,2,0
BRDA:376,28,0,0
BRDA:376,28,1,0
BRDA:383,29,0,0
BRDA:383,29,1,0
BRDA:390,30,0,0
BRDA:390,30,1,0
BRDA:391,31,0,0
BRDA:391,31,1,0
BRDA:394,32,0,0
BRDA:394,32,1,0
BRDA:397,33,0,0
BRDA:397,33,1,0
BRDA:403,34,0,0
BRDA:403,34,1,0
BRDA:421,35,0,0
BRDA:421,35,1,0
BRDA:422,36,0,0
BRDA:422,36,1,0
BRDA:425,37,0,0
BRDA:425,37,1,0
BRDA:478,38,0,0
BRDA:478,38,1,0
BRDA:478,39,0,0
BRDA:478,39,1,0
BRDA:486,40,0,0
BRDA:486,40,1,0
BRDA:498,41,0,0
BRDA:498,41,1,0
BRDA:501,42,0,0
BRDA:501,42,1,0
BRDA:502,43,0,0
BRDA:502,43,1,0
BRDA:505,44,0,0
BRDA:505,44,1,0
BRDA:508,45,0,0
BRDA:508,45,1,0
BRDA:511,46,0,0
BRDA:511,46,1,0
BRDA:514,47,0,0
BRDA:514,47,1,0
BRDA:521,48,0,0
BRDA:521,48,1,0
BRDA:521,49,0,0
BRDA:521,49,1,0
BRDA:526,50,0,0
BRDA:526,50,1,0
BRDA:526,51,0,0
BRDA:526,51,1,0
BRDA:528,52,0,0
BRDA:528,52,1,0
BRDA:544,53,0,0
BRDA:544,53,1,0
BRDA:544,54,0,0
BRDA:544,54,1,0
BRDA:544,54,2,0
BRDA:544,54,3,0
BRDA:544,54,4,0
BRDA:549,55,0,0
BRDA:549,55,1,0
BRDA:556,56,0,0
BRDA:556,56,1,0
BRDA:565,57,0,0
BRDA:565,57,1,0
BRDA:573,58,0,0
BRDA:573,58,1,0
BRDA:612,59,0,0
BRDA:612,59,1,0
BRDA:613,60,0,0
BRDA:613,60,1,0
BRDA:616,61,0,0
BRDA:616,61,1,0
BRDA:672,62,0,0
BRDA:672,62,1,0
BRDA:712,63,0,0
BRDA:712,63,1,0
BRDA:728,64,0,0
BRDA:728,64,1,0
BRDA:741,65,0,0
BRDA:741,65,1,0
BRDA:775,66,0,0
BRDA:775,66,1,0
BRDA:783,67,0,0
BRDA:783,67,1,0
BRDA:790,68,0,0
BRDA:790,68,1,0
BRDA:790,68,2,0
BRDA:810,69,0,0
BRDA:810,69,1,0
BRDA:810,70,0,0
BRDA:810,70,1,0
BRDA:813,71,0,0
BRDA:813,71,1,0
BRDA:813,72,0,0
BRDA:813,72,1,0
BRDA:831,73,0,0
BRDA:831,73,1,0
BRDA:833,74,0,0
BRDA:833,74,1,0
BRDA:840,75,0,0
BRDA:840,75,1,0
BRF:160
BRH:0
end_of_record
TN:
SF:src/js/components/comparison-view.js
FN:7,(anonymous_0)
FN:15,(anonymous_1)
FN:20,(anonymous_2)
FN:24,(anonymous_3)
FN:28,(anonymous_4)
FN:32,(anonymous_5)
FNF:6
FNH:0
FNDA:0,(anonymous_0)
FNDA:0,(anonymous_1)
FNDA:0,(anonymous_2)
FNDA:0,(anonymous_3)
FNDA:0,(anonymous_4)
FNDA:0,(anonymous_5)
DA:8,0
DA:9,0
DA:10,0
DA:12,0
DA:17,0
LF:5
LH:0
BRDA:7,0,0,0
BRDA:8,1,0,0
BRDA:8,1,1,0
BRDA:9,2,0,0
BRDA:9,2,1,0
BRDA:10,3,0,0
BRDA:10,3,1,0
BRF:7
BRH:0
end_of_record
TN:
SF:src/js/components/financial-glossary.js
FN:11,(anonymous_0)
FN:23,(anonymous_1)
FN:31,(anonymous_2)
FN:35,(anonymous_3)
FN:77,(anonymous_4)
FN:79,(anonymous_5)
FN:83,(anonymous_6)
FN:88,(anonymous_7)
FN:91,(anonymous_8)
FN:106,(anonymous_9)
FN:111,(anonymous_10)
FN:129,(anonymous_11)
FN:135,(anonymous_12)
FN:141,(anonymous_13)
FN:147,(anonymous_14)
FN:153,(anonymous_15)
FN:161,(anonymous_16)
FN:177,(anonymous_17)
FN:188,(anonymous_18)
FN:200,(anonymous_19)
FN:213,(anonymous_20)
FN:236,(anonymous_21)
FN:242,(anonymous_22)
FN:243,(anonymous_23)
FN:256,(anonymous_24)
FN:269,(anonymous_25)
FNF:26
FNH:0
FNDA:0,(anonymous_0)
FNDA:0,(anonymous_1)
FNDA:0,(anonymous_2)
FNDA:0,(anonymous_3)
FNDA:0,(anonymous_4)
FNDA:0,(anonymous_5)
FNDA:0,(anonymous_6)
FNDA:0,(anonymous_7)
FNDA:0,(anonymous_8)
FNDA:0,(anonymous_9)
FNDA:0,(anonymous_10)
FNDA:0,(anonymous_11)
FNDA:0,(anonymous_12)
FNDA:0,(anonymous_13)
FNDA:0,(anonymous_14)
FNDA:0,(anonymous_15)
FNDA:0,(anonymous_16)
FNDA:0,(anonymous_17)
FNDA:0,(anonymous_18)
FNDA:0,(anonymous_19)
FNDA:0,(anonymous_20)
FNDA:0,(anonymous_21)
FNDA:0,(anonymous_22)
FNDA:0,(anonymous_23)
FNDA:0,(anonymous_24)
FNDA:0,(anonymous_25)
DA:12,0
DA:13,0
DA:14,0
DA:15,0
DA:17,0
DA:24,0
DA:25,0
DA:32,0
DA:35,0
DA:38,0
DA:46,0
DA:70,0
DA:79,0
DA:82,0
DA:83,0
DA:88,0
DA:91,0
DA:92,0
DA:93,0
DA:94,0
DA:96,0
DA:97,0
DA:101,0
DA:103,0
DA:104,0
DA:106,0
DA:107,0
DA:111,0
DA:123,0
DA:130,0
DA:133,0
DA:134,0
DA:135,0
DA:139,0
DA:140,0
DA:141,0
DA:145,0
DA:146,0
DA:147,0
DA:151,0
DA:152,0
DA:153,0
DA:154,0
DA:155,0
DA:161,0
DA:162,0
DA:163,0
DA:168,0
DA:169,0
DA:170,0
DA:178,0
DA:179,0
DA:181,0
DA:189,0
DA:190,0
DA:192,0
DA:193,0
DA:194,0
DA:195,0
DA:198,0
DA:199,0
DA:200,0
DA:203,0
DA:206,0
DA:214,0
DA:215,0
DA:217,0
DA:218,0
DA:219,0
DA:220,0
DA:223,0
DA:225,0
DA:228,0
DA:237,0
DA:238,0
DA:239,0
DA:242,0
DA:243,0
DA:246,0
DA:257,0
DA:258,0
DA:259,0
DA:260,0
DA:261,0
DA:271,0
LF:85
LH:0
BRDA:11,0,0,0
BRDA:12,1,0,0
BRDA:12,1,1,0
BRDA:13,2,0,0
BRDA:13,2,1,0
BRDA:32,3,0,0
BRDA:32,3,1,0
BRDA:77,4,0,0
BRDA:82,5,0,0
BRDA:82,5,1,0
BRDA:83,6,0,0
BRDA:83,6,1,0
BRDA:93,7,0,0
BRDA:93,7,1,0
BRDA:103,8,0,0
BRDA:103,8,1,0
BRDA:130,9,0,0
BRDA:130,9,1,0
BRDA:134,10,0,0
BRDA:134,10,1,0
BRDA:140,11,0,0
BRDA:140,11,1,0
BRDA:146,12,0,0
BRDA:146,12,1,0
BRDA:152,13,0,0
BRDA:152,13,1,0
BRDA:154,14,0,0
BRDA:154,14,1,0
BRDA:162,15,0,0
BRDA:162,15,1,0
BRDA:162,16,0,0
BRDA:162,16,1,0
BRDA:169,17,0,0
BRDA:169,17,1,0
BRDA:178,18,0,0
BRDA:178,18,1,0
BRDA:192,19,0,0
BRDA:192,19,1,0
BRDA:192,20,0,0
BRDA:192,20,1,0
BRDA:199,21,0,0
BRDA:199,21,1,0
BRDA:217,22,0,0
BRDA:217,22,1,0
BRDA:217,23,0,0
BRDA:217,23,1,0
BRDA:238,24,0,0
BRDA:238,24,1,0
BRDA:243,25,0,0
BRDA:243,25,1,0
BRDA:257,26,0,0
BRDA:257,26,1,0
BRF:52
BRH:0
end_of_record
TN:
SF:src/js/components/guidance-manager.js
FN:11,(anonymous_0)
FN:23,(anonymous_1)
FN:34,(anonymous_2)
FN:38,(anonymous_3)
FN:59,(anonymous_4)
FN:65,(anonymous_5)
FN:71,(anonymous_6)
FN:81,(anonymous_7)
FN:99,(anonymous_8)
FN:100,(anonymous_9)
FN:104,(anonymous_10)
FN:136,(anonymous_11)
FN:137,(anonymous_12)
FN:141,(anonymous_13)
FN:170,(anonymous_14)
FN:171,(anonymous_15)
FN:238,(anonymous_16)
FN:251,(anonymous_17)
FN:252,(anonymous_18)
FN:303,(anonymous_19)
FN:321,(anonymous_20)
FNF:21
FNH:0
FNDA:0,(anonymous_0)
FNDA:0,(anonymous_1)
FNDA:0,(anonymous_2)
FNDA:0,(anonymous_3)
FNDA:0,(anonymous_4)
FNDA:0,(anonymous_5)
FNDA:0,(anonymous_6)
FNDA:0,(anonymous_7)
FNDA:0,(anonymous_8)
FNDA:0,(anonymous_9)
FNDA:0,(anonymous_10)
FNDA:0,(anonymous_11)
FNDA:0,(anonymous_12)
FNDA:0,(anonymous_13)
FNDA:0,(anonymous_14)
FNDA:0,(anonymous_15)
FNDA:0,(anonymous_16)
FNDA:0,(anonymous_17)
FNDA:0,(anonymous_18)
FNDA:0,(anonymous_19)
FNDA:0,(anonymous_20)
DA:12,0
DA:13,0
DA:14,0
DA:15,0
DA:17,0
DA:24,0
DA:25,0
DA:28,0
DA:35,0
DA:38,0
DA:40,0
DA:53,0
DA:60,0
DA:63,0
DA:64,0
DA:65,0
DA:69,0
DA:70,0
DA:71,0
DA:75,0
DA:83,0
DA:86,0
DA:87,0
DA:91,0
DA:92,0
DA:100,0
DA:101,0
DA:104,0
DA:105,0
DA:106,0
DA:108,0
DA:109,0
DA:110,0
DA:111,0
DA:112,0
DA:113,0
DA:114,0
DA:120,0
DA:121,0
DA:122,0
DA:123,0
DA:124,0
DA:125,0
DA:126,0
DA:127,0
DA:130,0
DA:137,0
DA:138,0
DA:141,0
DA:142,0
DA:143,0
DA:145,0
DA:146,0
DA:147,0
DA:148,0
DA:149,0
DA:150,0
DA:151,0
DA:157,0
DA:158,0
DA:159,0
DA:160,0
DA:161,0
DA:164,0
DA:171,0
DA:174,0
DA:238,0
DA:240,0
DA:252,0
DA:255,0
DA:290,0
DA:305,0
DA:307,0
DA:308,0
DA:309,0
DA:310,0
DA:314,0
DA:322,0
DA:323,0
DA:324,0
DA:325,0
DA:326,0
LF:82
LH:0
BRDA:11,0,0,0
BRDA:12,1,0,0
BRDA:12,1,1,0
BRDA:13,2,0,0
BRDA:13,2,1,0
BRDA:35,3,0,0
BRDA:35,3,1,0
BRDA:60,4,0,0
BRDA:60,4,1,0
BRDA:64,5,0,0
BRDA:64,5,1,0
BRDA:70,6,0,0
BRDA:70,6,1,0
BRDA:86,7,0,0
BRDA:86,7,1,0
BRDA:86,8,0,0
BRDA:86,8,1,0
BRDA:91,9,0,0
BRDA:91,9,1,0
BRDA:91,10,0,0
BRDA:91,10,1,0
BRDA:104,11,0,0
BRDA:106,12,0,0
BRDA:106,12,1,0
BRDA:108,13,0,0
BRDA:108,13,1,0
BRDA:141,14,0,0
BRDA:143,15,0,0
BRDA:143,15,1,0
BRDA:145,16,0,0
BRDA:145,16,1,0
BRDA:307,17,0,0
BRDA:307,17,1,0
BRDA:322,18,0,0
BRDA:322,18,1,0
BRF:35
BRH:0
end_of_record
TN:
SF:src/js/components/market-rates.js
FN:12,(anonymous_0)
FN:17,(anonymous_1)
FN:57,(anonymous_2)
FN:65,(anonymous_3)
FN:69,(anonymous_4)
FN:140,(anonymous_5)
FN:146,(anonymous_6)
FN:158,(anonymous_7)
FN:175,(anonymous_8)
FN:192,(anonymous_9)
FN:194,(anonymous_10)
FN:208,(anonymous_11)
FN:220,(anonymous_12)
FN:232,(anonymous_13)
FNF:14
FNH:0
FNDA:0,(anonymous_0)
FNDA:0,(anonymous_1)
FNDA:0,(anonymous_2)
FNDA:0,(anonymous_3)
FNDA:0,(anonymous_4)
FNDA:0,(anonymous_5)
FNDA:0,(anonymous_6)
FNDA:0,(anonymous_7)
FNDA:0,(anonymous_8)
FNDA:0,(anonymous_9)
FNDA:0,(anonymous_10)
FNDA:0,(anonymous_11)
FNDA:0,(anonymous_12)
FNDA:0,(anonymous_13)
DA:13,0
DA:14,0
DA:15,0
DA:16,0
DA:17,0
DA:20,0
DA:51,0
DA:58,0
DA:59,0
DA:66,0
DA:69,0
DA:72,0
DA:75,0
DA:76,0
DA:83,0
DA:86,0
DA:134,0
DA:141,0
DA:144,0
DA:145,0
DA:146,0
DA:147,0
DA:148,0
DA:159,0
DA:161,0
DA:163,0
DA:165,0
DA:176,0
DA:178,0
DA:179,0
DA:180,0
DA:181,0
DA:183,0
DA:193,0
DA:194,0
DA:196,0
DA:197,0
DA:198,0
DA:199,0
DA:201,0
DA:209,0
DA:210,0
DA:211,0
DA:212,0
DA:221,0
DA:222,0
DA:223,0
DA:224,0
DA:233,0
DA:234,0
DA:235,0
DA:236,0
LF:52
LH:0
BRDA:12,0,0,0
BRDA:13,1,0,0
BRDA:13,1,1,0
BRDA:14,2,0,0
BRDA:14,2,1,0
BRDA:15,3,0,0
BRDA:15,3,1,0
BRDA:16,4,0,0
BRDA:16,4,1,0
BRDA:17,5,0,0
BRDA:17,5,1,0
BRDA:66,6,0,0
BRDA:66,6,1,0
BRDA:72,7,0,0
BRDA:72,7,1,0
BRDA:141,8,0,0
BRDA:141,8,1,0
BRDA:145,9,0,0
BRDA:145,9,1,0
BRDA:147,10,0,0
BRDA:147,10,1,0
BRDA:159,11,0,0
BRDA:159,11,1,0
BRDA:159,11,2,0
BRDA:178,12,0,0
BRDA:178,12,1,0
BRDA:180,13,0,0
BRDA:180,13,1,0
BRDA:196,14,0,0
BRDA:196,14,1,0
BRDA:198,15,0,0
BRDA:198,15,1,0
BRDA:209,16,0,0
BRDA:209,16,1,0
BRDA:209,17,0,0
BRDA:209,17,1,0
BRDA:221,18,0,0
BRDA:221,18,1,0
BRDA:233,19,0,0
BRDA:233,19,1,0
BRF:40
BRH:0
end_of_record
TN:
SF:src/js/components/results-display.js
FN:19,(anonymous_0)
FN:43,(anonymous_1)
FN:80,(anonymous_2)
FN:85,(anonymous_3)
FN:96,(anonymous_4)
FN:111,(anonymous_5)
FN:181,(anonymous_6)
FN:205,(anonymous_7)
FN:307,(anonymous_8)
FN:331,(anonymous_9)
FN:382,(anonymous_10)
FN:410,(anonymous_11)
FN:430,(anonymous_12)
FN:460,(anonymous_13)
FN:470,(anonymous_14)
FN:485,(anonymous_15)
FN:486,(anonymous_16)
FN:489,(anonymous_17)
FN:495,(anonymous_18)
FN:505,(anonymous_19)
FN:513,(anonymous_20)
FN:525,(anonymous_21)
FN:539,(anonymous_22)
FN:541,(anonymous_23)
FN:542,(anonymous_24)
FN:554,(anonymous_25)
FN:562,(anonymous_26)
FN:565,(anonymous_27)
FN:568,(anonymous_28)
FN:580,(anonymous_29)
FN:587,(anonymous_30)
FN:596,(anonymous_31)
FN:607,(anonymous_32)
FN:613,(anonymous_33)
FN:623,(anonymous_34)
FN:635,(anonymous_35)
FN:636,(anonymous_36)
FN:643,(anonymous_37)
FN:644,(anonymous_38)
FN:648,(anonymous_39)
FNF:40
FNH:0
FNDA:0,(anonymous_0)
FNDA:0,(anonymous_1)
FNDA:0,(anonymous_2)
FNDA:0,(anonymous_3)
FNDA:0,(anonymous_4)
FNDA:0,(anonymous_5)
FNDA:0,(anonymous_6)
FNDA:0,(anonymous_7)
FNDA:0,(anonymous_8)
FNDA:0,(anonymous_9)
FNDA:0,(anonymous_10)
FNDA:0,(anonymous_11)
FNDA:0,(anonymous_12)
FNDA:0,(anonymous_13)
FNDA:0,(anonymous_14)
FNDA:0,(anonymous_15)
FNDA:0,(anonymous_16)
FNDA:0,(anonymous_17)
FNDA:0,(anonymous_18)
FNDA:0,(anonymous_19)
FNDA:0,(anonymous_20)
FNDA:0,(anonymous_21)
FNDA:0,(anonymous_22)
FNDA:0,(anonymous_23)
FNDA:0,(anonymous_24)
FNDA:0,(anonymous_25)
FNDA:0,(anonymous_26)
FNDA:0,(anonymous_27)
FNDA:0,(anonymous_28)
FNDA:0,(anonymous_29)
FNDA:0,(anonymous_30)
FNDA:0,(anonymous_31)
FNDA:0,(anonymous_32)
FNDA:0,(anonymous_33)
FNDA:0,(anonymous_34)
FNDA:0,(anonymous_35)
FNDA:0,(anonymous_36)
FNDA:0,(anonymous_37)
FNDA:0,(anonymous_38)
FNDA:0,(anonymous_39)
DA:21,0
DA:25,0
DA:35,0
DA:37,0
DA:44,0
DA:45,0
DA:46,0
DA:50,0
DA:68,0
DA:73,0
DA:81,0
DA:82,0
DA:84,0
DA:85,0
DA:87,0
DA:88,0
DA:90,0
DA:95,0
DA:96,0
DA:98,0
DA:112,0
DA:113,0
DA:117,0
DA:121,0
DA:124,0
DA:125,0
DA:128,0
DA:147,0
DA:156,0
DA:157,0
DA:160,0
DA:162,0
DA:165,0
DA:168,0
DA:171,0
DA:173,0
DA:181,0
DA:182,0
DA:183,0
DA:188,0
DA:189,0
DA:195,0
DA:198,0
DA:206,0
DA:207,0
DA:210,0
DA:222,0
DA:223,0
DA:224,0
DA:231,0
DA:249,0
DA:255,0
DA:258,0
DA:296,0
DA:299,0
DA:308,0
DA:309,0
DA:312,0
DA:315,0
DA:316,0
DA:317,0
DA:318,0
DA:319,0
DA:320,0
DA:322,0
DA:323,0
DA:332,0
DA:333,0
DA:336,0
DA:345,0
DA:346,0
DA:349,0
DA:376,0
DA:383,0
DA:386,0
DA:387,0
DA:388,0
DA:392,0
DA:393,0
DA:394,0
DA:398,0
DA:399,0
DA:400,0
DA:404,0
DA:411,0
DA:412,0
DA:413,0
DA:416,0
DA:417,0
DA:418,0
DA:421,0
DA:422,0
DA:423,0
DA:431,0
DA:434,0
DA:436,0
DA:437,0
DA:439,0
DA:440,0
DA:443,0
DA:444,0
DA:448,0
DA:449,0
DA:453,0
DA:461,0
DA:471,0
DA:486,0
DA:488,0
DA:489,0
DA:490,0
DA:491,0
DA:495,0
DA:496,0
DA:497,0
DA:498,0
DA:499,0
DA:500,0
DA:505,0
DA:506,0
DA:513,0
DA:514,0
DA:515,0
DA:517,0
DA:518,0
DA:519,0
DA:520,0
DA:521,0
DA:525,0
DA:526,0
DA:527,0
DA:528,0
DA:529,0
DA:530,0
DA:531,0
DA:534,0
DA:539,0
DA:540,0
DA:541,0
DA:542,0
DA:543,0
DA:544,0
DA:545,0
DA:553,0
DA:554,0
DA:555,0
DA:562,0
DA:563,0
DA:567,0
DA:568,0
DA:569,0
DA:570,0
DA:581,0
DA:582,0
DA:584,0
DA:585,0
DA:586,0
DA:587,0
DA:588,0
DA:589,0
DA:593,0
DA:594,0
DA:595,0
DA:596,0
DA:597,0
DA:598,0
DA:609,0
DA:612,0
DA:613,0
DA:615,0
DA:616,0
DA:617,0
DA:618,0
DA:619,0
DA:621,0
DA:625,0
DA:626,0
DA:634,0
DA:635,0
DA:636,0
DA:637,0
DA:642,0
DA:643,0
DA:644,0
DA:645,0
DA:648,0
DA:649,0
LF:186
LH:0
BRDA:19,0,0,0
BRDA:21,1,0,0
BRDA:21,1,1,0
BRDA:21,1,2,0
BRDA:22,2,0,0
BRDA:22,2,1,0
BRDA:35,3,0,0
BRDA:35,3,1,0
BRDA:44,4,0,0
BRDA:44,4,1,0
BRDA:84,5,0,0
BRDA:84,5,1,0
BRDA:87,6,0,0
BRDA:87,6,1,0
BRDA:87,7,0,0
BRDA:87,7,1,0
BRDA:87,7,2,0
BRDA:95,8,0,0
BRDA:95,8,1,0
BRDA:112,9,0,0
BRDA:112,9,1,0
BRDA:112,10,0,0
BRDA:112,10,1,0
BRDA:112,10,2,0
BRDA:131,11,0,0
BRDA:131,11,1,0
BRDA:132,12,0,0
BRDA:132,12,1,0
BRDA:136,13,0,0
BRDA:136,13,1,0
BRDA:139,14,0,0
BRDA:139,14,1,0
BRDA:160,15,0,0
BRDA:160,15,1,0
BRDA:160,16,0,0
BRDA:160,16,1,0
BRDA:171,17,0,0
BRDA:171,17,1,0
BRDA:171,18,0,0
BRDA:171,18,1,0
BRDA:175,19,0,0
BRDA:175,19,1,0
BRDA:182,20,0,0
BRDA:182,20,1,0
BRDA:188,21,0,0
BRDA:188,21,1,0
BRDA:207,22,0,0
BRDA:207,22,1,0
BRDA:223,23,0,0
BRDA:223,23,1,0
BRDA:223,24,0,0
BRDA:223,24,1,0
BRDA:255,25,0,0
BRDA:255,25,1,0
BRDA:309,26,0,0
BRDA:309,26,1,0
BRDA:315,27,0,0
BRDA:315,27,1,0
BRDA:318,28,0,0
BRDA:318,28,1,0
BRDA:333,29,0,0
BRDA:333,29,1,0
BRDA:383,30,0,0
BRDA:383,30,1,0
BRDA:387,31,0,0
BRDA:387,31,1,0
BRDA:393,32,0,0
BRDA:393,32,1,0
BRDA:399,33,0,0
BRDA:399,33,1,0
BRDA:411,34,0,0
BRDA:411,34,1,0
BRDA:416,35,0,0
BRDA:416,35,1,0
BRDA:421,36,0,0
BRDA:421,36,1,0
BRDA:431,37,0,0
BRDA:431,37,1,0
BRDA:439,38,0,0
BRDA:439,38,1,0
BRDA:443,39,0,0
BRDA:443,39,1,0
BRDA:448,40,0,0
BRDA:448,40,1,0
BRDA:470,41,0,0
BRDA:497,42,0,0
BRDA:497,42,1,0
BRDA:515,43,0,0
BRDA:515,43,1,0
BRDA:518,44,0,0
BRDA:518,44,1,0
BRDA:527,45,0,0
BRDA:527,45,1,0
BRDA:553,46,0,0
BRDA:553,46,1,0
BRDA:553,47,0,0
BRDA:553,47,1,0
BRDA:584,48,0,0
BRDA:584,48,1,0
BRDA:593,49,0,0
BRDA:593,49,1,0
BRDA:617,50,0,0
BRDA:617,50,1,0
BRDA:619,51,0,0
BRDA:619,51,1,0
BRF:105
BRH:0
end_of_record
TN:
SF:src/js/components/saved-calculations-manager.js
FN:18,(anonymous_0)
FN:21,(anonymous_1)
FN:22,(anonymous_2)
FN:35,(anonymous_3)
FN:50,(anonymous_4)
FN:97,(anonymous_5)
FN:101,(anonymous_6)
FN:107,(anonymous_7)
FN:113,(anonymous_8)
FN:120,(anonymous_9)
FN:135,(anonymous_10)
FN:149,(anonymous_11)
FN:201,(anonymous_12)
FN:204,(anonymous_13)
FN:207,(anonymous_14)
FN:222,(anonymous_15)
FN:233,(anonymous_16)
FN:247,(anonymous_17)
FN:271,(anonymous_18)
FN:284,(anonymous_19)
FN:289,(anonymous_20)
FN:302,(anonymous_21)
FN:315,(anonymous_22)
FN:338,(anonymous_23)
FN:349,(anonymous_24)
FN:364,(anonymous_25)
FN:372,(anonymous_26)
FN:373,(anonymous_27)
FN:374,(anonymous_28)
FN:375,(anonymous_29)
FN:376,(anonymous_30)
FN:377,(anonymous_31)
FN:378,(anonymous_32)
FN:381,(anonymous_33)
FN:385,(anonymous_34)
FN:439,(anonymous_35)
FNF:36
FNH:0
FNDA:0,(anonymous_0)
FNDA:0,(anonymous_1)
FNDA:0,(anonymous_2)
FNDA:0,(anonymous_3)
FNDA:0,(anonymous_4)
FNDA:0,(anonymous_5)
FNDA:0,(anonymous_6)
FNDA:0,(anonymous_7)
FNDA:0,(anonymous_8)
FNDA:0,(anonymous_9)
FNDA:0,(anonymous_10)
FNDA:0,(anonymous_11)
FNDA:0,(anonymous_12)
FNDA:0,(anonymous_13)
FNDA:0,(anonymous_14)
FNDA:0,(anonymous_15)
FNDA:0,(anonymous_16)
FNDA:0,(anonymous_17)
FNDA:0,(anonymous_18)
FNDA:0,(anonymous_19)
FNDA:0,(anonymous_20)
FNDA:0,(anonymous_21)
FNDA:0,(anonymous_22)
FNDA:0,(anonymous_23)
FNDA:0,(anonymous_24)
FNDA:0,(anonymous_25)
FNDA:0,(anonymous_26)
FNDA:0,(anonymous_27)
FNDA:0,(anonymous_28)
FNDA:0,(anonymous_29)
FNDA:0,(anonymous_30)
FNDA:0,(anonymous_31)
FNDA:0,(anonymous_32)
FNDA:0,(anonymous_33)
FNDA:0,(anonymous_34)
FNDA:0,(anonymous_35)
DA:19,0
DA:20,0
DA:21,0
DA:22,0
DA:24,0
DA:25,0
DA:26,0
DA:27,0
DA:29,0
DA:37,0
DA:38,0
DA:39,0
DA:40,0
DA:43,0
DA:44,0
DA:52,0
DA:55,0
DA:81,0
DA:84,0
DA:85,0
DA:86,0
DA:87,0
DA:88,0
DA:91,0
DA:99,0
DA:100,0
DA:101,0
DA:105,0
DA:106,0
DA:107,0
DA:111,0
DA:112,0
DA:113,0
DA:121,0
DA:123,0
DA:125,0
DA:128,0
DA:132,0
DA:135,0
DA:136,0
DA:137,0
DA:141,0
DA:150,0
DA:153,0
DA:158,0
DA:159,0
DA:160,0
DA:162,0
DA:200,0
DA:201,0
DA:203,0
DA:204,0
DA:206,0
DA:207,0
DA:208,0
DA:209,0
DA:211,0
DA:215,0
DA:223,0
DA:224,0
DA:225,0
DA:234,0
DA:235,0
DA:236,0
DA:237,0
DA:248,0
DA:250,0
DA:252,0
DA:253,0
DA:255,0
DA:256,0
DA:260,0
DA:263,0
DA:272,0
DA:275,0
DA:278,0
DA:285,0
DA:288,0
DA:289,0
DA:290,0
DA:291,0
DA:292,0
DA:296,0
DA:303,0
DA:306,0
DA:309,0
DA:316,0
DA:318,0
DA:319,0
DA:320,0
DA:324,0
DA:325,0
DA:326,0
DA:329,0
DA:332,0
DA:340,0
DA:341,0
DA:342,0
DA:350,0
DA:353,0
DA:359,0
DA:364,0
DA:371,0
DA:372,0
DA:373,0
DA:374,0
DA:375,0
DA:376,0
DA:377,0
DA:378,0
DA:381,0
DA:382,0
DA:385,0
DA:391,0
DA:392,0
DA:399,0
DA:400,0
DA:401,0
DA:403,0
DA:404,0
DA:428,0
DA:433,0
DA:440,0
LF:123
LH:0
BRDA:18,0,0,0
BRDA:19,1,0,0
BRDA:19,1,1,0
BRDA:20,2,0,0
BRDA:20,2,1,0
BRDA:21,3,0,0
BRDA:21,3,1,0
BRDA:22,4,0,0
BRDA:22,4,1,0
BRDA:38,5,0,0
BRDA:38,5,1,0
BRDA:100,6,0,0
BRDA:100,6,1,0
BRDA:106,7,0,0
BRDA:106,7,1,0
BRDA:112,8,0,0
BRDA:112,8,1,0
BRDA:123,9,0,0
BRDA:123,9,1,0
BRDA:159,10,0,0
BRDA:159,10,1,0
BRDA:164,11,0,0
BRDA:164,11,1,0
BRDA:193,12,0,0
BRDA:193,12,1,0
BRDA:208,13,0,0
BRDA:208,13,1,0
BRDA:224,14,0,0
BRDA:224,14,1,0
BRDA:234,15,0,0
BRDA:234,15,1,0
BRDA:236,16,0,0
BRDA:236,16,1,0
BRDA:250,17,0,0
BRDA:250,17,1,0
BRDA:318,18,0,0
BRDA:318,18,1,0
BRDA:364,19,0,0
BRDA:364,19,1,0
BRDA:391,20,0,0
BRDA:391,20,1,0
BRDA:394,21,0,0
BRDA:394,21,1,0
BRDA:403,22,0,0
BRDA:403,22,1,0
BRDA:408,23,0,0
BRDA:408,23,1,0
BRDA:414,24,0,0
BRDA:414,24,1,0
BRDA:420,25,0,0
BRDA:420,25,1,0
BRF:51
BRH:0
end_of_record
TN:
SF:src/js/components/settings-panel.js
FN:16,(anonymous_0)
FN:21,(anonymous_1)
FN:22,(anonymous_2)
FN:23,(anonymous_3)
FN:58,(anonymous_4)
FN:74,(anonymous_5)
FN:127,(anonymous_6)
FN:135,(anonymous_7)
FN:148,(anonymous_8)
FN:185,(anonymous_9)
FN:200,(anonymous_10)
FN:212,(anonymous_11)
FN:223,(anonymous_12)
FN:237,(anonymous_13)
FN:249,(anonymous_14)
FN:260,(anonymous_15)
FN:274,(anonymous_16)
FN:293,(anonymous_17)
FN:311,(anonymous_18)
FN:323,(anonymous_19)
FN:331,(anonymous_20)
FNF:21
FNH:0
FNDA:0,(anonymous_0)
FNDA:0,(anonymous_1)
FNDA:0,(anonymous_2)
FNDA:0,(anonymous_3)
FNDA:0,(anonymous_4)
FNDA:0,(anonymous_5)
FNDA:0,(anonymous_6)
FNDA:0,(anonymous_7)
FNDA:0,(anonymous_8)
FNDA:0,(anonymous_9)
FNDA:0,(anonymous_10)
FNDA:0,(anonymous_11)
FNDA:0,(anonymous_12)
FNDA:0,(anonymous_13)
FNDA:0,(anonymous_14)
FNDA:0,(anonymous_15)
FNDA:0,(anonymous_16)
FNDA:0,(anonymous_17)
FNDA:0,(anonymous_18)
FNDA:0,(anonymous_19)
FNDA:0,(anonymous_20)
DA:17,0
DA:21,0
DA:22,0
DA:23,0
DA:26,0
DA:33,0
DA:38,0
DA:49,0
DA:52,0
DA:60,0
DA:63,0
DA:66,0
DA:68,0
DA:75,0
DA:76,0
DA:77,0
DA:81,0
DA:82,0
DA:85,0
DA:86,0
DA:87,0
DA:88,0
DA:96,0
DA:97,0
DA:98,0
DA:101,0
DA:102,0
DA:103,0
DA:104,0
DA:107,0
DA:108,0
DA:109,0
DA:110,0
DA:113,0
DA:114,0
DA:115,0
DA:116,0
DA:119,0
DA:120,0
DA:123,0
DA:124,0
DA:127,0
DA:128,0
DA:129,0
DA:130,0
DA:131,0
DA:135,0
DA:136,0
DA:137,0
DA:138,0
DA:139,0
DA:149,0
DA:151,0
DA:152,0
DA:153,0
DA:155,0
DA:156,0
DA:158,0
DA:159,0
DA:161,0
DA:162,0
DA:164,0
DA:165,0
DA:166,0
DA:167,0
DA:169,0
DA:170,0
DA:172,0
DA:173,0
DA:175,0
DA:176,0
DA:178,0
DA:179,0
DA:180,0
DA:182,0
DA:185,0
DA:186,0
DA:187,0
DA:188,0
DA:189,0
DA:190,0
DA:193,0
DA:201,0
DA:203,0
DA:204,0
DA:205,0
DA:207,0
DA:208,0
DA:209,0
DA:212,0
DA:213,0
DA:214,0
DA:215,0
DA:216,0
DA:217,0
DA:220,0
DA:223,0
DA:224,0
DA:225,0
DA:226,0
DA:227,0
DA:230,0
DA:238,0
DA:240,0
DA:241,0
DA:242,0
DA:244,0
DA:245,0
DA:246,0
DA:249,0
DA:250,0
DA:251,0
DA:252,0
DA:253,0
DA:254,0
DA:257,0
DA:260,0
DA:261,0
DA:262,0
DA:263,0
DA:264,0
DA:267,0
DA:275,0
DA:276,0
DA:277,0
DA:279,0
DA:280,0
DA:284,0
DA:287,0
DA:294,0
DA:295,0
DA:296,0
DA:297,0
DA:298,0
DA:304,0
DA:312,0
DA:313,0
DA:315,0
DA:324,0
DA:332,0
DA:338,0
DA:339,0
DA:342,0
LF:143
LH:0
BRDA:16,0,0,0
BRDA:17,1,0,0
BRDA:17,1,1,0
BRDA:19,2,0,0
BRDA:19,2,1,0
BRDA:21,3,0,0
BRDA:21,3,1,0
BRDA:22,4,0,0
BRDA:22,4,1,0
BRDA:23,5,0,0
BRDA:23,5,1,0
BRDA:75,6,0,0
BRDA:75,6,1,0
BRDA:130,7,0,0
BRDA:130,7,1,0
BRDA:131,8,0,0
BRDA:131,8,1,0
BRDA:136,9,0,0
BRDA:136,9,1,0
BRDA:136,10,0,0
BRDA:136,10,1,0
BRDA:186,11,0,0
BRDA:186,11,1,0
BRDA:275,12,0,0
BRDA:275,12,1,0
BRDA:296,13,0,0
BRDA:296,13,1,0
BRDA:338,14,0,0
BRDA:338,14,1,0
BRF:29
BRH:0
end_of_record
TN:
SF:src/js/models/amortization.model.js
FN:13,(anonymous_0)
FN:33,(anonymous_1)
FN:35,(anonymous_2)
FN:135,(anonymous_3)
FN:176,(anonymous_4)
FN:251,(anonymous_5)
FN:269,(anonymous_6)
FN:281,(anonymous_7)
FN:282,(anonymous_8)
FN:289,(anonymous_9)
FN:290,(anonymous_10)
FN:297,(anonymous_11)
FN:309,(anonymous_12)
FN:312,(anonymous_13)
FN:322,(anonymous_14)
FN:329,(anonymous_15)
FN:347,(anonymous_16)
FN:360,(anonymous_17)
FN:368,(anonymous_18)
FN:377,(anonymous_19)
FN:387,(anonymous_20)
FN:396,(anonymous_21)
FN:412,(anonymous_22)
FNF:23
FNH:10
FNDA:3,(anonymous_0)
FNDA:0,(anonymous_1)
FNDA:0,(anonymous_2)
FNDA:0,(anonymous_3)
FNDA:3,(anonymous_4)
FNDA:3,(anonymous_5)
FNDA:732,(anonymous_6)
FNDA:1,(anonymous_7)
FNDA:360,(anonymous_8)
FNDA:0,(anonymous_9)
FNDA:0,(anonymous_10)
FNDA:1,(anonymous_11)
FNDA:0,(anonymous_12)
FNDA:0,(anonymous_13)
FNDA:0,(anonymous_14)
FNDA:0,(anonymous_15)
FNDA:735,(anonymous_16)
FNDA:0,(anonymous_17)
FNDA:0,(anonymous_18)
FNDA:0,(anonymous_19)
FNDA:0,(anonymous_20)
FNDA:1,(anonymous_21)
FNDA:1,(anonymous_22)
DA:14,3
DA:15,3
DA:16,3
DA:17,3
DA:20,3
DA:21,3
DA:34,0
DA:35,0
DA:36,0
DA:37,0
DA:40,0
DA:41,0
DA:43,0
DA:45,0
DA:48,0
DA:49,0
DA:50,0
DA:53,0
DA:54,0
DA:57,0
DA:58,0
DA:59,0
DA:62,0
DA:63,0
DA:64,0
DA:68,0
DA:69,0
DA:70,0
DA:71,0
DA:72,0
DA:75,0
DA:76,0
DA:79,0
DA:80,0
DA:83,0
DA:84,0
DA:88,0
DA:89,0
DA:90,0
DA:91,0
DA:94,0
DA:97,0
DA:99,0
DA:100,0
DA:104,0
DA:107,0
DA:108,0
DA:111,0
DA:114,0
DA:124,0
DA:127,0
DA:128,0
DA:131,0
DA:132,0
DA:135,0
DA:136,0
DA:141,0
DA:144,0
DA:147,0
DA:148,0
DA:153,0
DA:154,0
DA:158,0
DA:159,0
DA:160,0
DA:162,0
DA:164,0
DA:165,0
DA:166,0
DA:177,3
DA:180,3
DA:183,3
DA:184,0
DA:188,3
DA:189,3
DA:190,3
DA:191,3
DA:194,3
DA:195,3
DA:196,3
DA:199,3
DA:202,3
DA:204,732
DA:207,732
DA:208,732
DA:211,732
DA:214,732
DA:224,732
DA:227,732
DA:230,732
DA:233,732
DA:235,0
DA:239,732
DA:240,0
DA:244,3
DA:252,3
DA:254,0
DA:256,0
DA:258,3
DA:260,0
DA:270,732
DA:271,0
DA:272,732
DA:273,732
DA:282,360
DA:290,0
DA:298,1
DA:299,0
DA:302,1
DA:310,0
DA:312,0
DA:323,0
DA:324,0
DA:327,0
DA:329,0
DA:330,0
DA:348,735
DA:349,735
DA:350,735
DA:351,735
DA:352,735
DA:353,735
DA:361,0
DA:369,0
DA:379,0
DA:389,0
DA:397,1
DA:413,1
DA:415,1
LF:129
LH:46
BRDA:13,0,0,3
BRDA:20,1,0,3
BRDA:20,1,1,0
BRDA:33,2,0,0
BRDA:35,3,0,0
BRDA:35,3,1,0
BRDA:36,4,0,0
BRDA:36,4,1,0
BRDA:37,5,0,0
BRDA:37,5,1,0
BRDA:49,6,0,0
BRDA:49,6,1,0
BRDA:49,7,0,0
BRDA:49,7,1,0
BRDA:53,8,0,0
BRDA:53,8,1,0
BRDA:58,9,0,0
BRDA:58,9,1,0
BRDA:58,10,0,0
BRDA:58,10,1,0
BRDA:58,10,2,0
BRDA:63,11,0,0
BRDA:63,11,1,0
BRDA:63,12,0,0
BRDA:63,12,1,0
BRDA:63,12,2,0
BRDA:71,13,0,0
BRDA:71,13,1,0
BRDA:75,14,0,0
BRDA:75,14,1,0
BRDA:75,15,0,0
BRDA:75,15,1,0
BRDA:79,16,0,0
BRDA:79,16,1,0
BRDA:79,17,0,0
BRDA:79,17,1,0
BRDA:83,18,0,0
BRDA:83,18,1,0
BRDA:97,19,0,0
BRDA:97,19,1,0
BRDA:99,20,0,0
BRDA:99,20,1,0
BRDA:131,21,0,0
BRDA:131,21,1,0
BRDA:147,22,0,0
BRDA:147,22,1,0
BRDA:147,23,0,0
BRDA:147,23,1,0
BRDA:153,24,0,0
BRDA:153,24,1,0
BRDA:153,25,0,0
BRDA:153,25,1,0
BRDA:176,26,0,3
BRDA:183,27,0,0
BRDA:183,27,1,3
BRDA:191,28,0,3
BRDA:191,28,1,0
BRDA:233,29,0,0
BRDA:233,29,1,732
BRDA:239,30,0,0
BRDA:239,30,1,732
BRDA:239,31,0,732
BRDA:239,31,1,729
BRDA:252,32,0,0
BRDA:252,32,1,0
BRDA:252,32,2,3
BRDA:252,32,3,0
BRDA:270,33,0,0
BRDA:270,33,1,732
BRDA:272,34,0,732
BRDA:272,34,1,0
BRDA:298,35,0,0
BRDA:298,35,1,1
BRDA:323,36,0,0
BRDA:323,36,1,0
BRDA:323,37,0,0
BRDA:323,37,1,0
BRDA:323,37,2,0
BRDA:413,38,0,0
BRDA:413,38,1,1
BRF:80
BRH:14
end_of_record
TN:
SF:src/js/models/loan.model.js
FN:73,(anonymous_0)
FN:107,(anonymous_1)
FN:115,(anonymous_2)
FN:124,(anonymous_3)
FN:133,(anonymous_4)
FN:151,(anonymous_5)
FN:159,(anonymous_6)
FN:184,(anonymous_7)
FN:194,(anonymous_8)
FN:208,(anonymous_9)
FN:224,(anonymous_10)
FN:244,(anonymous_11)
FN:289,(anonymous_12)
FN:317,(anonymous_13)
FN:341,(anonymous_14)
FN:349,(anonymous_15)
FN:417,(anonymous_16)
FN:423,(anonymous_17)
FN:501,(anonymous_18)
FN:528,(anonymous_19)
FN:559,(anonymous_20)
FNF:21
FNH:13
FNDA:9,(anonymous_0)
FNDA:24,(anonymous_1)
FNDA:750,(anonymous_2)
FNDA:20,(anonymous_3)
FNDA:16,(anonymous_4)
FNDA:1,(anonymous_5)
FNDA:0,(anonymous_6)
FNDA:9,(anonymous_7)
FNDA:9,(anonymous_8)
FNDA:9,(anonymous_9)
FNDA:54,(anonymous_10)
FNDA:9,(anonymous_11)
FNDA:0,(anonymous_12)
FNDA:0,(anonymous_13)
FNDA:0,(anonymous_14)
FNDA:0,(anonymous_15)
FNDA:0,(anonymous_16)
FNDA:0,(anonymous_17)
FNDA:0,(anonymous_18)
FNDA:1,(anonymous_19)
FNDA:1,(anonymous_20)
DA:10,2
DA:44,2
DA:75,9
DA:78,9
DA:79,9
DA:82,9
DA:85,9
DA:86,9
DA:87,9
DA:88,9
DA:89,9
DA:90,9
DA:91,9
DA:94,9
DA:95,9
DA:96,9
DA:100,9
DA:108,24
DA:116,750
DA:117,750
DA:125,20
DA:126,20
DA:134,16
DA:135,16
DA:136,16
DA:139,16
DA:140,16
DA:143,16
DA:144,16
DA:152,1
DA:160,0
DA:162,0
DA:164,0
DA:165,0
DA:167,0
DA:168,0
DA:170,0
DA:171,0
DA:173,0
DA:174,0
DA:177,0
DA:185,9
DA:195,9
DA:196,0
DA:197,0
DA:199,9
DA:209,9
DA:210,0
DA:211,0
DA:213,9
DA:226,54
DA:229,54
DA:230,23
DA:234,31
DA:235,31
DA:237,31
DA:245,9
DA:248,9
DA:249,0
DA:253,9
DA:254,0
DA:255,9
DA:256,0
DA:260,9
DA:261,0
DA:265,9
DA:266,0
DA:267,9
DA:268,0
DA:272,9
DA:273,0
DA:274,9
DA:275,0
DA:278,9
DA:291,0
DA:294,0
DA:302,0
DA:303,0
DA:306,0
DA:307,0
DA:310,0
DA:318,0
DA:343,0
DA:346,0
DA:349,0
DA:351,0
DA:352,0
DA:355,0
DA:356,0
DA:357,0
DA:360,0
DA:361,0
DA:362,0
DA:365,0
DA:366,0
DA:368,0
DA:370,0
DA:371,0
DA:373,0
DA:374,0
DA:376,0
DA:377,0
DA:379,0
DA:380,0
DA:383,0
DA:384,0
DA:387,0
DA:389,0
DA:418,0
DA:419,0
DA:423,0
DA:425,0
DA:426,0
DA:430,0
DA:441,0
DA:442,0
DA:445,0
DA:446,0
DA:449,0
DA:450,0
DA:453,0
DA:454,0
DA:455,0
DA:458,0
DA:459,0
DA:460,0
DA:461,0
DA:464,0
DA:467,0
DA:502,0
DA:505,0
DA:513,0
DA:516,0
DA:517,0
DA:520,0
DA:529,1
DA:530,0
DA:533,1
DA:535,1
DA:560,1
DA:561,0
DA:565,1
DA:566,1
DA:567,1
DA:568,1
DA:569,1
DA:572,1
DA:581,1
DA:582,1
DA:585,1
DA:587,1
DA:589,0
DA:593,1
DA:597,1
DA:600,1
DA:609,1
LF:156
LH:69
BRDA:73,0,0,1
BRDA:75,1,0,9
BRDA:75,1,1,9
BRDA:78,2,0,9
BRDA:78,2,1,7
BRDA:79,3,0,9
BRDA:79,3,1,8
BRDA:88,4,0,9
BRDA:88,4,1,6
BRDA:94,5,0,2
BRDA:94,5,1,7
BRDA:95,6,0,0
BRDA:95,6,1,9
BRDA:96,7,0,0
BRDA:96,7,1,9
BRDA:139,8,0,0
BRDA:139,8,1,16
BRDA:140,9,0,0
BRDA:140,9,1,16
BRDA:162,10,0,0
BRDA:162,10,1,0
BRDA:162,10,2,0
BRDA:162,10,3,0
BRDA:195,11,0,0
BRDA:195,11,1,9
BRDA:209,12,0,0
BRDA:209,12,1,9
BRDA:224,13,0,0
BRDA:224,14,0,9
BRDA:226,15,0,0
BRDA:226,15,1,54
BRDA:229,16,0,23
BRDA:229,16,1,31
BRDA:229,17,0,54
BRDA:229,17,1,31
BRDA:234,18,0,0
BRDA:234,18,1,31
BRDA:234,19,0,31
BRDA:234,19,1,31
BRDA:235,20,0,0
BRDA:235,20,1,31
BRDA:235,21,0,31
BRDA:235,21,1,30
BRDA:248,22,0,0
BRDA:248,22,1,9
BRDA:253,23,0,0
BRDA:253,23,1,9
BRDA:255,24,0,0
BRDA:255,24,1,9
BRDA:260,25,0,0
BRDA:260,25,1,9
BRDA:265,26,0,0
BRDA:265,26,1,9
BRDA:267,27,0,0
BRDA:267,27,1,9
BRDA:272,28,0,0
BRDA:272,28,1,9
BRDA:274,29,0,0
BRDA:274,29,1,9
BRDA:274,30,0,9
BRDA:274,30,1,0
BRDA:289,31,0,0
BRDA:306,32,0,0
BRDA:306,32,1,0
BRDA:341,33,0,0
BRDA:368,34,0,0
BRDA:368,34,1,0
BRDA:368,34,2,0
BRDA:368,34,3,0
BRDA:418,35,0,0
BRDA:418,35,1,0
BRDA:418,36,0,0
BRDA:418,36,1,0
BRDA:426,37,0,0
BRDA:426,37,1,0
BRDA:431,38,0,0
BRDA:431,38,1,0
BRDA:433,39,0,0
BRDA:433,39,1,0
BRDA:434,40,0,0
BRDA:434,40,1,0
BRDA:435,41,0,0
BRDA:435,41,1,0
BRDA:458,42,0,0
BRDA:458,42,1,0
BRDA:464,43,0,0
BRDA:464,43,1,0
BRDA:489,44,0,0
BRDA:489,44,1,0
BRDA:502,45,0,0
BRDA:502,45,1,0
BRDA:507,46,0,0
BRDA:507,46,1,0
BRDA:508,47,0,0
BRDA:508,47,1,0
BRDA:509,48,0,0
BRDA:509,48,1,0
BRDA:516,49,0,0
BRDA:516,49,1,0
BRDA:528,50,0,0
BRDA:529,51,0,0
BRDA:529,51,1,1
BRDA:560,52,0,0
BRDA:560,52,1,1
BRDA:560,53,0,1
BRDA:560,53,1,1
BRDA:566,54,0,1
BRDA:566,54,1,0
BRDA:567,55,0,1
BRDA:567,55,1,0
BRDA:568,56,0,1
BRDA:568,56,1,1
BRDA:569,57,0,1
BRDA:569,57,1,1
BRDA:587,58,0,0
BRDA:587,58,1,1
BRF:116
BRH:49
end_of_record
TN:
SF:src/js/services/async-calculator.service.js
FN:8,(anonymous_0)
FN:21,(anonymous_1)
FN:31,(anonymous_2)
FN:35,(anonymous_3)
FN:48,(anonymous_4)
FN:84,(anonymous_5)
FN:86,(anonymous_6)
FN:92,(anonymous_7)
FN:104,(anonymous_8)
FN:112,(anonymous_9)
FN:138,(anonymous_10)
FN:155,(anonymous_11)
FN:162,(anonymous_12)
FN:164,(anonymous_13)
FN:181,(anonymous_14)
FN:196,(anonymous_15)
FN:203,(anonymous_16)
FN:219,(anonymous_17)
FN:236,(anonymous_18)
FN:254,(anonymous_19)
FN:267,(anonymous_20)
FN:283,(anonymous_21)
FN:299,(anonymous_22)
FN:309,(anonymous_23)
FN:310,(anonymous_24)
FN:337,(anonymous_25)
FN:352,(anonymous_26)
FN:359,(anonymous_27)
FN:374,(anonymous_28)
FN:375,(anonymous_29)
FN:376,(anonymous_30)
FN:377,(anonymous_31)
FN:395,(anonymous_32)
FN:407,(anonymous_33)
FN:408,(anonymous_34)
FN:417,(anonymous_35)
FN:428,(anonymous_36)
FNF:37
FNH:0
FNDA:0,(anonymous_0)
FNDA:0,(anonymous_1)
FNDA:0,(anonymous_2)
FNDA:0,(anonymous_3)
FNDA:0,(anonymous_4)
FNDA:0,(anonymous_5)
FNDA:0,(anonymous_6)
FNDA:0,(anonymous_7)
FNDA:0,(anonymous_8)
FNDA:0,(anonymous_9)
FNDA:0,(anonymous_10)
FNDA:0,(anonymous_11)
FNDA:0,(anonymous_12)
FNDA:0,(anonymous_13)
FNDA:0,(anonymous_14)
FNDA:0,(anonymous_15)
FNDA:0,(anonymous_16)
FNDA:0,(anonymous_17)
FNDA:0,(anonymous_18)
FNDA:0,(anonymous_19)
FNDA:0,(anonymous_20)
FNDA:0,(anonymous_21)
FNDA:0,(anonymous_22)
FNDA:0,(anonymous_23)
FNDA:0,(anonymous_24)
FNDA:0,(anonymous_25)
FNDA:0,(anonymous_26)
FNDA:0,(anonymous_27)
FNDA:0,(anonymous_28)
FNDA:0,(anonymous_29)
FNDA:0,(anonymous_30)
FNDA:0,(anonymous_31)
FNDA:0,(anonymous_32)
FNDA:0,(anonymous_33)
FNDA:0,(anonymous_34)
FNDA:0,(anonymous_35)
FNDA:0,(anonymous_36)
DA:9,0
DA:10,0
DA:11,0
DA:12,0
DA:15,0
DA:22,0
DA:24,0
DA:25,0
DA:26,0
DA:29,0
DA:31,0
DA:32,0
DA:35,0
DA:36,0
DA:37,0
DA:40,0
DA:41,0
DA:51,0
DA:52,0
DA:54,0
DA:55,0
DA:56,0
DA:59,0
DA:61,0
DA:62,0
DA:64,0
DA:67,0
DA:68,0
DA:69,0
DA:72,0
DA:73,0
DA:74,0
DA:75,0
DA:76,0
DA:86,0
DA:87,0
DA:89,0
DA:92,0
DA:93,0
DA:106,0
DA:107,0
DA:110,0
DA:112,0
DA:114,0
DA:122,0
DA:138,0
DA:139,0
DA:140,0
DA:141,0
DA:156,0
DA:157,0
DA:160,0
DA:162,0
DA:163,0
DA:164,0
DA:169,0
DA:181,0
DA:182,0
DA:183,0
DA:184,0
DA:197,0
DA:198,0
DA:201,0
DA:203,0
DA:204,0
DA:210,0
DA:219,0
DA:220,0
DA:221,0
DA:222,0
DA:237,0
DA:238,0
DA:240,0
DA:241,0
DA:243,0
DA:244,0
DA:247,0
DA:248,0
DA:249,0
DA:254,0
DA:255,0
DA:259,0
DA:268,0
DA:285,0
DA:286,0
DA:288,0
DA:291,0
DA:293,0
DA:296,0
DA:297,0
DA:300,0
DA:306,0
DA:309,0
DA:310,0
DA:311,0
DA:313,0
DA:324,0
DA:325,0
DA:326,0
DA:329,0
DA:331,0
DA:338,0
DA:339,0
DA:340,0
DA:342,0
DA:343,0
DA:345,0
DA:353,0
DA:354,0
DA:357,0
DA:359,0
DA:360,0
DA:362,0
DA:374,0
DA:375,0
DA:376,0
DA:377,0
DA:379,0
DA:396,0
DA:397,0
DA:398,0
DA:400,0
DA:408,0
DA:409,0
DA:411,0
DA:418,0
DA:429,0
DA:431,0
DA:432,0
DA:433,0
LF:130
LH:0
BRDA:24,0,0,0
BRDA:24,0,1,0
BRDA:54,1,0,0
BRDA:54,1,1,0
BRDA:59,2,0,0
BRDA:59,2,1,0
BRDA:59,2,2,0
BRDA:61,3,0,0
BRDA:61,3,1,0
BRDA:73,4,0,0
BRDA:73,4,1,0
BRDA:104,5,0,0
BRDA:104,6,0,0
BRDA:106,7,0,0
BRDA:106,7,1,0
BRDA:139,8,0,0
BRDA:139,8,1,0
BRDA:143,9,0,0
BRDA:143,9,1,0
BRDA:156,10,0,0
BRDA:156,10,1,0
BRDA:182,11,0,0
BRDA:182,11,1,0
BRDA:197,12,0,0
BRDA:197,12,1,0
BRDA:220,13,0,0
BRDA:220,13,1,0
BRDA:236,14,0,0
BRDA:236,15,0,0
BRDA:247,16,0,0
BRDA:247,16,1,0
BRDA:269,17,0,0
BRDA:269,17,1,0
BRDA:269,17,2,0
BRDA:270,18,0,0
BRDA:270,18,1,0
BRDA:271,19,0,0
BRDA:271,19,1,0
BRDA:272,20,0,0
BRDA:272,20,1,0
BRDA:273,21,0,0
BRDA:273,21,1,0
BRDA:274,22,0,0
BRDA:274,22,1,0
BRDA:275,23,0,0
BRDA:275,23,1,0
BRDA:276,24,0,0
BRDA:276,24,1,0
BRDA:283,25,0,0
BRDA:283,26,0,0
BRDA:288,27,0,0
BRDA:288,27,1,0
BRDA:293,28,0,0
BRDA:293,28,1,0
BRDA:300,29,0,0
BRDA:300,29,1,0
BRDA:302,30,0,0
BRDA:302,30,1,0
BRDA:303,31,0,0
BRDA:303,31,1,0
BRDA:306,32,0,0
BRDA:306,32,1,0
BRDA:311,33,0,0
BRDA:311,33,1,0
BRDA:324,34,0,0
BRDA:324,34,1,0
BRDA:324,35,0,0
BRDA:324,35,1,0
BRDA:325,36,0,0
BRDA:325,36,1,0
BRDA:329,37,0,0
BRDA:329,37,1,0
BRDA:342,38,0,0
BRDA:342,38,1,0
BRDA:343,39,0,0
BRDA:343,39,1,0
BRDA:353,40,0,0
BRDA:353,40,1,0
BRDA:353,41,0,0
BRDA:353,41,1,0
BRDA:396,42,0,0
BRDA:396,42,1,0
BRDA:396,42,2,0
BRDA:396,42,3,0
BRDA:431,43,0,0
BRDA:431,43,1,0
BRF:86
BRH:0
end_of_record
TN:
SF:src/js/services/calculation-manager.service.js
FN:18,(anonymous_0)
FN:28,(anonymous_1)
FN:33,(anonymous_2)
FN:38,(anonymous_3)
FN:46,(anonymous_4)
FN:57,(anonymous_5)
FN:74,(anonymous_6)
FN:109,(anonymous_7)
FN:122,(anonymous_8)
FN:143,(anonymous_9)
FN:157,(anonymous_10)
FN:164,(anonymous_11)
FN:172,(anonymous_12)
FN:173,(anonymous_13)
FN:181,(anonymous_14)
FN:188,(anonymous_15)
FN:217,(anonymous_16)
FN:218,(anonymous_17)
FN:245,(anonymous_18)
FN:287,(anonymous_19)
FN:305,(anonymous_20)
FN:316,(anonymous_21)
FNF:22
FNH:0
FNDA:0,(anonymous_0)
FNDA:0,(anonymous_1)
FNDA:0,(anonymous_2)
FNDA:0,(anonymous_3)
FNDA:0,(anonymous_4)
FNDA:0,(anonymous_5)
FNDA:0,(anonymous_6)
FNDA:0,(anonymous_7)
FNDA:0,(anonymous_8)
FNDA:0,(anonymous_9)
FNDA:0,(anonymous_10)
FNDA:0,(anonymous_11)
FNDA:0,(anonymous_12)
FNDA:0,(anonymous_13)
FNDA:0,(anonymous_14)
FNDA:0,(anonymous_15)
FNDA:0,(anonymous_16)
FNDA:0,(anonymous_17)
FNDA:0,(anonymous_18)
FNDA:0,(anonymous_19)
FNDA:0,(anonymous_20)
FNDA:0,(anonymous_21)
DA:19,0
DA:20,0
DA:21,0
DA:29,0
DA:32,0
DA:33,0
DA:38,0
DA:47,0
DA:59,0
DA:60,0
DA:63,0
DA:76,0
DA:77,0
DA:78,0
DA:82,0
DA:85,0
DA:86,0
DA:90,0
DA:91,0
DA:95,0
DA:96,0
DA:97,0
DA:101,0
DA:111,0
DA:114,0
DA:124,0
DA:125,0
DA:129,0
DA:130,0
DA:134,0
DA:135,0
DA:144,0
DA:145,0
DA:146,0
DA:147,0
DA:149,0
DA:158,0
DA:165,0
DA:173,0
DA:174,0
DA:175,0
DA:181,0
DA:189,0
DA:191,0
DA:192,0
DA:199,0
DA:205,0
DA:218,0
DA:219,0
DA:220,0
DA:222,0
DA:246,0
DA:247,0
DA:251,0
DA:252,0
DA:255,0
DA:256,0
DA:257,0
DA:265,0
DA:266,0
DA:267,0
DA:270,0
DA:272,0
DA:275,0
DA:278,0
DA:288,0
DA:290,0
DA:308,0
DA:309,0
DA:317,0
LF:70
LH:0
BRDA:18,0,0,0
BRDA:19,1,0,0
BRDA:19,1,1,0
BRDA:20,2,0,0
BRDA:20,2,1,0
BRDA:57,3,0,0
BRDA:57,4,0,0
BRDA:59,5,0,0
BRDA:59,5,1,0
BRDA:59,6,0,0
BRDA:59,6,1,0
BRDA:74,7,0,0
BRDA:77,8,0,0
BRDA:77,8,1,0
BRDA:85,9,0,0
BRDA:85,9,1,0
BRDA:90,10,0,0
BRDA:90,10,1,0
BRDA:96,11,0,0
BRDA:96,11,1,0
BRDA:124,12,0,0
BRDA:124,12,1,0
BRDA:129,13,0,0
BRDA:129,13,1,0
BRDA:145,14,0,0
BRDA:145,14,1,0
BRDA:175,15,0,0
BRDA:175,15,1,0
BRDA:191,16,0,0
BRDA:191,16,1,0
BRDA:232,17,0,0
BRDA:232,17,1,0
BRDA:233,18,0,0
BRDA:233,18,1,0
BRDA:234,19,0,0
BRDA:234,19,1,0
BRDA:246,20,0,0
BRDA:246,20,1,0
BRDA:265,21,0,0
BRDA:265,21,1,0
BRDA:265,22,0,0
BRDA:265,22,1,0
BRDA:288,23,0,0
BRDA:288,23,1,0
BRF:44
BRH:0
end_of_record
TN:
SF:src/js/services/calculator.service.js
FN:7,(anonymous_0)
FN:12,(anonymous_1)
FN:30,(anonymous_2)
FN:35,(anonymous_3)
FN:40,(anonymous_4)
FN:45,(anonymous_5)
FN:62,(anonymous_6)
FN:81,(anonymous_7)
FN:86,(anonymous_8)
FN:95,(anonymous_9)
FN:114,(anonymous_10)
FN:115,(anonymous_11)
FN:116,(anonymous_12)
FN:117,(anonymous_13)
FNF:14
FNH:0
FNDA:0,(anonymous_0)
FNDA:0,(anonymous_1)
FNDA:0,(anonymous_2)
FNDA:0,(anonymous_3)
FNDA:0,(anonymous_4)
FNDA:0,(anonymous_5)
FNDA:0,(anonymous_6)
FNDA:0,(anonymous_7)
FNDA:0,(anonymous_8)
FNDA:0,(anonymous_9)
FNDA:0,(anonymous_10)
FNDA:0,(anonymous_11)
FNDA:0,(anonymous_12)
FNDA:0,(anonymous_13)
DA:9,0
DA:14,0
DA:17,0
DA:20,0
DA:21,0
DA:24,0
DA:27,0
DA:32,0
DA:37,0
DA:42,0
DA:47,0
DA:63,0
DA:65,0
DA:67,0
DA:70,0
DA:82,0
DA:83,0
DA:87,0
DA:88,0
DA:92,0
DA:95,0
DA:98,0
DA:101,0
DA:114,0
DA:115,0
DA:116,0
DA:117,0
DA:119,0
LF:28
LH:0
BRDA:20,0,0,0
BRDA:20,0,1,0
BRDA:21,1,0,0
BRDA:21,1,1,0
BRDA:63,2,0,0
BRDA:63,2,1,0
BRDA:63,2,2,0
BRDA:63,2,3,0
BRDA:87,3,0,0
BRDA:87,3,1,0
BRDA:87,4,0,0
BRDA:87,4,1,0
BRDA:87,4,2,0
BRDA:87,4,3,0
BRF:14
BRH:0
end_of_record
TN:
SF:src/js/services/export.service.js
FN:22,(anonymous_0)
FN:35,(anonymous_1)
FN:114,(anonymous_2)
FN:171,(anonymous_3)
FN:203,(anonymous_4)
FN:234,(anonymous_5)
FN:274,(anonymous_6)
FN:312,(anonymous_7)
FN:359,(anonymous_8)
FN:390,(anonymous_9)
FN:407,(anonymous_10)
FN:424,(anonymous_11)
FN:440,(anonymous_12)
FN:456,(anonymous_13)
FN:475,(anonymous_14)
FN:492,(anonymous_15)
FN:502,(anonymous_16)
FNF:17
FNH:0
FNDA:0,(anonymous_0)
FNDA:0,(anonymous_1)
FNDA:0,(anonymous_2)
FNDA:0,(anonymous_3)
FNDA:0,(anonymous_4)
FNDA:0,(anonymous_5)
FNDA:0,(anonymous_6)
FNDA:0,(anonymous_7)
FNDA:0,(anonymous_8)
FNDA:0,(anonymous_9)
FNDA:0,(anonymous_10)
FNDA:0,(anonymous_11)
FNDA:0,(anonymous_12)
FNDA:0,(anonymous_13)
FNDA:0,(anonymous_14)
FNDA:0,(anonymous_15)
FNDA:0,(anonymous_16)
DA:23,0
DA:24,0
DA:25,0
DA:36,0
DA:37,0
DA:38,0
DA:41,0
DA:43,0
DA:44,0
DA:47,0
DA:48,0
DA:50,0
DA:51,0
DA:54,0
DA:55,0
DA:57,0
DA:71,0
DA:72,0
DA:75,0
DA:76,0
DA:77,0
DA:81,0
DA:90,0
DA:91,0
DA:93,0
DA:100,0
DA:108,0
DA:109,0
DA:110,0
DA:113,0
DA:114,0
DA:124,0
DA:125,0
DA:126,0
DA:129,0
DA:147,0
DA:148,0
DA:149,0
DA:150,0
DA:151,0
DA:152,0
DA:156,0
DA:157,0
DA:159,0
DA:160,0
DA:172,0
DA:173,0
DA:174,0
DA:177,0
DA:180,0
DA:198,0
DA:201,0
DA:202,0
DA:203,0
DA:212,0
DA:216,0
DA:219,0
DA:221,0
DA:223,0
DA:224,0
DA:235,0
DA:236,0
DA:237,0
DA:240,0
DA:243,0
DA:256,0
DA:259,0
DA:260,0
DA:262,0
DA:264,0
DA:265,0
DA:275,0
DA:276,0
DA:277,0
DA:281,0
DA:284,0
DA:285,0
DA:289,0
DA:292,0
DA:293,0
DA:294,0
DA:297,0
DA:300,0
DA:302,0
DA:303,0
DA:313,0
DA:314,0
DA:315,0
DA:319,0
DA:321,0
DA:322,0
DA:326,0
DA:329,0
DA:342,0
DA:345,0
DA:347,0
DA:349,0
DA:350,0
DA:360,0
DA:361,0
DA:362,0
DA:366,0
DA:367,0
DA:369,0
DA:370,0
DA:374,0
DA:377,0
DA:379,0
DA:380,0
DA:391,0
DA:398,0
DA:408,0
DA:415,0
DA:425,0
DA:431,0
DA:441,0
DA:447,0
DA:457,0
DA:458,0
DA:460,0
DA:461,0
DA:462,0
DA:463,0
DA:465,0
DA:476,0
DA:477,0
DA:478,0
DA:479,0
DA:480,0
DA:481,0
DA:483,0
DA:493,0
DA:503,0
DA:504,0
DA:507,0
DA:509,0
DA:512,0
DA:513,0
DA:514,0
DA:515,0
DA:516,0
DA:517,0
DA:518,0
DA:519,0
LF:144
LH:0
BRDA:22,0,0,0
BRDA:23,1,0,0
BRDA:23,1,1,0
BRDA:24,2,0,0
BRDA:24,2,1,0
BRDA:37,3,0,0
BRDA:37,3,1,0
BRDA:37,4,0,0
BRDA:37,4,1,0
BRDA:71,5,0,0
BRDA:71,5,1,0
BRDA:108,6,0,0
BRDA:108,6,1,0
BRDA:108,7,0,0
BRDA:108,7,1,0
BRDA:108,7,2,0
BRDA:124,8,0,0
BRDA:124,8,1,0
BRDA:130,9,0,0
BRDA:130,9,1,0
BRDA:173,10,0,0
BRDA:173,10,1,0
BRDA:173,11,0,0
BRDA:173,11,1,0
BRDA:202,12,0,0
BRDA:202,12,1,0
BRDA:202,13,0,0
BRDA:202,13,1,0
BRDA:202,13,2,0
BRDA:236,14,0,0
BRDA:236,14,1,0
BRDA:236,15,0,0
BRDA:236,15,1,0
BRDA:276,16,0,0
BRDA:276,16,1,0
BRDA:281,17,0,0
BRDA:281,17,1,0
BRDA:284,18,0,0
BRDA:284,18,1,0
BRDA:284,19,0,0
BRDA:284,19,1,0
BRDA:293,20,0,0
BRDA:293,20,1,0
BRDA:314,21,0,0
BRDA:314,21,1,0
BRDA:321,22,0,0
BRDA:321,22,1,0
BRDA:321,23,0,0
BRDA:321,23,1,0
BRDA:330,24,0,0
BRDA:330,24,1,0
BRDA:331,25,0,0
BRDA:331,25,1,0
BRDA:332,26,0,0
BRDA:332,26,1,0
BRDA:333,27,0,0
BRDA:333,27,1,0
BRDA:334,28,0,0
BRDA:334,28,1,0
BRDA:335,29,0,0
BRDA:335,29,1,0
BRDA:336,30,0,0
BRDA:336,30,1,0
BRDA:337,31,0,0
BRDA:337,31,1,0
BRDA:338,32,0,0
BRDA:338,32,1,0
BRDA:361,33,0,0
BRDA:361,33,1,0
BRDA:369,34,0,0
BRDA:369,34,1,0
BRDA:398,35,0,0
BRDA:398,35,1,0
BRDA:415,36,0,0
BRDA:415,36,1,0
BRDA:431,37,0,0
BRDA:431,37,1,0
BRDA:447,38,0,0
BRDA:447,38,1,0
BRDA:460,39,0,0
BRDA:460,39,1,0
BRDA:462,40,0,0
BRDA:462,40,1,0
BRDA:463,41,0,0
BRDA:463,41,1,0
BRDA:465,42,0,0
BRDA:465,42,1,0
BRDA:465,43,0,0
BRDA:465,43,1,0
BRDA:476,44,0,0
BRDA:476,44,1,0
BRDA:476,45,0,0
BRDA:476,45,1,0
BRDA:478,46,0,0
BRDA:478,46,1,0
BRDA:479,47,0,0
BRDA:479,47,1,0
BRDA:480,48,0,0
BRDA:480,48,1,0
BRDA:481,49,0,0
BRDA:481,49,1,0
BRDA:483,50,0,0
BRDA:483,50,1,0
BRDA:483,51,0,0
BRDA:483,51,1,0
BRDA:507,52,0,0
BRDA:507,52,1,0
BRF:107
BRH:0
end_of_record
TN:
SF:src/js/services/language.service.js
FN:16,(anonymous_0)
FN:28,(anonymous_1)
FN:42,(anonymous_2)
FN:54,(anonymous_3)
FN:62,(anonymous_4)
FN:70,(anonymous_5)
FN:93,(anonymous_6)
FN:101,(anonymous_7)
FN:109,(anonymous_8)
FN:117,(anonymous_9)
FN:127,(anonymous_10)
FN:137,(anonymous_11)
FN:138,(anonymous_12)
FNF:13
FNH:0
FNDA:0,(anonymous_0)
FNDA:0,(anonymous_1)
FNDA:0,(anonymous_2)
FNDA:0,(anonymous_3)
FNDA:0,(anonymous_4)
FNDA:0,(anonymous_5)
FNDA:0,(anonymous_6)
FNDA:0,(anonymous_7)
FNDA:0,(anonymous_8)
FNDA:0,(anonymous_9)
FNDA:0,(anonymous_10)
FNDA:0,(anonymous_11)
FNDA:0,(anonymous_12)
DA:17,0
DA:18,0
DA:19,0
DA:22,0
DA:29,0
DA:30,0
DA:31,0
DA:32,0
DA:35,0
DA:43,0
DA:44,0
DA:46,0
DA:55,0
DA:63,0
DA:71,0
DA:72,0
DA:73,0
DA:76,0
DA:78,0
DA:81,0
DA:84,0
DA:94,0
DA:102,0
DA:110,0
DA:118,0
DA:119,0
DA:128,0
DA:129,0
DA:130,0
DA:138,0
DA:139,0
DA:140,0
DA:142,0
LF:33
LH:0
BRDA:16,0,0,0
BRDA:17,1,0,0
BRDA:17,1,1,0
BRDA:31,2,0,0
BRDA:31,2,1,0
BRDA:71,3,0,0
BRDA:71,3,1,0
BRDA:118,4,0,0
BRDA:118,4,1,0
BRDA:118,5,0,0
BRDA:118,5,1,0
BRDA:129,6,0,0
BRDA:129,6,1,0
BRF:13
BRH:0
end_of_record
TN:
SF:src/js/services/storage.service.js
FN:17,(anonymous_0)
FN:29,(anonymous_1)
FN:60,(anonymous_2)
FN:88,(anonymous_3)
FN:104,(anonymous_4)
FN:131,(anonymous_5)
FN:137,(anonymous_6)
FN:158,(anonymous_7)
FN:178,(anonymous_8)
FN:203,(anonymous_9)
FN:212,(anonymous_10)
FN:230,(anonymous_11)
FN:243,(anonymous_12)
FN:278,(anonymous_13)
FN:303,(anonymous_14)
FN:316,(anonymous_15)
FN:337,(anonymous_16)
FN:360,(anonymous_17)
FN:376,(anonymous_18)
FNF:19
FNH:0
FNDA:0,(anonymous_0)
FNDA:0,(anonymous_1)
FNDA:0,(anonymous_2)
FNDA:0,(anonymous_3)
FNDA:0,(anonymous_4)
FNDA:0,(anonymous_5)
FNDA:0,(anonymous_6)
FNDA:0,(anonymous_7)
FNDA:0,(anonymous_8)
FNDA:0,(anonymous_9)
FNDA:0,(anonymous_10)
FNDA:0,(anonymous_11)
FNDA:0,(anonymous_12)
FNDA:0,(anonymous_13)
FNDA:0,(anonymous_14)
FNDA:0,(anonymous_15)
FNDA:0,(anonymous_16)
FNDA:0,(anonymous_17)
FNDA:0,(anonymous_18)
DA:18,0
DA:19,0
DA:22,0
DA:30,0
DA:32,0
DA:35,0
DA:36,0
DA:42,0
DA:45,0
DA:46,0
DA:47,0
DA:51,0
DA:64,0
DA:71,0
DA:72,0
DA:75,0
DA:76,0
DA:77,0
DA:79,0
DA:89,0
DA:90,0
DA:91,0
DA:93,0
DA:94,0
DA:105,0
DA:107,0
DA:110,0
DA:111,0
DA:114,0
DA:117,0
DA:120,0
DA:123,0
DA:132,0
DA:133,0
DA:135,0
DA:137,0
DA:140,0
DA:143,0
DA:145,0
DA:148,0
DA:159,0
DA:160,0
DA:161,0
DA:165,0
DA:166,0
DA:167,0
DA:171,0
DA:178,0
DA:180,0
DA:182,0
DA:185,0
DA:189,0
DA:190,0
DA:192,0
DA:194,0
DA:195,0
DA:204,0
DA:205,0
DA:207,0
DA:208,0
DA:212,0
DA:213,0
DA:214,0
DA:220,0
DA:221,0
DA:231,0
DA:232,0
DA:233,0
DA:236,0
DA:238,0
DA:239,0
DA:243,0
DA:245,0
DA:246,0
DA:250,0
DA:251,0
DA:253,0
DA:254,0
DA:260,0
DA:266,0
DA:267,0
DA:279,0
DA:280,0
DA:281,0
DA:285,0
DA:286,0
DA:290,0
DA:291,0
DA:293,0
DA:294,0
DA:304,0
DA:305,0
DA:306,0
DA:309,0
DA:311,0
DA:312,0
DA:316,0
DA:318,0
DA:319,0
DA:323,0
DA:326,0
DA:328,0
DA:329,0
DA:338,0
DA:339,0
DA:341,0
DA:342,0
DA:346,0
DA:349,0
DA:351,0
DA:352,0
DA:361,0
DA:362,0
DA:363,0
DA:364,0
DA:365,0
DA:366,0
DA:368,0
DA:377,0
DA:379,0
DA:380,0
DA:383,0
DA:386,0
DA:388,0
DA:398,0
DA:399,0
LF:126
LH:0
BRDA:17,0,0,0
BRDA:18,1,0,0
BRDA:18,1,1,0
BRDA:19,2,0,0
BRDA:19,2,1,0
BRDA:35,3,0,0
BRDA:35,3,1,0
BRDA:46,4,0,0
BRDA:46,4,1,0
BRDA:71,5,0,0
BRDA:71,5,1,0
BRDA:91,6,0,0
BRDA:91,6,1,0
BRDA:117,7,0,0
BRDA:117,7,1,0
BRDA:117,8,0,0
BRDA:117,8,1,0
BRDA:117,8,2,0
BRDA:135,9,0,0
BRDA:135,9,1,0
BRDA:135,10,0,0
BRDA:135,10,1,0
BRDA:135,10,2,0
BRDA:158,11,0,0
BRDA:160,12,0,0
BRDA:160,12,1,0
BRDA:166,13,0,0
BRDA:166,13,1,0
BRDA:173,14,0,0
BRDA:173,14,1,0
BRDA:180,15,0,0
BRDA:180,15,1,0
BRDA:189,16,0,0
BRDA:189,16,1,0
BRDA:207,17,0,0
BRDA:207,17,1,0
BRDA:207,18,0,0
BRDA:207,18,1,0
BRDA:232,19,0,0
BRDA:232,19,1,0
BRDA:238,20,0,0
BRDA:238,20,1,0
BRDA:238,21,0,0
BRDA:238,21,1,0
BRDA:245,22,0,0
BRDA:245,22,1,0
BRDA:253,23,0,0
BRDA:253,23,1,0
BRDA:278,24,0,0
BRDA:280,25,0,0
BRDA:280,25,1,0
BRDA:280,26,0,0
BRDA:280,26,1,0
BRDA:285,27,0,0
BRDA:285,27,1,0
BRDA:305,28,0,0
BRDA:305,28,1,0
BRDA:311,29,0,0
BRDA:311,29,1,0
BRDA:311,30,0,0
BRDA:311,30,1,0
BRDA:318,31,0,0
BRDA:318,31,1,0
BRDA:341,32,0,0
BRDA:341,32,1,0
BRDA:394,33,0,0
BRDA:394,33,1,0
BRDA:394,34,0,0
BRDA:394,34,1,0
BRF:69
BRH:0
end_of_record
TN:
SF:src/js/utils/accessibility.js
FN:11,setFocus
FN:23,addKeyboardNavigation
FN:29,(anonymous_2)
FN:57,announceToScreenReader
FN:77,(anonymous_4)
FN:88,announceLoadingState
FN:121,announceValidationError
FN:132,setInternationalizedText
FN:151,updateDocumentLanguage
FN:167,enhanceFormAccessibility
FN:172,(anonymous_10)
FN:202,(anonymous_11)
FN:223,enhanceLoadingAccessibility
FN:240,removeLoadingAccessibility
FN:258,enhanceTableAccessibility
FN:276,(anonymous_15)
FN:291,(anonymous_16)
FN:310,testColorContrast
FN:338,hexToRgb
FN:347,parseRgb
FN:356,getRelativeLuminance
FN:358,(anonymous_21)
FNF:22
FNH:0
FNDA:0,setFocus
FNDA:0,addKeyboardNavigation
FNDA:0,(anonymous_2)
FNDA:0,announceToScreenReader
FNDA:0,(anonymous_4)
FNDA:0,announceLoadingState
FNDA:0,announceValidationError
FNDA:0,setInternationalizedText
FNDA:0,updateDocumentLanguage
FNDA:0,enhanceFormAccessibility
FNDA:0,(anonymous_10)
FNDA:0,(anonymous_11)
FNDA:0,enhanceLoadingAccessibility
FNDA:0,removeLoadingAccessibility
FNDA:0,enhanceTableAccessibility
FNDA:0,(anonymous_15)
FNDA:0,(anonymous_16)
FNDA:0,testColorContrast
FNDA:0,hexToRgb
FNDA:0,parseRgb
FNDA:0,getRelativeLuminance
FNDA:0,(anonymous_21)
DA:12,0
DA:13,0
DA:24,0
DA:26,0
DA:27,0
DA:29,0
DA:31,0
DA:32,0
DA:33,0
DA:36,0
DA:37,0
DA:38,0
DA:39,0
DA:41,0
DA:42,0
DA:43,0
DA:44,0
DA:59,0
DA:61,0
DA:62,0
DA:63,0
DA:64,0
DA:65,0
DA:66,0
DA:67,0
DA:68,0
DA:72,0
DA:75,0
DA:77,0
DA:78,0
DA:89,0
DA:91,0
DA:93,0
DA:94,0
DA:96,0
DA:97,0
DA:99,0
DA:101,0
DA:103,0
DA:104,0
DA:106,0
DA:107,0
DA:109,0
DA:112,0
DA:113,0
DA:122,0
DA:123,0
DA:133,0
DA:135,0
DA:136,0
DA:139,0
DA:140,0
DA:141,0
DA:143,0
DA:152,0
DA:155,0
DA:156,0
DA:157,0
DA:159,0
DA:168,0
DA:171,0
DA:172,0
DA:173,0
DA:174,0
DA:176,0
DA:178,0
DA:179,0
DA:180,0
DA:185,0
DA:186,0
DA:187,0
DA:188,0
DA:189,0
DA:193,0
DA:194,0
DA:196,0
DA:201,0
DA:202,0
DA:203,0
DA:204,0
DA:205,0
DA:206,0
DA:207,0
DA:208,0
DA:214,0
DA:224,0
DA:226,0
DA:227,0
DA:228,0
DA:231,0
DA:232,0
DA:241,0
DA:243,0
DA:244,0
DA:245,0
DA:248,0
DA:249,0
DA:259,0
DA:262,0
DA:263,0
DA:267,0
DA:268,0
DA:269,0
DA:270,0
DA:271,0
DA:275,0
DA:276,0
DA:277,0
DA:279,0
DA:280,0
DA:281,0
DA:284,0
DA:285,0
DA:290,0
DA:291,0
DA:292,0
DA:293,0
DA:294,0
DA:296,0
DA:297,0
DA:298,0
DA:299,0
DA:312,0
DA:313,0
DA:315,0
DA:316,0
DA:320,0
DA:321,0
DA:324,0
DA:325,0
DA:326,0
DA:328,0
DA:339,0
DA:340,0
DA:348,0
DA:349,0
DA:357,0
DA:358,0
DA:359,0
DA:360,0
DA:362,0
LF:141
LH:0
BRDA:12,0,0,0
BRDA:12,0,1,0
BRDA:12,1,0,0
BRDA:12,1,1,0
BRDA:23,2,0,0
BRDA:23,3,0,0
BRDA:24,4,0,0
BRDA:24,4,1,0
BRDA:27,5,0,0
BRDA:27,5,1,0
BRDA:31,6,0,0
BRDA:31,6,1,0
BRDA:36,7,0,0
BRDA:36,7,1,0
BRDA:36,8,0,0
BRDA:36,8,1,0
BRDA:37,9,0,0
BRDA:37,9,1,0
BRDA:41,10,0,0
BRDA:41,10,1,0
BRDA:41,11,0,0
BRDA:41,11,1,0
BRDA:42,12,0,0
BRDA:42,12,1,0
BRDA:57,13,0,0
BRDA:57,14,0,0
BRDA:61,15,0,0
BRDA:61,15,1,0
BRDA:88,16,0,0
BRDA:88,17,0,0
BRDA:91,18,0,0
BRDA:91,18,1,0
BRDA:91,18,2,0
BRDA:91,18,3,0
BRDA:91,18,4,0
BRDA:93,19,0,0
BRDA:93,19,1,0
BRDA:96,20,0,0
BRDA:96,20,1,0
BRDA:97,21,0,0
BRDA:97,21,1,0
BRDA:99,22,0,0
BRDA:99,22,1,0
BRDA:103,23,0,0
BRDA:103,23,1,0
BRDA:106,24,0,0
BRDA:106,24,1,0
BRDA:112,25,0,0
BRDA:112,25,1,0
BRDA:132,26,0,0
BRDA:133,27,0,0
BRDA:133,27,1,0
BRDA:140,28,0,0
BRDA:140,28,1,0
BRDA:151,29,0,0
BRDA:156,30,0,0
BRDA:156,30,1,0
BRDA:168,31,0,0
BRDA:168,31,1,0
BRDA:176,32,0,0
BRDA:176,32,1,0
BRDA:176,33,0,0
BRDA:176,33,1,0
BRDA:179,34,0,0
BRDA:179,34,1,0
BRDA:186,35,0,0
BRDA:186,35,1,0
BRDA:193,36,0,0
BRDA:193,36,1,0
BRDA:203,37,0,0
BRDA:203,37,1,0
BRDA:203,38,0,0
BRDA:203,38,1,0
BRDA:205,39,0,0
BRDA:205,39,1,0
BRDA:207,40,0,0
BRDA:207,40,1,0
BRDA:214,41,0,0
BRDA:214,41,1,0
BRDA:223,42,0,0
BRDA:224,43,0,0
BRDA:224,43,1,0
BRDA:231,44,0,0
BRDA:231,44,1,0
BRDA:241,45,0,0
BRDA:241,45,1,0
BRDA:248,46,0,0
BRDA:248,46,1,0
BRDA:258,47,0,0
BRDA:259,48,0,0
BRDA:259,48,1,0
BRDA:262,49,0,0
BRDA:262,49,1,0
BRDA:267,50,0,0
BRDA:267,50,1,0
BRDA:267,51,0,0
BRDA:267,51,1,0
BRDA:277,52,0,0
BRDA:277,52,1,0
BRDA:281,53,0,0
BRDA:281,53,1,0
BRDA:284,54,0,0
BRDA:284,54,1,0
BRDA:296,55,0,0
BRDA:296,55,1,0
BRDA:296,56,0,0
BRDA:296,56,1,0
BRDA:298,57,0,0
BRDA:298,57,1,0
BRDA:312,58,0,0
BRDA:312,58,1,0
BRDA:313,59,0,0
BRDA:313,59,1,0
BRDA:315,60,0,0
BRDA:315,60,1,0
BRDA:315,61,0,0
BRDA:315,61,1,0
BRDA:340,62,0,0
BRDA:340,62,1,0
BRDA:349,63,0,0
BRDA:349,63,1,0
BRDA:360,64,0,0
BRDA:360,64,1,0
BRF:123
BRH:0
end_of_record
TN:
SF:src/js/utils/animation-manager.js
FN:8,(anonymous_0)
FN:19,(anonymous_1)
FN:36,(anonymous_2)
FN:43,(anonymous_3)
FN:45,(anonymous_4)
FN:46,(anonymous_5)
FN:51,(anonymous_6)
FN:63,(anonymous_7)
FN:75,(anonymous_8)
FN:85,(anonymous_9)
FN:95,(anonymous_10)
FN:102,(anonymous_11)
FN:103,(anonymous_12)
FN:104,(anonymous_13)
FN:118,(anonymous_14)
FN:123,(anonymous_15)
FN:131,(anonymous_16)
FN:132,(anonymous_17)
FN:133,(anonymous_18)
FN:140,(anonymous_19)
FN:165,(anonymous_20)
FN:174,(anonymous_21)
FN:185,(anonymous_22)
FN:191,(anonymous_23)
FN:192,(anonymous_24)
FN:197,(anonymous_25)
FN:209,(anonymous_26)
FN:235,(anonymous_27)
FN:245,(anonymous_28)
FN:252,(anonymous_29)
FN:253,(anonymous_30)
FN:265,(anonymous_31)
FN:275,(anonymous_32)
FN:276,(anonymous_33)
FN:287,(anonymous_34)
FN:299,(anonymous_35)
FN:309,(anonymous_36)
FN:327,(anonymous_37)
FN:336,(anonymous_38)
FN:345,(anonymous_39)
FNF:40
FNH:0
FNDA:0,(anonymous_0)
FNDA:0,(anonymous_1)
FNDA:0,(anonymous_2)
FNDA:0,(anonymous_3)
FNDA:0,(anonymous_4)
FNDA:0,(anonymous_5)
FNDA:0,(anonymous_6)
FNDA:0,(anonymous_7)
FNDA:0,(anonymous_8)
FNDA:0,(anonymous_9)
FNDA:0,(anonymous_10)
FNDA:0,(anonymous_11)
FNDA:0,(anonymous_12)
FNDA:0,(anonymous_13)
FNDA:0,(anonymous_14)
FNDA:0,(anonymous_15)
FNDA:0,(anonymous_16)
FNDA:0,(anonymous_17)
FNDA:0,(anonymous_18)
FNDA:0,(anonymous_19)
FNDA:0,(anonymous_20)
FNDA:0,(anonymous_21)
FNDA:0,(anonymous_22)
FNDA:0,(anonymous_23)
FNDA:0,(anonymous_24)
FNDA:0,(anonymous_25)
FNDA:0,(anonymous_26)
FNDA:0,(anonymous_27)
FNDA:0,(anonymous_28)
FNDA:0,(anonymous_29)
FNDA:0,(anonymous_30)
FNDA:0,(anonymous_31)
FNDA:0,(anonymous_32)
FNDA:0,(anonymous_33)
FNDA:0,(anonymous_34)
FNDA:0,(anonymous_35)
FNDA:0,(anonymous_36)
FNDA:0,(anonymous_37)
FNDA:0,(anonymous_38)
FNDA:0,(anonymous_39)
DA:9,0
DA:10,0
DA:11,0
DA:20,0
DA:21,0
DA:28,0
DA:31,0
DA:33,0
DA:36,0
DA:37,0
DA:38,0
DA:39,0
DA:43,0
DA:44,0
DA:45,0
DA:46,0
DA:47,0
DA:51,0
DA:52,0
DA:64,0
DA:65,0
DA:67,0
DA:70,0
DA:71,0
DA:72,0
DA:75,0
DA:76,0
DA:86,0
DA:87,0
DA:89,0
DA:90,0
DA:92,0
DA:95,0
DA:96,0
DA:97,0
DA:98,0
DA:102,0
DA:103,0
DA:104,0
DA:105,0
DA:119,0
DA:123,0
DA:125,0
DA:127,0
DA:128,0
DA:130,0
DA:131,0
DA:132,0
DA:133,0
DA:136,0
DA:138,0
DA:140,0
DA:141,0
DA:142,0
DA:143,0
DA:145,0
DA:146,0
DA:148,0
DA:149,0
DA:151,0
DA:152,0
DA:156,0
DA:166,0
DA:167,0
DA:169,0
DA:170,0
DA:172,0
DA:174,0
DA:175,0
DA:176,0
DA:186,0
DA:187,0
DA:189,0
DA:191,0
DA:192,0
DA:193,0
DA:194,0
DA:197,0
DA:198,0
DA:199,0
DA:210,0
DA:212,0
DA:213,0
DA:214,0
DA:215,0
DA:217,0
DA:218,0
DA:231,0
DA:232,0
DA:233,0
DA:235,0
DA:236,0
DA:250,0
DA:252,0
DA:253,0
DA:254,0
DA:255,0
DA:256,0
DA:264,0
DA:265,0
DA:266,0
DA:269,0
DA:276,0
DA:277,0
DA:279,0
DA:288,0
DA:290,0
DA:291,0
DA:300,0
DA:301,0
DA:302,0
DA:305,0
DA:306,0
DA:308,0
DA:309,0
DA:310,0
DA:314,0
DA:315,0
DA:317,0
DA:321,0
DA:328,0
DA:329,0
DA:337,0
DA:346,0
DA:347,0
DA:348,0
DA:351,0
DA:357,0
DA:358,0
DA:359,0
DA:360,0
DA:368,0
DA:372,0
LF:133
LH:0
BRDA:19,0,0,0
BRDA:20,1,0,0
BRDA:20,1,1,0
BRDA:21,2,0,0
BRDA:21,2,1,0
BRDA:24,3,0,0
BRDA:25,4,0,0
BRDA:26,5,0,0
BRDA:27,6,0,0
BRDA:33,7,0,0
BRDA:33,7,1,0
BRDA:44,8,0,0
BRDA:44,8,1,0
BRDA:63,9,0,0
BRDA:64,10,0,0
BRDA:64,10,1,0
BRDA:65,11,0,0
BRDA:65,11,1,0
BRDA:67,12,0,0
BRDA:76,13,0,0
BRDA:76,13,1,0
BRDA:85,14,0,0
BRDA:86,15,0,0
BRDA:86,15,1,0
BRDA:87,16,0,0
BRDA:87,16,1,0
BRDA:89,17,0,0
BRDA:89,18,0,0
BRDA:92,19,0,0
BRDA:92,19,1,0
BRDA:118,20,0,0
BRDA:119,21,0,0
BRDA:119,21,1,0
BRDA:122,22,0,0
BRDA:123,23,0,0
BRDA:124,24,0,0
BRDA:133,25,0,0
BRDA:133,25,1,0
BRDA:136,26,0,0
BRDA:136,26,1,0
BRDA:148,27,0,0
BRDA:148,27,1,0
BRDA:165,28,0,0
BRDA:166,29,0,0
BRDA:166,29,1,0
BRDA:167,30,0,0
BRDA:167,30,1,0
BRDA:169,31,0,0
BRDA:169,32,0,0
BRDA:172,33,0,0
BRDA:172,33,1,0
BRDA:186,34,0,0
BRDA:186,34,1,0
BRDA:187,35,0,0
BRDA:187,35,1,0
BRDA:210,36,0,0
BRDA:210,36,1,0
BRDA:210,37,0,0
BRDA:210,37,1,0
BRDA:245,38,0,0
BRDA:247,39,0,0
BRDA:248,40,0,0
BRDA:249,41,0,0
BRDA:254,42,0,0
BRDA:254,42,1,0
BRDA:287,43,0,0
BRDA:290,44,0,0
BRDA:290,44,1,0
BRDA:300,45,0,0
BRDA:300,45,1,0
BRDA:308,46,0,0
BRDA:308,46,1,0
BRDA:345,47,0,0
BRDA:346,48,0,0
BRDA:346,48,1,0
BRDA:347,49,0,0
BRDA:347,49,1,0
BRDA:357,50,0,0
BRDA:357,50,1,0
BRF:79
BRH:0
end_of_record
TN:
SF:src/js/utils/formatters.js
FN:12,getLocaleFromLanguage
FN:25,getDateFormatForLocale
FN:40,formatNumber
FN:54,formatCurrency
FN:68,formatDate
FN:96,formatPercentage
FN:105,formatDuration
FNF:7
FNH:0
FNDA:0,getLocaleFromLanguage
FNDA:0,getDateFormatForLocale
FNDA:0,formatNumber
FNDA:0,formatCurrency
FNDA:0,formatDate
FNDA:0,formatPercentage
FNDA:0,formatDuration
DA:13,0
DA:17,0
DA:26,0
DA:30,0
DA:41,0
DA:55,0
DA:69,0
DA:72,0
DA:73,0
DA:77,0
DA:78,0
DA:79,0
DA:80,0
DA:82,0
DA:83,0
DA:84,0
DA:85,0
DA:87,0
DA:97,0
DA:106,0
DA:107,0
DA:109,0
DA:110,0
DA:111,0
DA:114,0
DA:115,0
DA:116,0
DA:118,0
DA:121,0
LF:29
LH:0
BRDA:17,0,0,0
BRDA:17,0,1,0
BRDA:30,1,0,0
BRDA:30,1,1,0
BRDA:40,2,0,0
BRDA:40,3,0,0
BRDA:54,4,0,0
BRDA:54,5,0,0
BRDA:68,6,0,0
BRDA:68,7,0,0
BRDA:69,8,0,0
BRDA:69,8,1,0
BRDA:72,9,0,0
BRDA:72,9,1,0
BRDA:77,10,0,0
BRDA:77,10,1,0
BRDA:96,11,0,0
BRDA:110,12,0,0
BRDA:110,12,1,0
BRDA:111,13,0,0
BRDA:111,13,1,0
BRDA:114,14,0,0
BRDA:114,14,1,0
BRDA:115,15,0,0
BRDA:115,15,1,0
BRDA:118,16,0,0
BRDA:118,16,1,0
BRF:27
BRH:0
end_of_record
TN:
SF:src/js/utils/helpers.js
FN:10,generateUniqueId
FN:19,deepClone
FN:22,(anonymous_2)
FN:39,debounce
FN:41,executedFunction
FN:42,(anonymous_5)
FN:56,isValidNumber
FNF:7
FNH:0
FNDA:0,generateUniqueId
FNDA:0,deepClone
FNDA:0,(anonymous_2)
FNDA:0,debounce
FNDA:0,executedFunction
FNDA:0,(anonymous_5)
FNDA:0,isValidNumber
DA:11,0
DA:20,0
DA:21,0
DA:22,0
DA:24,0
DA:25,0
DA:26,0
DA:27,0
DA:30,0
DA:41,0
DA:42,0
DA:43,0
DA:44,0
DA:46,0
DA:47,0
DA:57,0
LF:16
LH:0
BRDA:20,0,0,0
BRDA:20,0,1,0
BRDA:20,1,0,0
BRDA:20,1,1,0
BRDA:21,2,0,0
BRDA:21,2,1,0
BRDA:22,3,0,0
BRDA:22,3,1,0
BRDA:26,4,0,0
BRDA:26,4,1,0
BRDA:57,5,0,0
BRDA:57,5,1,0
BRDA:57,5,2,0
BRDA:57,5,3,0
BRF:14
BRH:0
end_of_record
TN:
SF:src/js/utils/keyboard-navigation.js
FN:10,(anonymous_0)
FN:24,(anonymous_1)
FN:34,(anonymous_2)
FN:35,(anonymous_3)
FN:40,(anonymous_4)
FN:45,(anonymous_5)
FN:56,(anonymous_6)
FN:83,(anonymous_7)
FN:116,(anonymous_8)
FN:141,(anonymous_9)
FN:199,(anonymous_10)
FN:208,(anonymous_11)
FN:220,(anonymous_12)
FN:236,(anonymous_13)
FN:246,(anonymous_14)
FN:256,(anonymous_15)
FN:270,(anonymous_16)
FN:280,(anonymous_17)
FN:296,(anonymous_18)
FN:298,(anonymous_19)
FN:302,(anonymous_20)
FN:364,(anonymous_21)
FN:366,(anonymous_22)
FN:374,(anonymous_23)
FN:379,(anonymous_24)
FN:391,(anonymous_25)
FN:395,(anonymous_26)
FN:405,(anonymous_27)
[...]
DA:795,0
DA:797,0
DA:798,0
DA:800,0
DA:801,0
DA:802,0
DA:803,0
DA:805,0
DA:809,0
DA:810,0
DA:814,0
DA:822,0
DA:824,0
DA:832,0
DA:833,0
DA:843,0
DA:846,0
DA:847,0
DA:854,0
DA:857,0
DA:858,0
DA:860,0
DA:866,0
DA:875,0
DA:876,0
DA:877,0
DA:880,0
DA:881,0
DA:885,0
DA:886,0
DA:887,0
DA:891,0
DA:892,0
DA:893,0
DA:896,0
DA:897,0
DA:899,0
DA:900,0
DA:901,0
DA:903,0
DA:906,0
DA:911,0
LF:327
LH:0
BRDA:46,0,0,0
BRDA:46,0,1,0
BRDA:59,1,0,0
BRDA:59,1,1,0
BRDA:61,2,0,0
BRDA:61,2,1,0
BRDA:69,3,0,0
BRDA:69,3,1,0
BRDA:74,4,0,0
BRDA:74,4,1,0
BRDA:88,5,0,0
BRDA:88,5,1,0
BRDA:98,6,0,0
BRDA:98,6,1,0
BRDA:99,7,0,0
BRDA:99,7,1,0
BRDA:102,8,0,0
BRDA:102,8,1,0
BRDA:104,9,0,0
BRDA:104,9,1,0
BRDA:107,10,0,0
BRDA:107,10,1,0
BRDA:120,11,0,0
BRDA:120,11,1,0
BRDA:125,12,0,0
BRDA:125,12,1,0
BRDA:130,13,0,0
BRDA:130,13,1,0
BRDA:143,14,0,0
BRDA:143,14,1,0
BRDA:147,15,0,0
BRDA:147,15,1,0
BRDA:157,16,0,0
BRDA:157,16,1,0
BRDA:157,16,2,0
BRDA:157,16,3,0
BRDA:159,17,0,0
BRDA:159,17,1,0
BRDA:167,18,0,0
BRDA:167,18,1,0
BRDA:175,19,0,0
BRDA:175,19,1,0
BRDA:181,20,0,0
BRDA:181,20,1,0
BRDA:187,21,0,0
BRDA:187,21,1,0
BRDA:190,22,0,0
BRDA:190,22,1,0
BRDA:201,23,0,0
BRDA:201,23,1,0
BRDA:204,24,0,0
BRDA:204,24,1,0
BRDA:204,25,0,0
BRDA:204,25,1,0
BRDA:206,26,0,0
BRDA:206,26,1,0
BRDA:206,27,0,0
BRDA:206,27,1,0
BRDA:206,27,2,0
BRDA:225,28,0,0
BRDA:225,28,1,0
BRDA:228,29,0,0
BRDA:228,29,1,0
BRDA:235,30,0,0
BRDA:235,30,1,0
BRDA:245,31,0,0
BRDA:245,31,1,0
BRDA:272,32,0,0
BRDA:272,32,1,0
BRDA:283,33,0,0
BRDA:283,33,1,0
BRDA:368,34,0,0
BRDA:368,34,1,0
BRDA:368,35,0,0
BRDA:368,35,1,0
BRDA:376,36,0,0
BRDA:376,36,1,0
BRDA:378,37,0,0
BRDA:378,37,1,0
BRDA:378,38,0,0
BRDA:378,38,1,0
BRDA:397,39,0,0
BRDA:397,39,1,0
BRDA:397,40,0,0
BRDA:397,40,1,0
BRDA:408,41,0,0
BRDA:408,41,1,0
BRDA:419,42,0,0
BRDA:419,42,1,0
BRDA:421,43,0,0
BRDA:421,43,1,0
BRDA:432,44,0,0
BRDA:432,44,1,0
BRDA:442,45,0,0
BRDA:442,45,1,0
BRDA:444,46,0,0
BRDA:444,46,1,0
BRDA:478,47,0,0
BRDA:478,47,1,0
BRDA:479,48,0,0
BRDA:479,48,1,0
BRDA:480,49,0,0
BRDA:480,49,1,0
BRDA:481,50,0,0
BRDA:481,50,1,0
BRDA:549,51,0,0
BRDA:549,51,1,0
BRDA:568,52,0,0
BRDA:568,52,1,0
BRDA:574,53,0,0
BRDA:574,53,1,0
BRDA:579,54,0,0
BRDA:579,54,1,0
BRDA:580,55,0,0
BRDA:580,55,1,0
BRDA:584,56,0,0
BRDA:584,56,1,0
BRDA:599,57,0,0
BRDA:599,57,1,0
BRDA:605,58,0,0
BRDA:605,58,1,0
BRDA:606,59,0,0
BRDA:606,59,1,0
BRDA:607,60,0,0
BRDA:607,60,1,0
BRDA:611,61,0,0
BRDA:611,61,1,0
BRDA:628,62,0,0
BRDA:628,62,1,0
BRDA:662,63,0,0
BRDA:662,63,1,0
BRDA:662,64,0,0
BRDA:662,64,1,0
BRDA:665,65,0,0
BRDA:665,65,1,0
BRDA:669,66,0,0
BRDA:669,66,1,0
BRDA:669,67,0,0
BRDA:669,67,1,0
BRDA:673,68,0,0
BRDA:673,68,1,0
BRDA:673,69,0,0
BRDA:673,69,1,0
BRDA:673,69,2,0
BRDA:677,70,0,0
BRDA:677,70,1,0
BRDA:679,71,0,0
BRDA:679,71,1,0
BRDA:679,72,0,0
BRDA:679,72,1,0
BRDA:691,73,0,0
BRDA:691,73,1,0
BRDA:737,74,0,0
BRDA:737,74,1,0
BRDA:737,75,0,0
BRDA:737,75,1,0
BRDA:748,76,0,0
BRDA:748,76,1,0
BRDA:777,77,0,0
BRDA:777,77,1,0
BRDA:778,78,0,0
BRDA:778,78,1,0
BRDA:778,79,0,0
BRDA:778,79,1,0
BRDA:778,79,2,0
BRDA:785,80,0,0
BRDA:785,80,1,0
BRDA:788,81,0,0
BRDA:788,81,1,0
BRDA:795,82,0,0
BRDA:795,82,1,0
BRDA:801,83,0,0
BRDA:801,83,1,0
BRDA:802,84,0,0
BRDA:802,84,1,0
BRDA:802,85,0,0
BRDA:802,85,1,0
BRDA:809,86,0,0
BRDA:809,86,1,0
BRDA:877,87,0,0
BRDA:877,87,1,0
BRDA:880,88,0,0
BRDA:880,88,1,0
BRDA:886,89,0,0
BRDA:886,89,1,0
BRDA:892,90,0,0
BRDA:892,90,1,0
BRDA:899,91,0,0
BRDA:899,91,1,0
BRF:189
BRH:0
end_of_record
TN:
SF:src/js/utils/loading-manager.js
FN:10,(anonymous_0)
FN:21,(anonymous_1)
FN:47,(anonymous_2)
FN:64,(anonymous_3)
FN:129,(anonymous_4)
FN:138,(anonymous_5)
FN:149,(anonymous_6)
FN:189,(anonymous_7)
FN:221,(anonymous_8)
FN:231,(anonymous_9)
FN:246,(anonymous_10)
FN:272,(anonymous_11)
FN:290,(anonymous_12)
FN:310,(anonymous_13)
FN:316,(anonymous_14)
FN:332,(anonymous_15)
FN:339,(anonymous_16)
FN:345,(anonymous_17)
FN:347,(anonymous_18)
FN:362,(anonymous_19)
FN:389,(anonymous_20)
FN:394,(anonymous_21)
FN:411,(anonymous_22)
FN:424,(anonymous_23)
FN:469,(anonymous_24)
FN:480,(anonymous_25)
FN:483,(anonymous_26)
FN:497,(anonymous_27)
FN:502,(anonymous_28)
FNF:29
FNH:0
FNDA:0,(anonymous_0)
FNDA:0,(anonymous_1)
FNDA:0,(anonymous_2)
FNDA:0,(anonymous_3)
FNDA:0,(anonymous_4)
FNDA:0,(anonymous_5)
FNDA:0,(anonymous_6)
FNDA:0,(anonymous_7)
FNDA:0,(anonymous_8)
FNDA:0,(anonymous_9)
FNDA:0,(anonymous_10)
FNDA:0,(anonymous_11)
FNDA:0,(anonymous_12)
FNDA:0,(anonymous_13)
FNDA:0,(anonymous_14)
FNDA:0,(anonymous_15)
FNDA:0,(anonymous_16)
FNDA:0,(anonymous_17)
FNDA:0,(anonymous_18)
FNDA:0,(anonymous_19)
FNDA:0,(anonymous_20)
FNDA:0,(anonymous_21)
FNDA:0,(anonymous_22)
FNDA:0,(anonymous_23)
FNDA:0,(anonymous_24)
FNDA:0,(anonymous_25)
FNDA:0,(anonymous_26)
FNDA:0,(anonymous_27)
FNDA:0,(anonymous_28)
DA:11,0
DA:12,0
DA:22,0
DA:23,0
DA:25,0
DA:26,0
DA:29,0
DA:36,0
DA:37,0
DA:39,0
DA:48,0
DA:49,0
DA:51,0
DA:52,0
DA:55,0
DA:56,0
DA:70,0
DA:73,0
DA:76,0
DA:79,0
DA:80,0
DA:81,0
DA:82,0
DA:83,0
DA:84,0
DA:86,0
DA:119,0
DA:122,0
DA:123,0
DA:126,0
DA:127,0
DA:128,0
DA:129,0
DA:130,0
DA:131,0
DA:132,0
DA:138,0
DA:139,0
DA:150,0
DA:152,0
DA:153,0
DA:154,0
DA:156,0
DA:158,0
DA:159,0
DA:160,0
DA:163,0
DA:164,0
DA:167,0
DA:168,0
DA:171,0
DA:172,0
DA:173,0
DA:174,0
DA:179,0
DA:180,0
DA:190,0
DA:192,0
DA:193,0
DA:196,0
DA:197,0
DA:200,0
DA:201,0
DA:202,0
DA:204,0
DA:205,0
DA:207,0
DA:208,0
DA:210,0
DA:211,0
DA:213,0
DA:222,0
DA:224,0
DA:225,0
DA:226,0
DA:227,0
DA:230,0
DA:231,0
DA:232,0
DA:233,0
DA:235,0
DA:247,0
DA:248,0
DA:250,0
DA:251,0
DA:254,0
DA:261,0
DA:262,0
DA:264,0
DA:273,0
DA:274,0
DA:276,0
DA:277,0
DA:280,0
DA:281,0
DA:291,0
DA:293,0
DA:295,0
DA:297,0
DA:299,0
DA:301,0
DA:311,0
DA:313,0
DA:316,0
DA:333,0
DA:335,0
DA:339,0
DA:345,0
DA:347,0
DA:363,0
DA:365,0
DA:390,0
DA:392,0
DA:394,0
DA:412,0
DA:413,0
DA:415,0
DA:425,0
DA:427,0
DA:429,0
DA:436,0
DA:438,0
DA:439,0
DA:441,0
DA:450,0
DA:452,0
DA:455,0
DA:470,0
DA:471,0
DA:472,0
DA:481,0
DA:483,0
DA:499,0
DA:502,0
DA:503,0
DA:504,0
DA:505,0
DA:506,0
DA:510,0
DA:515,0
LF:140
LH:0
BRDA:21,0,0,0
BRDA:21,1,0,0
BRDA:22,2,0,0
BRDA:22,2,1,0
BRDA:23,3,0,0
BRDA:23,3,1,0
BRDA:47,4,0,0
BRDA:49,5,0,0
BRDA:49,5,1,0
BRDA:51,6,0,0
BRDA:51,6,1,0
BRDA:64,7,0,0
BRDA:64,8,0,0
BRDA:66,9,0,0
BRDA:67,10,0,0
BRDA:68,11,0,0
BRDA:69,12,0,0
BRDA:93,13,0,0
BRDA:93,13,1,0
BRDA:110,14,0,0
BRDA:110,14,1,0
BRDA:126,15,0,0
BRDA:126,15,1,0
BRDA:126,16,0,0
BRDA:126,16,1,0
BRDA:128,17,0,0
BRDA:128,17,1,0
BRDA:149,18,0,0
BRDA:149,19,0,0
BRDA:150,20,0,0
BRDA:150,20,1,0
BRDA:158,21,0,0
BRDA:158,21,1,0
BRDA:163,22,0,0
BRDA:163,22,1,0
BRDA:167,23,0,0
BRDA:167,23,1,0
BRDA:167,24,0,0
BRDA:167,24,1,0
BRDA:171,25,0,0
BRDA:171,25,1,0
BRDA:173,26,0,0
BRDA:173,26,1,0
BRDA:173,27,0,0
BRDA:173,27,1,0
BRDA:179,28,0,0
BRDA:179,28,1,0
BRDA:190,29,0,0
BRDA:190,29,1,0
BRDA:193,30,0,0
BRDA:193,30,1,0
BRDA:201,31,0,0
BRDA:201,31,1,0
BRDA:202,32,0,0
BRDA:202,32,1,0
BRDA:202,32,2,0
BRDA:202,32,3,0
BRDA:210,33,0,0
BRDA:210,33,1,0
BRDA:213,34,0,0
BRDA:213,34,1,0
BRDA:222,35,0,0
BRDA:222,35,1,0
BRDA:225,36,0,0
BRDA:225,36,1,0
BRDA:232,37,0,0
BRDA:232,37,1,0
BRDA:232,38,0,0
BRDA:232,38,1,0
BRDA:246,39,0,0
BRDA:246,40,0,0
BRDA:247,41,0,0
BRDA:247,41,1,0
BRDA:248,42,0,0
BRDA:248,42,1,0
BRDA:272,43,0,0
BRDA:274,44,0,0
BRDA:274,44,1,0
BRDA:276,45,0,0
BRDA:276,45,1,0
BRDA:290,46,0,0
BRDA:291,47,0,0
BRDA:291,47,1,0
BRDA:291,47,2,0
BRDA:291,47,3,0
BRDA:291,47,4,0
BRDA:310,48,0,0
BRDA:311,49,0,0
BRDA:332,50,0,0
BRDA:333,51,0,0
BRDA:333,52,0,0
BRDA:362,53,0,0
BRDA:363,54,0,0
BRDA:363,55,0,0
BRDA:367,56,0,0
BRDA:367,56,1,0
BRDA:368,57,0,0
BRDA:368,57,1,0
BRDA:389,58,0,0
BRDA:390,59,0,0
BRDA:412,60,0,0
BRDA:412,60,1,0
BRDA:415,61,0,0
BRDA:415,61,1,0
BRDA:427,62,0,0
BRDA:427,62,1,0
BRDA:427,62,2,0
BRDA:427,62,3,0
BRDA:470,63,0,0
BRDA:470,63,1,0
BRDA:471,64,0,0
BRDA:471,64,1,0
BRDA:484,65,0,0
BRDA:484,65,1,0
BRDA:503,66,0,0
BRDA:503,66,1,0
BRDA:505,67,0,0
BRDA:505,67,1,0
BRF:118
BRH:0
end_of_record
TN:
SF:src/js/utils/tooltips.js
FN:11,initTooltips
FN:14,(anonymous_1)
FN:57,showTooltip
FN:79,hideTooltip
FN:94,positionTooltip
FN:105,(anonymous_5)
FN:131,announceTooltip
FN:160,addTooltip
FN:178,createGuidancePanel
FN:200,(anonymous_9)
FN:204,(anonymous_10)
FN:214,(anonymous_11)
FN:226,createTutorial
FN:243,showTutorialStep
FN:298,positionHighlight
FN:322,positionTooltipNearTarget
FN:369,prevStep
FN:386,nextStep
FN:407,completeTutorial
FNF:19
FNH:0
FNDA:0,initTooltips
FNDA:0,(anonymous_1)
FNDA:0,showTooltip
FNDA:0,hideTooltip
FNDA:0,positionTooltip
FNDA:0,(anonymous_5)
FNDA:0,announceTooltip
FNDA:0,addTooltip
FNDA:0,createGuidancePanel
FNDA:0,(anonymous_9)
FNDA:0,(anonymous_10)
FNDA:0,(anonymous_11)
FNDA:0,createTutorial
FNDA:0,showTutorialStep
FNDA:0,positionHighlight
FNDA:0,positionTooltipNearTarget
FNDA:0,prevStep
FNDA:0,nextStep
FNDA:0,completeTutorial
DA:12,0
DA:14,0
DA:16,0
DA:17,0
DA:18,0
DA:19,0
DA:20,0
DA:21,0
DA:24,0
DA:25,0
DA:28,0
DA:31,0
DA:32,0
DA:37,0
DA:38,0
DA:39,0
DA:40,0
DA:43,0
DA:44,0
DA:47,0
DA:48,0
DA:49,0
DA:58,0
DA:59,0
DA:61,0
DA:63,0
DA:66,0
DA:67,0
DA:70,0
DA:71,0
DA:80,0
DA:81,0
DA:83,0
DA:84,0
DA:85,0
DA:96,0
DA:99,0
DA:102,0
DA:105,0
DA:106,0
DA:107,0
DA:108,0
DA:111,0
DA:112,0
DA:113,0
DA:114,0
DA:115,0
DA:116,0
DA:117,0
DA:118,0
DA:119,0
DA:120,0
DA:121,0
DA:122,0
DA:133,0
DA:135,0
DA:136,0
DA:137,0
DA:138,0
DA:139,0
DA:140,0
DA:141,0
DA:145,0
DA:148,0
DA:151,0
DA:161,0
DA:163,0
DA:164,0
DA:167,0
DA:179,0
DA:182,0
DA:183,0
DA:184,0
DA:187,0
DA:198,0
DA:199,0
DA:200,0
DA:201,0
DA:204,0
DA:205,0
DA:211,0
DA:214,0
DA:215,0
DA:218,0
DA:227,0
DA:229,0
DA:232,0
DA:233,0
DA:234,0
DA:237,0
DA:245,0
DA:246,0
DA:247,0
DA:248,0
DA:249,0
DA:253,0
DA:256,0
DA:257,0
DA:258,0
DA:271,0
DA:274,0
DA:277,0
DA:278,0
DA:280,0
DA:281,0
DA:284,0
DA:285,0
DA:289,0
DA:290,0
DA:299,0
DA:302,0
DA:303,0
DA:304,0
DA:305,0
DA:306,0
DA:310,0
DA:311,0
DA:312,0
DA:313,0
DA:323,0
DA:324,0
DA:327,0
DA:329,0
DA:330,0
DA:331,0
DA:333,0
DA:334,0
DA:335,0
DA:337,0
DA:338,0
DA:339,0
DA:341,0
DA:342,0
DA:343,0
DA:345,0
DA:346,0
DA:350,0
DA:351,0
DA:353,0
DA:354,0
DA:355,0
DA:356,0
DA:359,0
DA:360,0
DA:361,0
DA:362,0
DA:370,0
DA:372,0
DA:373,0
DA:374,0
DA:378,0
DA:379,0
DA:388,0
DA:389,0
DA:390,0
DA:394,0
DA:395,0
DA:396,0
DA:400,0
DA:401,0
DA:409,0
DA:412,0
DA:413,0
LF:163
LH:0
BRDA:11,0,0,0
BRDA:17,1,0,0
BRDA:17,1,1,0
BRDA:31,2,0,0
BRDA:31,2,1,0
BRDA:43,3,0,0
BRDA:43,3,1,0
BRDA:61,4,0,0
BRDA:61,4,1,0
BRDA:83,5,0,0
BRDA:83,5,1,0
BRDA:96,6,0,0
BRDA:96,6,1,0
BRDA:111,7,0,0
BRDA:111,7,1,0
BRDA:114,8,0,0
BRDA:114,8,1,0
BRDA:117,9,0,0
BRDA:117,9,1,0
BRDA:120,10,0,0
BRDA:120,10,1,0
BRDA:135,11,0,0
BRDA:135,11,1,0
BRDA:160,12,0,0
BRDA:161,13,0,0
BRDA:161,13,1,0
BRDA:179,14,0,0
BRDA:179,14,1,0
BRDA:184,15,0,0
BRDA:184,15,1,0
BRDA:199,16,0,0
BRDA:199,16,1,0
BRDA:227,17,0,0
BRDA:227,17,1,0
BRDA:227,18,0,0
BRDA:227,18,1,0
BRDA:246,19,0,0
BRDA:246,19,1,0
BRDA:264,20,0,0
BRDA:264,20,1,0
BRDA:266,21,0,0
BRDA:266,21,1,0
BRDA:271,22,0,0
BRDA:271,22,1,0
BRDA:280,23,0,0
BRDA:280,23,1,0
BRDA:284,24,0,0
BRDA:284,24,1,0
BRDA:289,25,0,0
BRDA:289,25,1,0
BRDA:289,26,0,0
BRDA:289,26,1,0
BRDA:303,27,0,0
BRDA:303,27,1,0
BRDA:327,28,0,0
BRDA:327,28,1,0
BRDA:327,28,2,0
BRDA:327,28,3,0
BRDA:327,28,4,0
BRDA:353,29,0,0
BRDA:353,29,1,0
BRDA:355,30,0,0
BRDA:355,30,1,0
BRDA:359,31,0,0
BRDA:359,31,1,0
BRDA:361,32,0,0
BRDA:361,32,1,0
BRDA:370,33,0,0
BRDA:370,33,1,0
BRDA:373,34,0,0
BRDA:373,34,1,0
BRDA:389,35,0,0
BRDA:389,35,1,0
BRDA:394,36,0,0
BRDA:394,36,1,0
BRDA:412,37,0,0
BRDA:412,37,1,0
BRDA:412,38,0,0
BRDA:412,38,1,0
BRF:79
BRH:0
end_of_record
TN:
SF:src/js/utils/translations.js
FN:492,getTranslation
FN:511,getTranslations
FN:519,getAvailableLanguages
FNF:3
FNH:0
FNDA:0,getTranslation
FNDA:0,getTranslations
FNDA:0,getAvailableLanguages
DA:7,0
DA:244,0
DA:481,0
DA:493,0
DA:494,0
DA:496,0
DA:497,0
DA:498,0
DA:499,0
DA:503,0
DA:512,0
DA:520,0
LF:12
LH:0
BRDA:492,0,0,0
BRDA:494,1,0,0
BRDA:494,1,1,0
BRDA:498,2,0,0
BRDA:498,2,1,0
BRDA:511,3,0,0
BRDA:512,4,0,0
BRDA:512,4,1,0
BRF:8
BRH:0
end_of_record
TN:
SF:src/js/utils/validators.js
FN:11,isNumber
FN:20,isPositiveNumber
FN:31,isInRange
FN:40,isValidInterestRate
FN:49,isValidInflationRate
FN:58,isValidLoanTerm
FN:67,isValidDate
FN:81,isNotEmpty
FN:92,getValidationErrorMessage
FNF:9
FNH:0
FNDA:0,isNumber
FNDA:0,isPositiveNumber
FNDA:0,isInRange
FNDA:0,isValidInterestRate
FNDA:0,isValidInflationRate
FNDA:0,isValidLoanTerm
FNDA:0,isValidDate
FNDA:0,isNotEmpty
FNDA:0,getValidationErrorMessage
DA:12,0
DA:21,0
DA:32,0
DA:41,0
DA:50,0
DA:59,0
DA:68,0
DA:69,0
DA:72,0
DA:73,0
DA:82,0
DA:93,0
DA:104,0
LF:13
LH:0
BRDA:12,0,0,0
BRDA:12,0,1,0
BRDA:21,1,0,0
BRDA:21,1,1,0
BRDA:32,2,0,0
BRDA:32,2,1,0
BRDA:32,2,2,0
BRDA:59,3,0,0
BRDA:59,3,1,0
BRDA:59,3,2,0
BRDA:68,4,0,0
BRDA:68,4,1,0
BRDA:82,5,0,0
BRDA:82,5,1,0
BRDA:82,5,2,0
BRDA:92,6,0,0
BRDA:104,7,0,0
BRDA:104,7,1,0
BRF:18
BRH:0
end_of_record
TN:
SF:src/js/utils/virtual-scroller.js
FN:8,(anonymous_0)
FN:12,(anonymous_1)
FN:13,(anonymous_2)
FN:40,(anonymous_3)
FN:53,(anonymous_4)
FN:100,(anonymous_5)
FN:106,(anonymous_6)
FN:114,(anonymous_7)
FN:123,(anonymous_8)
FN:142,(anonymous_9)
FN:160,(anonymous_10)
FN:171,(anonymous_11)
FN:186,(anonymous_12)
FN:195,(anonymous_13)
FN:240,(anonymous_14)
FN:242,(anonymous_15)
FN:251,(anonymous_16)
FN:265,(anonymous_17)
FN:276,(anonymous_18)
FN:287,(anonymous_19)
FN:304,(anonymous_20)
FN:314,(anonymous_21)
FN:324,(anonymous_22)
FN:339,(anonymous_23)
FN:374,(anonymous_24)
FN:390,(anonymous_25)
FN:410,(anonymous_26)
FN:425,(anonymous_27)
FN:444,(anonymous_28)
FN:463,(anonymous_29)
FN:474,(anonymous_30)
FN:485,(anonymous_31)
FN:489,(anonymous_32)
FN:494,(anonymous_33)
FNF:34
FNH:0
FNDA:0,(anonymous_0)
FNDA:0,(anonymous_1)
FNDA:0,(anonymous_2)
FNDA:0,(anonymous_3)
FNDA:0,(anonymous_4)
FNDA:0,(anonymous_5)
FNDA:0,(anonymous_6)
FNDA:0,(anonymous_7)
FNDA:0,(anonymous_8)
FNDA:0,(anonymous_9)
FNDA:0,(anonymous_10)
FNDA:0,(anonymous_11)
FNDA:0,(anonymous_12)
FNDA:0,(anonymous_13)
FNDA:0,(anonymous_14)
FNDA:0,(anonymous_15)
FNDA:0,(anonymous_16)
FNDA:0,(anonymous_17)
FNDA:0,(anonymous_18)
FNDA:0,(anonymous_19)
FNDA:0,(anonymous_20)
FNDA:0,(anonymous_21)
FNDA:0,(anonymous_22)
FNDA:0,(anonymous_23)
FNDA:0,(anonymous_24)
FNDA:0,(anonymous_25)
FNDA:0,(anonymous_26)
FNDA:0,(anonymous_27)
FNDA:0,(anonymous_28)
FNDA:0,(anonymous_29)
FNDA:0,(anonymous_30)
FNDA:0,(anonymous_31)
FNDA:0,(anonymous_32)
FNDA:0,(anonymous_33)
DA:9,0
DA:10,0
DA:11,0
DA:12,0
DA:13,0
DA:16,0
DA:17,0
DA:18,0
DA:19,0
DA:20,0
DA:21,0
DA:24,0
DA:25,0
DA:26,0
DA:27,0
DA:30,0
DA:31,0
DA:32,0
DA:34,0
DA:41,0
DA:42,0
DA:45,0
DA:46,0
DA:47,0
DA:55,0
DA:58,0
DA:59,0
DA:60,0
DA:68,0
DA:69,0
DA:70,0
DA:76,0
DA:77,0
DA:78,0
DA:83,0
DA:84,0
DA:85,0
DA:91,0
DA:92,0
DA:93,0
DA:94,0
DA:102,0
DA:105,0
DA:106,0
DA:107,0
DA:108,0
DA:110,0
DA:114,0
DA:115,0
DA:116,0
DA:124,0
DA:127,0
DA:130,0
DA:131,0
DA:135,0
DA:136,0
DA:137,0
DA:138,0
DA:142,0
DA:143,0
DA:144,0
DA:151,0
DA:161,0
DA:163,0
DA:164,0
DA:165,0
DA:172,0
DA:174,0
DA:175,0
DA:178,0
DA:179,0
DA:187,0
DA:188,0
DA:189,0
DA:196,0
DA:199,0
DA:200,0
DA:203,0
DA:204,0
DA:207,0
DA:210,0
DA:212,0
DA:213,0
DA:214,0
DA:217,0
DA:224,0
DA:225,0
DA:227,0
DA:231,0
DA:234,0
DA:241,0
DA:242,0
DA:243,0
DA:252,0
DA:254,0
DA:255,0
DA:266,0
DA:277,0
DA:288,0
DA:305,0
DA:306,0
DA:307,0
DA:308,0
DA:315,0
DA:316,0
DA:317,0
DA:325,0
DA:341,0
DA:342,0
DA:346,0
DA:347,0
DA:351,0
DA:352,0
DA:356,0
DA:357,0
DA:361,0
DA:362,0
DA:363,0
DA:364,0
DA:365,0
DA:366,0
DA:376,0
DA:378,0
DA:380,0
DA:381,0
DA:382,0
DA:384,0
DA:392,0
DA:393,0
DA:396,0
DA:397,0
DA:401,0
DA:411,0
DA:412,0
DA:413,0
DA:425,0
DA:426,0
DA:427,0
DA:428,0
DA:439,0
DA:442,0
DA:443,0
DA:444,0
DA:445,0
DA:449,0
DA:453,0
DA:456,0
DA:465,0
DA:475,0
DA:476,0
DA:477,0
DA:485,0
DA:486,0
DA:489,0
DA:490,0
DA:494,0
DA:495,0
DA:496,0
DA:497,0
DA:511,0
DA:514,0
DA:515,0
DA:519,0
DA:520,0
DA:521,0
DA:522,0
DA:524,0
DA:528,0
DA:530,0
DA:533,0
LF:170
LH:0
BRDA:8,0,0,0
BRDA:10,1,0,0
BRDA:10,1,1,0
BRDA:11,2,0,0
BRDA:11,2,1,0
BRDA:12,3,0,0
BRDA:12,3,1,0
BRDA:13,4,0,0
BRDA:13,4,1,0
BRDA:41,5,0,0
BRDA:41,5,1,0
BRDA:105,6,0,0
BRDA:105,6,1,0
BRDA:130,7,0,0
BRDA:130,7,1,0
BRDA:135,8,0,0
BRDA:135,8,1,0
BRDA:161,9,0,0
BRDA:161,9,1,0
BRDA:172,10,0,0
BRDA:172,10,1,0
BRDA:172,11,0,0
BRDA:172,11,1,0
BRDA:187,12,0,0
BRDA:187,12,1,0
BRDA:196,13,0,0
BRDA:196,13,1,0
BRDA:196,14,0,0
BRDA:196,14,1,0
BRDA:251,15,0,0
BRDA:252,16,0,0
BRDA:252,16,1,0
BRDA:252,17,0,0
BRDA:252,17,1,0
BRDA:265,18,0,0
BRDA:276,19,0,0
BRDA:289,20,0,0
BRDA:289,20,1,0
BRDA:341,21,0,0
BRDA:341,21,1,0
BRDA:346,22,0,0
BRDA:346,22,1,0
BRDA:351,23,0,0
BRDA:351,23,1,0
BRDA:356,24,0,0
BRDA:356,24,1,0
BRDA:374,25,0,0
BRDA:376,26,0,0
BRDA:376,26,1,0
BRDA:380,27,0,0
BRDA:380,27,1,0
BRDA:381,28,0,0
BRDA:381,28,1,0
BRDA:396,29,0,0
BRDA:396,29,1,0
BRDA:396,30,0,0
BRDA:396,30,1,0
BRDA:429,31,0,0
BRDA:429,31,1,0
BRDA:435,32,0,0
BRDA:435,32,1,0
BRDA:436,33,0,0
BRDA:436,33,1,0
BRDA:439,34,0,0
BRDA:439,34,1,0
BRDA:442,35,0,0
BRDA:442,35,1,0
BRDA:480,36,0,0
BRDA:480,36,1,0
BRDA:490,37,0,0
BRDA:490,37,1,0
BRDA:498,38,0,0
BRDA:498,38,1,0
BRDA:503,39,0,0
BRDA:503,39,1,0
BRDA:504,40,0,0
BRDA:504,40,1,0
BRDA:514,41,0,0
BRDA:514,41,1,0
BRDA:514,42,0,0
BRDA:514,42,1,0
BRDA:519,43,0,0
BRDA:519,43,1,0
BRDA:519,44,0,0
BRDA:519,44,1,0
BRDA:521,45,0,0
BRDA:521,45,1,0
BRDA:524,46,0,0
BRDA:524,46,1,0
BRF:89
BRH:0
end_of_record
TN:
SF:src/js/workers/calculation-worker.js
FN:18,(anonymous_0)
FN:34,(anonymous_1)
FN:46,(anonymous_2)
FN:54,(anonymous_3)
FN:154,(anonymous_4)
FN:173,(anonymous_5)
FN:174,(anonymous_6)
FN:189,(anonymous_7)
FN:211,(anonymous_8)
FN:218,(anonymous_9)
FN:233,(anonymous_10)
FN:234,(anonymous_11)
FN:235,(anonymous_12)
FN:236,(anonymous_13)
FN:253,(anonymous_14)
FN:343,(anonymous_15)
FNF:16
FNH:0
FNDA:0,(anonymous_0)
FNDA:0,(anonymous_1)
FNDA:0,(anonymous_2)
FNDA:0,(anonymous_3)
FNDA:0,(anonymous_4)
FNDA:0,(anonymous_5)
FNDA:0,(anonymous_6)
FNDA:0,(anonymous_7)
FNDA:0,(anonymous_8)
FNDA:0,(anonymous_9)
FNDA:0,(anonymous_10)
FNDA:0,(anonymous_11)
FNDA:0,(anonymous_12)
FNDA:0,(anonymous_13)
FNDA:0,(anonymous_14)
FNDA:0,(anonymous_15)
DA:19,0
DA:20,0
DA:22,0
DA:23,0
DA:25,0
DA:28,0
DA:35,0
DA:36,0
DA:37,0
DA:39,0
DA:47,0
DA:48,0
DA:60,0
DA:63,0
DA:64,0
DA:65,0
DA:68,0
DA:69,0
DA:72,0
DA:73,0
DA:74,0
DA:77,0
DA:78,0
DA:82,0
DA:83,0
DA:84,0
DA:87,0
DA:88,0
DA:91,0
DA:92,0
DA:95,0
DA:96,0
DA:100,0
DA:101,0
DA:102,0
DA:103,0
DA:104,0
DA:107,0
DA:115,0
DA:117,0
DA:118,0
DA:122,0
DA:123,0
DA:124,0
DA:127,0
DA:130,0
DA:139,0
DA:142,0
DA:143,0
DA:144,0
DA:154,0
DA:155,0
DA:159,0
DA:162,0
DA:163,0
DA:168,0
DA:169,0
DA:173,0
DA:174,0
DA:175,0
DA:177,0
DA:190,0
DA:192,0
DA:194,0
DA:195,0
DA:197,0
DA:198,0
DA:201,0
DA:202,0
DA:205,0
DA:212,0
DA:213,0
DA:216,0
DA:218,0
DA:219,0
DA:221,0
DA:233,0
DA:234,0
DA:235,0
DA:236,0
DA:238,0
DA:253,0
DA:254,0
DA:256,0
DA:257,0
DA:259,0
DA:267,0
DA:269,0
DA:278,0
DA:279,0
DA:280,0
DA:286,0
DA:294,0
DA:298,0
DA:305,0
DA:310,0
DA:314,0
DA:319,0
DA:324,0
DA:328,0
DA:331,0
DA:343,0
DA:344,0
LF:103
LH:0
BRDA:22,0,0,0
BRDA:22,0,1,0
BRDA:23,1,0,0
BRDA:23,1,1,0
BRDA:35,2,0,0
BRDA:35,2,1,0
BRDA:35,2,2,0
BRDA:35,2,3,0
BRDA:54,3,0,0
BRDA:56,4,0,0
BRDA:57,5,0,0
BRDA:58,6,0,0
BRDA:59,7,0,0
BRDA:63,8,0,0
BRDA:63,8,1,0
BRDA:64,9,0,0
BRDA:64,9,1,0
BRDA:64,10,0,0
BRDA:64,10,1,0
BRDA:68,11,0,0
BRDA:68,11,1,0
BRDA:73,12,0,0
BRDA:73,12,1,0
BRDA:73,13,0,0
BRDA:73,13,1,0
BRDA:73,13,2,0
BRDA:77,14,0,0
BRDA:77,14,1,0
BRDA:77,15,0,0
BRDA:77,15,1,0
BRDA:77,15,2,0
BRDA:84,16,0,0
BRDA:84,16,1,0
BRDA:84,17,0,0
BRDA:84,17,1,0
BRDA:87,18,0,0
BRDA:87,18,1,0
BRDA:87,19,0,0
BRDA:87,19,1,0
BRDA:91,20,0,0
BRDA:91,20,1,0
BRDA:91,21,0,0
BRDA:91,21,1,0
BRDA:95,22,0,0
BRDA:95,22,1,0
BRDA:115,23,0,0
BRDA:115,23,1,0
BRDA:117,24,0,0
BRDA:117,24,1,0
BRDA:142,25,0,0
BRDA:142,25,1,0
BRDA:162,26,0,0
BRDA:162,26,1,0
BRDA:162,27,0,0
BRDA:162,27,1,0
BRDA:168,28,0,0
BRDA:168,28,1,0
BRDA:168,29,0,0
BRDA:168,29,1,0
BRDA:175,30,0,0
BRDA:175,30,1,0
BRDA:192,31,0,0
BRDA:192,31,1,0
BRDA:192,31,2,0
BRDA:192,31,3,0
BRDA:212,32,0,0
BRDA:212,32,1,0
BRDA:212,33,0,0
BRDA:212,33,1,0
BRDA:257,34,0,0
BRDA:257,34,1,0
BRDA:257,34,2,0
BRDA:257,34,3,0
BRDA:279,35,0,0
BRDA:279,35,1,0
BRDA:279,36,0,0
BRDA:279,36,1,0
BRF:77
BRH:0
end_of_record
